{"/Users/admin/projects/comapny-website/src/app/layout.tsx": {"path":"/Users/admin/projects/comapny-website/src/app/layout.tsx","statementMap":{"0":{"start":{"line":342,"column":24},"end":{"line":342,"column":35}},"1":{"start":{"line":25,"column":13},"end":{"line":25,"column":21}},"2":{"start":{"line":2,"column":22},"end":{"line":2,"column":null}},"3":{"start":{"line":3,"column":7},"end":{"line":3,"column":null}},"4":{"start":{"line":4,"column":19},"end":{"line":4,"column":null}},"5":{"start":{"line":8,"column":25},"end":{"line":8,"column":null}},"6":{"start":{"line":10,"column":35},"end":{"line":10,"column":null}},"7":{"start":{"line":11,"column":27},"end":{"line":11,"column":null}},"8":{"start":{"line":12,"column":38},"end":{"line":12,"column":null}},"9":{"start":{"line":17,"column":14},"end":{"line":23,"column":null}},"10":{"start":{"line":25,"column":34},"end":{"line":88,"column":null}},"11":{"start":{"line":90,"column":27},"end":{"line":126,"column":null}},"12":{"start":{"line":128,"column":22},"end":{"line":142,"column":null}},"13":{"start":{"line":144,"column":22},"end":{"line":234,"column":null}},"14":{"start":{"line":237,"column":18},"end":{"line":274,"column":null}},"15":{"start":{"line":277,"column":28},"end":{"line":340,"column":null}}},"fnMap":{"0":{"name":"RootLayout","decl":{"start":{"line":342,"column":24},"end":{"line":342,"column":35}},"loc":{"start":{"line":346,"column":2},"end":{"line":457,"column":1}}}},"branchMap":{},"s":{"0":0,"1":0,"2":0,"3":0,"4":0,"5":0,"6":0,"7":0,"8":0,"9":0,"10":0,"11":0,"12":0,"13":0,"14":0,"15":0},"f":{"0":0},"b":{}}
,"/Users/admin/projects/comapny-website/src/app/loading.tsx": {"path":"/Users/admin/projects/comapny-website/src/app/loading.tsx","statementMap":{"0":{"start":{"line":1,"column":24},"end":{"line":1,"column":null}}},"fnMap":{"0":{"name":"Loading","decl":{"start":{"line":1,"column":24},"end":{"line":1,"column":null}},"loc":{"start":{"line":1,"column":24},"end":{"line":13,"column":null}}}},"branchMap":{},"s":{"0":0},"f":{"0":0},"b":{}}
,"/Users/admin/projects/comapny-website/src/app/metadata.ts": {"path":"/Users/admin/projects/comapny-website/src/app/metadata.ts","statementMap":{"0":{"start":{"line":3,"column":13},"end":{"line":3,"column":34}},"1":{"start":{"line":3,"column":34},"end":{"line":41,"column":null}}},"fnMap":{},"branchMap":{},"s":{"0":0,"1":0},"f":{},"b":{}}
,"/Users/admin/projects/comapny-website/src/app/page.tsx": {"path":"/Users/admin/projects/comapny-website/src/app/page.tsx","statementMap":{"0":{"start":{"line":29,"column":24},"end":{"line":29,"column":null}},"1":{"start":{"line":5,"column":13},"end":{"line":5,"column":21}},"2":{"start":{"line":1,"column":17},"end":{"line":1,"column":null}},"3":{"start":{"line":3,"column":64},"end":{"line":3,"column":null}},"4":{"start":{"line":5,"column":34},"end":{"line":27,"column":null}},"5":{"start":{"line":30,"column":28},"end":{"line":35,"column":null}}},"fnMap":{"0":{"name":"HomePage","decl":{"start":{"line":29,"column":24},"end":{"line":29,"column":null}},"loc":{"start":{"line":29,"column":24},"end":{"line":234,"column":1}}}},"branchMap":{},"s":{"0":0,"1":0,"2":0,"3":0,"4":0,"5":0},"f":{"0":0},"b":{}}
,"/Users/admin/projects/comapny-website/src/app/sitemap.ts": {"path":"/Users/admin/projects/comapny-website/src/app/sitemap.ts","statementMap":{"0":{"start":{"line":3,"column":24},"end":{"line":3,"column":null}},"1":{"start":{"line":148,"column":13},"end":{"line":148,"column":21}},"2":{"start":{"line":4,"column":18},"end":{"line":4,"column":null}},"3":{"start":{"line":5,"column":22},"end":{"line":5,"column":null}},"4":{"start":{"line":8,"column":22},"end":{"line":87,"column":null}},"5":{"start":{"line":90,"column":20},"end":{"line":115,"column":null}},"6":{"start":{"line":118,"column":24},"end":{"line":137,"column":null}},"7":{"start":{"line":144,"column":19},"end":{"line":144,"column":42}},"8":{"start":{"line":148,"column":24},"end":{"line":154,"column":null}}},"fnMap":{"0":{"name":"sitemap","decl":{"start":{"line":3,"column":24},"end":{"line":3,"column":null}},"loc":{"start":{"line":3,"column":24},"end":{"line":145,"column":1}}},"1":{"name":"(anonymous_4)","decl":{"start":{"line":144,"column":9},"end":{"line":144,"column":10}},"loc":{"start":{"line":144,"column":19},"end":{"line":144,"column":42}}}},"branchMap":{},"s":{"0":0,"1":0,"2":0,"3":0,"4":0,"5":0,"6":0,"7":0,"8":0},"f":{"0":0,"1":0},"b":{}}
,"/Users/admin/projects/comapny-website/src/app/about/loading.tsx": {"path":"/Users/admin/projects/comapny-website/src/app/about/loading.tsx","statementMap":{"0":{"start":{"line":1,"column":24},"end":{"line":1,"column":null}},"1":{"start":{"line":35,"column":14},"end":{"line":35,"column":27}}},"fnMap":{"0":{"name":"AboutLoading","decl":{"start":{"line":1,"column":24},"end":{"line":1,"column":null}},"loc":{"start":{"line":1,"column":24},"end":{"line":46,"column":null}}},"1":{"name":"(anonymous_2)","decl":{"start":{"line":34,"column":31},"end":{"line":34,"column":32}},"loc":{"start":{"line":35,"column":14},"end":{"line":35,"column":27}}}},"branchMap":{},"s":{"0":0,"1":0},"f":{"0":0,"1":0},"b":{}}
,"/Users/admin/projects/comapny-website/src/app/about/page.tsx": {"path":"/Users/admin/projects/comapny-website/src/app/about/page.tsx","statementMap":{"0":{"start":{"line":7,"column":24},"end":{"line":7,"column":null}},"1":{"start":{"line":3,"column":17},"end":{"line":3,"column":null}},"2":{"start":{"line":4,"column":25},"end":{"line":4,"column":null}},"3":{"start":{"line":5,"column":115},"end":{"line":5,"column":null}},"4":{"start":{"line":8,"column":36},"end":{"line":8,"column":null}},"5":{"start":{"line":10,"column":23},"end":{"line":17,"column":null}},"6":{"start":{"line":19,"column":21},"end":{"line":26,"column":null}},"7":{"start":{"line":218,"column":16},"end":{"line":218,"column":33}},"8":{"start":{"line":253,"column":16},"end":{"line":253,"column":33}}},"fnMap":{"0":{"name":"AboutPage","decl":{"start":{"line":7,"column":24},"end":{"line":7,"column":null}},"loc":{"start":{"line":7,"column":24},"end":{"line":584,"column":null}}},"1":{"name":"(anonymous_3)","decl":{"start":{"line":217,"column":32},"end":{"line":217,"column":33}},"loc":{"start":{"line":218,"column":16},"end":{"line":218,"column":33}}},"2":{"name":"(anonymous_4)","decl":{"start":{"line":252,"column":30},"end":{"line":252,"column":31}},"loc":{"start":{"line":253,"column":16},"end":{"line":253,"column":33}}}},"branchMap":{"0":{"loc":{"start":{"line":253,"column":65},"end":{"line":253,"column":115}},"type":"cond-expr","locations":[{"start":{"line":253,"column":83},"end":{"line":253,"column":96}},{"start":{"line":253,"column":96},"end":{"line":253,"column":115}}]},"1":{"loc":{"start":{"line":255,"column":73},"end":{"line":255,"column":118}},"type":"cond-expr","locations":[{"start":{"line":255,"column":91},"end":{"line":255,"column":106}},{"start":{"line":255,"column":106},"end":{"line":255,"column":118}}]}},"s":{"0":0,"1":0,"2":0,"3":0,"4":0,"5":0,"6":0,"7":0,"8":0},"f":{"0":0,"1":0,"2":0},"b":{"0":[0,0],"1":[0,0]}}
,"/Users/admin/projects/comapny-website/src/app/agentic-ai-assessment/layout.tsx": {"path":"/Users/admin/projects/comapny-website/src/app/agentic-ai-assessment/layout.tsx","statementMap":{"0":{"start":{"line":43,"column":24},"end":{"line":43,"column":50}},"1":{"start":{"line":3,"column":13},"end":{"line":3,"column":21}},"2":{"start":{"line":3,"column":34},"end":{"line":41,"column":null}},"3":{"start":{"line":48,"column":2},"end":{"line":48,"column":null}}},"fnMap":{"0":{"name":"AgenticAIAssessmentLayout","decl":{"start":{"line":43,"column":24},"end":{"line":43,"column":50}},"loc":{"start":{"line":47,"column":1},"end":{"line":49,"column":1}}}},"branchMap":{},"s":{"0":0,"1":0,"2":0,"3":0},"f":{"0":0},"b":{}}
,"/Users/admin/projects/comapny-website/src/app/agentic-ai-assessment/metadata.ts": {"path":"/Users/admin/projects/comapny-website/src/app/agentic-ai-assessment/metadata.ts","statementMap":{"0":{"start":{"line":3,"column":13},"end":{"line":3,"column":34}},"1":{"start":{"line":3,"column":34},"end":{"line":7,"column":null}}},"fnMap":{},"branchMap":{},"s":{"0":0,"1":0},"f":{},"b":{}}
,"/Users/admin/projects/comapny-website/src/app/agentic-ai-assessment/page.tsx": {"path":"/Users/admin/projects/comapny-website/src/app/agentic-ai-assessment/page.tsx","statementMap":{"0":{"start":{"line":27,"column":24},"end":{"line":27,"column":null}},"1":{"start":{"line":3,"column":25},"end":{"line":3,"column":null}},"2":{"start":{"line":4,"column":17},"end":{"line":4,"column":null}},"3":{"start":{"line":5,"column":131},"end":{"line":5,"column":null}},"4":{"start":{"line":28,"column":40},"end":{"line":28,"column":null}},"5":{"start":{"line":29,"column":32},"end":{"line":29,"column":null}},"6":{"start":{"line":30,"column":40},"end":{"line":30,"column":null}},"7":{"start":{"line":31,"column":28},"end":{"line":31,"column":null}},"8":{"start":{"line":33,"column":21},"end":{"line":39,"column":null}},"9":{"start":{"line":41,"column":32},"end":{"line":171,"column":null}},"10":{"start":{"line":173,"column":23},"end":{"line":175,"column":null}},"11":{"start":{"line":174,"column":4},"end":{"line":174,"column":null}},"12":{"start":{"line":177,"column":21},"end":{"line":183,"column":null}},"13":{"start":{"line":178,"column":4},"end":{"line":182,"column":null}},"14":{"start":{"line":179,"column":6},"end":{"line":179,"column":null}},"15":{"start":{"line":181,"column":6},"end":{"line":181,"column":null}},"16":{"start":{"line":185,"column":25},"end":{"line":189,"column":null}},"17":{"start":{"line":186,"column":4},"end":{"line":188,"column":null}},"18":{"start":{"line":187,"column":6},"end":{"line":187,"column":null}},"19":{"start":{"line":191,"column":27},"end":{"line":193,"column":null}},"20":{"start":{"line":192,"column":4},"end":{"line":192,"column":null}},"21":{"start":{"line":195,"column":28},"end":{"line":212,"column":null}},"22":{"start":{"line":196,"column":4},"end":{"line":211,"column":null}},"23":{"start":{"line":197,"column":32},"end":{"line":197,"column":null}},"24":{"start":{"line":197,"column":54},"end":{"line":197,"column":77}},"25":{"start":{"line":198,"column":25},"end":{"line":201,"column":null}},"26":{"start":{"line":199,"column":23},"end":{"line":199,"column":null}},"27":{"start":{"line":200,"column":8},"end":{"line":200,"column":null}},"28":{"start":{"line":202,"column":23},"end":{"line":202,"column":null}},"29":{"start":{"line":202,"column":60},"end":{"line":202,"column":79}},"30":{"start":{"line":204,"column":6},"end":{"line":210,"column":null}},"31":{"start":{"line":214,"column":24},"end":{"line":219,"column":null}},"32":{"start":{"line":215,"column":27},"end":{"line":215,"column":null}},"33":{"start":{"line":216,"column":23},"end":{"line":216,"column":null}},"34":{"start":{"line":216,"column":59},"end":{"line":216,"column":74}},"35":{"start":{"line":217,"column":21},"end":{"line":217,"column":null}},"36":{"start":{"line":217,"column":57},"end":{"line":217,"column":75}},"37":{"start":{"line":218,"column":4},"end":{"line":218,"column":null}},"38":{"start":{"line":221,"column":27},"end":{"line":227,"column":null}},"39":{"start":{"line":222,"column":4},"end":{"line":222,"column":null}},"40":{"start":{"line":222,"column":26},"end":{"line":222,"column":null}},"41":{"start":{"line":223,"column":4},"end":{"line":223,"column":null}},"42":{"start":{"line":223,"column":26},"end":{"line":223,"column":null}},"43":{"start":{"line":224,"column":4},"end":{"line":224,"column":null}},"44":{"start":{"line":224,"column":26},"end":{"line":224,"column":null}},"45":{"start":{"line":225,"column":4},"end":{"line":225,"column":null}},"46":{"start":{"line":225,"column":26},"end":{"line":225,"column":null}},"47":{"start":{"line":226,"column":4},"end":{"line":226,"column":null}},"48":{"start":{"line":229,"column":29},"end":{"line":268,"column":null}},"49":{"start":{"line":230,"column":4},"end":{"line":237,"column":null}},"50":{"start":{"line":231,"column":6},"end":{"line":236,"column":null}},"51":{"start":{"line":238,"column":4},"end":{"line":245,"column":null}},"52":{"start":{"line":239,"column":6},"end":{"line":244,"column":null}},"53":{"start":{"line":246,"column":4},"end":{"line":253,"column":null}},"54":{"start":{"line":247,"column":6},"end":{"line":252,"column":null}},"55":{"start":{"line":254,"column":4},"end":{"line":261,"column":null}},"56":{"start":{"line":255,"column":6},"end":{"line":260,"column":null}},"57":{"start":{"line":262,"column":4},"end":{"line":267,"column":null}},"58":{"start":{"line":270,"column":26},"end":{"line":270,"column":48}},"59":{"start":{"line":271,"column":19},"end":{"line":271,"column":null}},"60":{"start":{"line":273,"column":2},"end":{"line":433,"column":null}},"61":{"start":{"line":274,"column":27},"end":{"line":274,"column":null}},"62":{"start":{"line":275,"column":23},"end":{"line":275,"column":null}},"63":{"start":{"line":276,"column":21},"end":{"line":276,"column":null}},"64":{"start":{"line":277,"column":28},"end":{"line":277,"column":null}},"65":{"start":{"line":340,"column":37},"end":{"line":340,"column":null}},"66":{"start":{"line":341,"column":18},"end":{"line":342,"column":null}},"67":{"start":{"line":369,"column":18},"end":{"line":369,"column":35}},"68":{"start":{"line":390,"column":35},"end":{"line":390,"column":null}},"69":{"start":{"line":420,"column":18},"end":{"line":420,"column":null}},"70":{"start":{"line":421,"column":18},"end":{"line":421,"column":null}},"71":{"start":{"line":422,"column":18},"end":{"line":422,"column":null}},"72":{"start":{"line":470,"column":38},"end":{"line":470,"column":73}},"73":{"start":{"line":481,"column":16},"end":{"line":482,"column":null}},"74":{"start":{"line":494,"column":36},"end":{"line":494,"column":null}}},"fnMap":{"0":{"name":"AgenticAIAssessment","decl":{"start":{"line":27,"column":24},"end":{"line":27,"column":null}},"loc":{"start":{"line":27,"column":24},"end":{"line":560,"column":null}}},"1":{"name":"(anonymous_3)","decl":{"start":{"line":173,"column":23},"end":{"line":173,"column":24}},"loc":{"start":{"line":173,"column":44},"end":{"line":175,"column":null}}},"2":{"name":"(anonymous_4)","decl":{"start":{"line":177,"column":21},"end":{"line":177,"column":null}},"loc":{"start":{"line":177,"column":21},"end":{"line":183,"column":null}}},"3":{"name":"(anonymous_5)","decl":{"start":{"line":185,"column":25},"end":{"line":185,"column":null}},"loc":{"start":{"line":185,"column":25},"end":{"line":189,"column":null}}},"4":{"name":"(anonymous_6)","decl":{"start":{"line":191,"column":27},"end":{"line":191,"column":null}},"loc":{"start":{"line":191,"column":27},"end":{"line":193,"column":null}}},"5":{"name":"(anonymous_7)","decl":{"start":{"line":195,"column":28},"end":{"line":195,"column":null}},"loc":{"start":{"line":195,"column":28},"end":{"line":212,"column":null}}},"6":{"name":"(anonymous_8)","decl":{"start":{"line":196,"column":26},"end":{"line":196,"column":null}},"loc":{"start":{"line":196,"column":26},"end":{"line":211,"column":null}}},"7":{"name":"(anonymous_9)","decl":{"start":{"line":197,"column":49},"end":{"line":197,"column":54}},"loc":{"start":{"line":197,"column":54},"end":{"line":197,"column":77}}},"8":{"name":"(anonymous_10)","decl":{"start":{"line":198,"column":50},"end":{"line":198,"column":51}},"loc":{"start":{"line":198,"column":56},"end":{"line":201,"column":9}}},"9":{"name":"(anonymous_11)","decl":{"start":{"line":202,"column":48},"end":{"line":202,"column":49}},"loc":{"start":{"line":202,"column":60},"end":{"line":202,"column":79}}},"10":{"name":"(anonymous_12)","decl":{"start":{"line":214,"column":24},"end":{"line":214,"column":null}},"loc":{"start":{"line":214,"column":24},"end":{"line":219,"column":null}}},"11":{"name":"(anonymous_13)","decl":{"start":{"line":216,"column":45},"end":{"line":216,"column":46}},"loc":{"start":{"line":216,"column":59},"end":{"line":216,"column":74}}},"12":{"name":"(anonymous_14)","decl":{"start":{"line":217,"column":43},"end":{"line":217,"column":44}},"loc":{"start":{"line":217,"column":57},"end":{"line":217,"column":75}}},"13":{"name":"(anonymous_15)","decl":{"start":{"line":221,"column":27},"end":{"line":221,"column":28}},"loc":{"start":{"line":221,"column":28},"end":{"line":227,"column":null}}},"14":{"name":"(anonymous_16)","decl":{"start":{"line":229,"column":29},"end":{"line":229,"column":30}},"loc":{"start":{"line":229,"column":30},"end":{"line":268,"column":null}}},"15":{"name":"(anonymous_17)","decl":{"start":{"line":339,"column":36},"end":{"line":339,"column":37}},"loc":{"start":{"line":339,"column":47},"end":{"line":360,"column":null}}},"16":{"name":"(anonymous_18)","decl":{"start":{"line":368,"column":37},"end":{"line":368,"column":38}},"loc":{"start":{"line":369,"column":18},"end":{"line":369,"column":35}}},"17":{"name":"(anonymous_19)","decl":{"start":{"line":390,"column":28},"end":{"line":390,"column":29}},"loc":{"start":{"line":390,"column":35},"end":{"line":390,"column":null}}},"18":{"name":"(anonymous_20)","decl":{"start":{"line":419,"column":25},"end":{"line":419,"column":null}},"loc":{"start":{"line":419,"column":25},"end":{"line":423,"column":null}}},"19":{"name":"(anonymous_21)","decl":{"start":{"line":470,"column":33},"end":{"line":470,"column":38}},"loc":{"start":{"line":470,"column":38},"end":{"line":470,"column":73}}},"20":{"name":"(anonymous_22)","decl":{"start":{"line":480,"column":43},"end":{"line":480,"column":44}},"loc":{"start":{"line":481,"column":16},"end":{"line":482,"column":null}}},"21":{"name":"(anonymous_23)","decl":{"start":{"line":494,"column":30},"end":{"line":494,"column":36}},"loc":{"start":{"line":494,"column":36},"end":{"line":494,"column":null}}}},"branchMap":{"0":{"loc":{"start":{"line":178,"column":4},"end":{"line":182,"column":null}},"type":"if","locations":[{"start":{"line":178,"column":4},"end":{"line":182,"column":null}},{"start":{"line":180,"column":11},"end":{"line":182,"column":null}}]},"1":{"loc":{"start":{"line":186,"column":4},"end":{"line":188,"column":null}},"type":"if","locations":[{"start":{"line":186,"column":4},"end":{"line":188,"column":null}},{"start":{},"end":{}}]},"2":{"loc":{"start":{"line":199,"column":23},"end":{"line":199,"column":null}},"type":"binary-expr","locations":[{"start":{"line":199,"column":23},"end":{"line":199,"column":36}},{"start":{"line":199,"column":40},"end":{"line":199,"column":null}}]},"3":{"loc":{"start":{"line":222,"column":4},"end":{"line":222,"column":null}},"type":"if","locations":[{"start":{"line":222,"column":4},"end":{"line":222,"column":null}},{"start":{},"end":{}}]},"4":{"loc":{"start":{"line":223,"column":4},"end":{"line":223,"column":null}},"type":"if","locations":[{"start":{"line":223,"column":4},"end":{"line":223,"column":null}},{"start":{},"end":{}}]},"5":{"loc":{"start":{"line":224,"column":4},"end":{"line":224,"column":null}},"type":"if","locations":[{"start":{"line":224,"column":4},"end":{"line":224,"column":null}},{"start":{},"end":{}}]},"6":{"loc":{"start":{"line":225,"column":4},"end":{"line":225,"column":null}},"type":"if","locations":[{"start":{"line":225,"column":4},"end":{"line":225,"column":null}},{"start":{},"end":{}}]},"7":{"loc":{"start":{"line":230,"column":4},"end":{"line":237,"column":null}},"type":"if","locations":[{"start":{"line":230,"column":4},"end":{"line":237,"column":null}},{"start":{},"end":{}}]},"8":{"loc":{"start":{"line":238,"column":4},"end":{"line":245,"column":null}},"type":"if","locations":[{"start":{"line":238,"column":4},"end":{"line":245,"column":null}},{"start":{},"end":{}}]},"9":{"loc":{"start":{"line":246,"column":4},"end":{"line":253,"column":null}},"type":"if","locations":[{"start":{"line":246,"column":4},"end":{"line":253,"column":null}},{"start":{},"end":{}}]},"10":{"loc":{"start":{"line":254,"column":4},"end":{"line":261,"column":null}},"type":"if","locations":[{"start":{"line":254,"column":4},"end":{"line":261,"column":null}},{"start":{},"end":{}}]},"11":{"loc":{"start":{"line":273,"column":2},"end":{"line":433,"column":null}},"type":"if","locations":[{"start":{"line":273,"column":2},"end":{"line":433,"column":null}},{"start":{},"end":{}}]},"12":{"loc":{"start":{"line":484,"column":20},"end":{"line":486,"column":null}},"type":"cond-expr","locations":[{"start":{"line":485,"column":24},"end":{"line":485,"column":null}},{"start":{"line":486,"column":24},"end":{"line":486,"column":null}}]},"13":{"loc":{"start":{"line":499,"column":22},"end":{"line":501,"column":null}},"type":"cond-expr","locations":[{"start":{"line":500,"column":26},"end":{"line":500,"column":null}},{"start":{"line":501,"column":26},"end":{"line":501,"column":null}}]},"14":{"loc":{"start":{"line":503,"column":23},"end":{"line":503,"column":67}},"type":"binary-expr","locations":[{"start":{"line":503,"column":23},"end":{"line":503,"column":67}}]},"15":{"loc":{"start":{"line":523,"column":16},"end":{"line":525,"column":null}},"type":"cond-expr","locations":[{"start":{"line":524,"column":20},"end":{"line":524,"column":null}},{"start":{"line":525,"column":20},"end":{"line":525,"column":null}}]},"16":{"loc":{"start":{"line":536,"column":16},"end":{"line":538,"column":null}},"type":"cond-expr","locations":[{"start":{"line":537,"column":20},"end":{"line":537,"column":null}},{"start":{"line":538,"column":20},"end":{"line":538,"column":null}}]},"17":{"loc":{"start":{"line":541,"column":15},"end":{"line":541,"column":null}},"type":"cond-expr","locations":[{"start":{"line":541,"column":54},"end":{"line":541,"column":70}},{"start":{"line":541,"column":70},"end":{"line":541,"column":null}}]}},"s":{"0":0,"1":0,"2":0,"3":0,"4":0,"5":0,"6":0,"7":0,"8":0,"9":0,"10":0,"11":0,"12":0,"13":0,"14":0,"15":0,"16":0,"17":0,"18":0,"19":0,"20":0,"21":0,"22":0,"23":0,"24":0,"25":0,"26":0,"27":0,"28":0,"29":0,"30":0,"31":0,"32":0,"33":0,"34":0,"35":0,"36":0,"37":0,"38":0,"39":0,"40":0,"41":0,"42":0,"43":0,"44":0,"45":0,"46":0,"47":0,"48":0,"49":0,"50":0,"51":0,"52":0,"53":0,"54":0,"55":0,"56":0,"57":0,"58":0,"59":0,"60":0,"61":0,"62":0,"63":0,"64":0,"65":0,"66":0,"67":0,"68":0,"69":0,"70":0,"71":0,"72":0,"73":0,"74":0},"f":{"0":0,"1":0,"2":0,"3":0,"4":0,"5":0,"6":0,"7":0,"8":0,"9":0,"10":0,"11":0,"12":0,"13":0,"14":0,"15":0,"16":0,"17":0,"18":0,"19":0,"20":0,"21":0},"b":{"0":[0,0],"1":[0,0],"2":[0,0],"3":[0,0],"4":[0,0],"5":[0,0],"6":[0,0],"7":[0,0],"8":[0,0],"9":[0,0],"10":[0,0],"11":[0,0],"12":[0,0],"13":[0,0],"14":[0],"15":[0,0],"16":[0,0],"17":[0,0]}}
,"/Users/admin/projects/comapny-website/src/app/agentic-ai-guide/page.tsx": {"path":"/Users/admin/projects/comapny-website/src/app/agentic-ai-guide/page.tsx","statementMap":{"0":{"start":{"line":11,"column":24},"end":{"line":11,"column":null}},"1":{"start":{"line":5,"column":13},"end":{"line":5,"column":21}},"2":{"start":{"line":2,"column":17},"end":{"line":2,"column":null}},"3":{"start":{"line":3,"column":126},"end":{"line":3,"column":null}},"4":{"start":{"line":5,"column":34},"end":{"line":9,"column":null}},"5":{"start":{"line":12,"column":26},"end":{"line":20,"column":null}},"6":{"start":{"line":58,"column":18},"end":{"line":59,"column":null}}},"fnMap":{"0":{"name":"AgenticAIGuide","decl":{"start":{"line":11,"column":24},"end":{"line":11,"column":null}},"loc":{"start":{"line":11,"column":24},"end":{"line":852,"column":1}}},"1":{"name":"(anonymous_5)","decl":{"start":{"line":57,"column":37},"end":{"line":57,"column":38}},"loc":{"start":{"line":58,"column":18},"end":{"line":59,"column":null}}}},"branchMap":{},"s":{"0":0,"1":0,"2":0,"3":0,"4":0,"5":0,"6":0},"f":{"0":0,"1":0},"b":{}}
,"/Users/admin/projects/comapny-website/src/app/agentic-ai-platform/page.tsx": {"path":"/Users/admin/projects/comapny-website/src/app/agentic-ai-platform/page.tsx","statementMap":{"0":{"start":{"line":227,"column":24},"end":{"line":227,"column":null}},"1":{"start":{"line":141,"column":13},"end":{"line":141,"column":21}},"2":{"start":{"line":2,"column":17},"end":{"line":2,"column":null}},"3":{"start":{"line":4,"column":14},"end":{"line":139,"column":null}},"4":{"start":{"line":141,"column":34},"end":{"line":166,"column":null}},"5":{"start":{"line":168,"column":23},"end":{"line":194,"column":null}},"6":{"start":{"line":196,"column":18},"end":{"line":225,"column":null}}},"fnMap":{"0":{"name":"AgenticAIPlatformPage","decl":{"start":{"line":227,"column":24},"end":{"line":227,"column":null}},"loc":{"start":{"line":227,"column":24},"end":{"line":1094,"column":1}}}},"branchMap":{},"s":{"0":0,"1":0,"2":0,"3":0,"4":0,"5":0,"6":0},"f":{"0":0},"b":{}}
,"/Users/admin/projects/comapny-website/src/app/ai-consulting-san-francisco/layout.tsx": {"path":"/Users/admin/projects/comapny-website/src/app/ai-consulting-san-francisco/layout.tsx","statementMap":{"0":{"start":{"line":31,"column":24},"end":{"line":31,"column":43}},"1":{"start":{"line":3,"column":13},"end":{"line":3,"column":21}},"2":{"start":{"line":3,"column":34},"end":{"line":29,"column":null}}},"fnMap":{"0":{"name":"AIConsultingLayout","decl":{"start":{"line":31,"column":24},"end":{"line":31,"column":43}},"loc":{"start":{"line":35,"column":1},"end":{"line":37,"column":1}}}},"branchMap":{},"s":{"0":0,"1":0,"2":0},"f":{"0":0},"b":{}}
,"/Users/admin/projects/comapny-website/src/app/ai-consulting-san-francisco/page.tsx": {"path":"/Users/admin/projects/comapny-website/src/app/ai-consulting-san-francisco/page.tsx","statementMap":{"0":{"start":{"line":16,"column":24},"end":{"line":16,"column":null}},"1":{"start":{"line":3,"column":17},"end":{"line":3,"column":null}},"2":{"start":{"line":5,"column":14},"end":{"line":14,"column":null}},"3":{"start":{"line":17,"column":27},"end":{"line":34,"column":null}}},"fnMap":{"0":{"name":"AIConsultingSanFrancisco","decl":{"start":{"line":16,"column":24},"end":{"line":16,"column":null}},"loc":{"start":{"line":16,"column":24},"end":{"line":630,"column":null}}}},"branchMap":{},"s":{"0":0,"1":0,"2":0,"3":0},"f":{"0":0},"b":{}}
,"/Users/admin/projects/comapny-website/src/app/ai-consulting-services/page.tsx": {"path":"/Users/admin/projects/comapny-website/src/app/ai-consulting-services/page.tsx","statementMap":{"0":{"start":{"line":133,"column":24},"end":{"line":133,"column":null}},"1":{"start":{"line":17,"column":13},"end":{"line":17,"column":21}},"2":{"start":{"line":2,"column":17},"end":{"line":2,"column":null}},"3":{"start":{"line":4,"column":14},"end":{"line":15,"column":null}},"4":{"start":{"line":17,"column":34},"end":{"line":42,"column":null}},"5":{"start":{"line":44,"column":23},"end":{"line":100,"column":null}},"6":{"start":{"line":102,"column":26},"end":{"line":131,"column":null}}},"fnMap":{"0":{"name":"AIConsultingServicesPage","decl":{"start":{"line":133,"column":24},"end":{"line":133,"column":null}},"loc":{"start":{"line":133,"column":24},"end":{"line":783,"column":1}}}},"branchMap":{},"s":{"0":0,"1":0,"2":0,"3":0,"4":0,"5":0,"6":0},"f":{"0":0},"b":{}}
,"/Users/admin/projects/comapny-website/src/app/ai-implementation-strategy/page.tsx": {"path":"/Users/admin/projects/comapny-website/src/app/ai-implementation-strategy/page.tsx","statementMap":{"0":{"start":{"line":189,"column":24},"end":{"line":189,"column":null}},"1":{"start":{"line":23,"column":13},"end":{"line":23,"column":21}},"2":{"start":{"line":2,"column":17},"end":{"line":2,"column":null}},"3":{"start":{"line":4,"column":14},"end":{"line":21,"column":null}},"4":{"start":{"line":23,"column":34},"end":{"line":48,"column":null}},"5":{"start":{"line":50,"column":23},"end":{"line":103,"column":null}},"6":{"start":{"line":105,"column":20},"end":{"line":140,"column":null}},"7":{"start":{"line":142,"column":18},"end":{"line":187,"column":null}}},"fnMap":{"0":{"name":"AIImplementationStrategyPage","decl":{"start":{"line":189,"column":24},"end":{"line":189,"column":null}},"loc":{"start":{"line":189,"column":24},"end":{"line":1284,"column":1}}}},"branchMap":{},"s":{"0":0,"1":0,"2":0,"3":0,"4":0,"5":0,"6":0,"7":0},"f":{"0":0},"b":{}}
,"/Users/admin/projects/comapny-website/src/app/ai-implementation-strategy-guide/page.tsx": {"path":"/Users/admin/projects/comapny-website/src/app/ai-implementation-strategy-guide/page.tsx","statementMap":{"0":{"start":{"line":176,"column":24},"end":{"line":176,"column":null}},"1":{"start":{"line":149,"column":13},"end":{"line":149,"column":21}},"2":{"start":{"line":2,"column":17},"end":{"line":2,"column":null}},"3":{"start":{"line":5,"column":30},"end":{"line":39,"column":null}},"4":{"start":{"line":41,"column":26},"end":{"line":78,"column":null}},"5":{"start":{"line":80,"column":28},"end":{"line":147,"column":null}},"6":{"start":{"line":149,"column":34},"end":{"line":174,"column":null}}},"fnMap":{"0":{"name":"AIImplementationStrategyGuidePage","decl":{"start":{"line":176,"column":24},"end":{"line":176,"column":null}},"loc":{"start":{"line":176,"column":24},"end":{"line":813,"column":1}}}},"branchMap":{},"s":{"0":0,"1":0,"2":0,"3":0,"4":0,"5":0,"6":0},"f":{"0":0},"b":{}}
,"/Users/admin/projects/comapny-website/src/app/ai-roi-calculator/layout.tsx": {"path":"/Users/admin/projects/comapny-website/src/app/ai-roi-calculator/layout.tsx","statementMap":{"0":{"start":{"line":43,"column":24},"end":{"line":43,"column":46}},"1":{"start":{"line":3,"column":13},"end":{"line":3,"column":21}},"2":{"start":{"line":3,"column":34},"end":{"line":41,"column":null}},"3":{"start":{"line":48,"column":2},"end":{"line":48,"column":null}}},"fnMap":{"0":{"name":"AIROICalculatorLayout","decl":{"start":{"line":43,"column":24},"end":{"line":43,"column":46}},"loc":{"start":{"line":47,"column":1},"end":{"line":49,"column":1}}}},"branchMap":{},"s":{"0":0,"1":0,"2":0,"3":0},"f":{"0":0},"b":{}}
,"/Users/admin/projects/comapny-website/src/app/ai-roi-calculator/page.tsx": {"path":"/Users/admin/projects/comapny-website/src/app/ai-roi-calculator/page.tsx","statementMap":{"0":{"start":{"line":68,"column":24},"end":{"line":68,"column":null}},"1":{"start":{"line":3,"column":25},"end":{"line":3,"column":null}},"2":{"start":{"line":4,"column":185},"end":{"line":4,"column":null}},"3":{"start":{"line":5,"column":24},"end":{"line":5,"column":null}},"4":{"start":{"line":8,"column":19},"end":{"line":59,"column":null}},"5":{"start":{"line":61,"column":21},"end":{"line":66,"column":null}},"6":{"start":{"line":69,"column":42},"end":{"line":69,"column":null}},"7":{"start":{"line":70,"column":50},"end":{"line":70,"column":null}},"8":{"start":{"line":71,"column":42},"end":{"line":71,"column":null}},"9":{"start":{"line":72,"column":50},"end":{"line":72,"column":null}},"10":{"start":{"line":73,"column":42},"end":{"line":80,"column":null}},"11":{"start":{"line":81,"column":42},"end":{"line":81,"column":null}},"12":{"start":{"line":83,"column":19},"end":{"line":83,"column":47}},"13":{"start":{"line":84,"column":22},"end":{"line":84,"column":48}},"14":{"start":{"line":87,"column":36},"end":{"line":93,"column":null}},"15":{"start":{"line":88,"column":4},"end":{"line":92,"column":null}},"16":{"start":{"line":88,"column":29},"end":{"line":92,"column":null}},"17":{"start":{"line":95,"column":23},"end":{"line":145,"column":null}},"18":{"start":{"line":96,"column":30},"end":{"line":96,"column":null}},"19":{"start":{"line":97,"column":27},"end":{"line":97,"column":49}},"20":{"start":{"line":100,"column":27},"end":{"line":100,"column":82}},"21":{"start":{"line":101,"column":28},"end":{"line":101,"column":75}},"22":{"start":{"line":102,"column":29},"end":{"line":102,"column":null}},"23":{"start":{"line":103,"column":29},"end":{"line":103,"column":81}},"24":{"start":{"line":106,"column":27},"end":{"line":106,"column":79}},"25":{"start":{"line":107,"column":29},"end":{"line":107,"column":94}},"26":{"start":{"line":110,"column":29},"end":{"line":110,"column":null}},"27":{"start":{"line":111,"column":30},"end":{"line":111,"column":71}},"28":{"start":{"line":114,"column":26},"end":{"line":114,"column":104}},"29":{"start":{"line":117,"column":31},"end":{"line":117,"column":null}},"30":{"start":{"line":120,"column":31},"end":{"line":120,"column":null}},"31":{"start":{"line":121,"column":26},"end":{"line":121,"column":77}},"32":{"start":{"line":122,"column":30},"end":{"line":122,"column":60}},"33":{"start":{"line":125,"column":25},"end":{"line":125,"column":null}},"34":{"start":{"line":126,"column":25},"end":{"line":126,"column":null}},"35":{"start":{"line":127,"column":26},"end":{"line":127,"column":null}},"36":{"start":{"line":129,"column":4},"end":{"line":144,"column":null}},"37":{"start":{"line":147,"column":14},"end":{"line":147,"column":null}},"38":{"start":{"line":149,"column":24},"end":{"line":155,"column":null}},"39":{"start":{"line":150,"column":4},"end":{"line":153,"column":null}},"40":{"start":{"line":151,"column":6},"end":{"line":153,"column":null}},"41":{"start":{"line":152,"column":28},"end":{"line":152,"column":null}},"42":{"start":{"line":179,"column":31},"end":{"line":179,"column":null}},"43":{"start":{"line":231,"column":31},"end":{"line":231,"column":39}},"44":{"start":{"line":232,"column":18},"end":{"line":234,"column":null}},"45":{"start":{"line":236,"column":24},"end":{"line":236,"column":null}},"46":{"start":{"line":237,"column":24},"end":{"line":237,"column":null}},"47":{"start":{"line":263,"column":18},"end":{"line":264,"column":null}},"48":{"start":{"line":266,"column":22},"end":{"line":266,"column":null}},"49":{"start":{"line":267,"column":22},"end":{"line":267,"column":null}},"50":{"start":{"line":293,"column":18},"end":{"line":294,"column":null}},"51":{"start":{"line":295,"column":35},"end":{"line":295,"column":null}},"52":{"start":{"line":313,"column":29},"end":{"line":313,"column":null}},"53":{"start":{"line":332,"column":39},"end":{"line":332,"column":null}},"54":{"start":{"line":344,"column":39},"end":{"line":344,"column":null}},"55":{"start":{"line":356,"column":39},"end":{"line":356,"column":null}},"56":{"start":{"line":368,"column":39},"end":{"line":368,"column":null}},"57":{"start":{"line":380,"column":39},"end":{"line":380,"column":null}},"58":{"start":{"line":392,"column":39},"end":{"line":392,"column":null}},"59":{"start":{"line":489,"column":33},"end":{"line":489,"column":null}},"60":{"start":{"line":656,"column":27},"end":{"line":656,"column":35}},"61":{"start":{"line":657,"column":14},"end":{"line":658,"column":31}},"62":{"start":{"line":759,"column":27},"end":{"line":759,"column":null}},"63":{"start":{"line":788,"column":25},"end":{"line":788,"column":null}}},"fnMap":{"0":{"name":"AIROICalculator","decl":{"start":{"line":68,"column":24},"end":{"line":68,"column":null}},"loc":{"start":{"line":68,"column":24},"end":{"line":793,"column":null}}},"1":{"name":"(anonymous_3)","decl":{"start":{"line":87,"column":36},"end":{"line":87,"column":null}},"loc":{"start":{"line":87,"column":36},"end":{"line":93,"column":null}}},"2":{"name":"(anonymous_4)","decl":{"start":{"line":88,"column":20},"end":{"line":88,"column":29}},"loc":{"start":{"line":88,"column":29},"end":{"line":92,"column":null}}},"3":{"name":"(anonymous_5)","decl":{"start":{"line":95,"column":23},"end":{"line":95,"column":null}},"loc":{"start":{"line":95,"column":23},"end":{"line":145,"column":null}}},"4":{"name":"(anonymous_6)","decl":{"start":{"line":149,"column":24},"end":{"line":149,"column":25}},"loc":{"start":{"line":149,"column":25},"end":{"line":155,"column":null}}},"5":{"name":"(anonymous_7)","decl":{"start":{"line":150,"column":24},"end":{"line":150,"column":null}},"loc":{"start":{"line":151,"column":6},"end":{"line":153,"column":null}}},"6":{"name":"(anonymous_8)","decl":{"start":{"line":152,"column":22},"end":{"line":152,"column":28}},"loc":{"start":{"line":152,"column":28},"end":{"line":152,"column":null}}},"7":{"name":"(anonymous_9)","decl":{"start":{"line":179,"column":25},"end":{"line":179,"column":31}},"loc":{"start":{"line":179,"column":31},"end":{"line":179,"column":null}}},"8":{"name":"(anonymous_10)","decl":{"start":{"line":230,"column":48},"end":{"line":230,"column":49}},"loc":{"start":{"line":230,"column":59},"end":{"line":251,"column":null}}},"9":{"name":"(anonymous_11)","decl":{"start":{"line":235,"column":31},"end":{"line":235,"column":null}},"loc":{"start":{"line":235,"column":31},"end":{"line":238,"column":null}}},"10":{"name":"(anonymous_12)","decl":{"start":{"line":262,"column":50},"end":{"line":262,"column":51}},"loc":{"start":{"line":263,"column":18},"end":{"line":264,"column":null}}},"11":{"name":"(anonymous_13)","decl":{"start":{"line":265,"column":29},"end":{"line":265,"column":null}},"loc":{"start":{"line":265,"column":29},"end":{"line":268,"column":null}}},"12":{"name":"(anonymous_14)","decl":{"start":{"line":292,"column":39},"end":{"line":292,"column":40}},"loc":{"start":{"line":293,"column":18},"end":{"line":294,"column":null}}},"13":{"name":"(anonymous_15)","decl":{"start":{"line":295,"column":29},"end":{"line":295,"column":35}},"loc":{"start":{"line":295,"column":35},"end":{"line":295,"column":null}}},"14":{"name":"(anonymous_16)","decl":{"start":{"line":313,"column":23},"end":{"line":313,"column":29}},"loc":{"start":{"line":313,"column":29},"end":{"line":313,"column":null}}},"15":{"name":"(anonymous_17)","decl":{"start":{"line":332,"column":32},"end":{"line":332,"column":33}},"loc":{"start":{"line":332,"column":39},"end":{"line":332,"column":null}}},"16":{"name":"(anonymous_18)","decl":{"start":{"line":344,"column":32},"end":{"line":344,"column":33}},"loc":{"start":{"line":344,"column":39},"end":{"line":344,"column":null}}},"17":{"name":"(anonymous_19)","decl":{"start":{"line":356,"column":32},"end":{"line":356,"column":33}},"loc":{"start":{"line":356,"column":39},"end":{"line":356,"column":null}}},"18":{"name":"(anonymous_20)","decl":{"start":{"line":368,"column":32},"end":{"line":368,"column":33}},"loc":{"start":{"line":368,"column":39},"end":{"line":368,"column":null}}},"19":{"name":"(anonymous_21)","decl":{"start":{"line":380,"column":32},"end":{"line":380,"column":33}},"loc":{"start":{"line":380,"column":39},"end":{"line":380,"column":null}}},"20":{"name":"(anonymous_22)","decl":{"start":{"line":392,"column":32},"end":{"line":392,"column":33}},"loc":{"start":{"line":392,"column":39},"end":{"line":392,"column":null}}},"21":{"name":"(anonymous_23)","decl":{"start":{"line":489,"column":27},"end":{"line":489,"column":33}},"loc":{"start":{"line":489,"column":33},"end":{"line":489,"column":null}}},"22":{"name":"(anonymous_24)","decl":{"start":{"line":655,"column":44},"end":{"line":655,"column":45}},"loc":{"start":{"line":655,"column":55},"end":{"line":687,"column":null}}},"23":{"name":"(anonymous_25)","decl":{"start":{"line":759,"column":21},"end":{"line":759,"column":27}},"loc":{"start":{"line":759,"column":27},"end":{"line":759,"column":null}}},"24":{"name":"(anonymous_26)","decl":{"start":{"line":788,"column":19},"end":{"line":788,"column":25}},"loc":{"start":{"line":788,"column":25},"end":{"line":788,"column":null}}}},"branchMap":{"0":{"loc":{"start":{"line":96,"column":30},"end":{"line":96,"column":null}},"type":"cond-expr","locations":[{"start":{"line":96,"column":60},"end":{"line":96,"column":90}},{"start":{"line":96,"column":93},"end":{"line":96,"column":null}}]},"1":{"loc":{"start":{"line":151,"column":6},"end":{"line":153,"column":null}},"type":"cond-expr","locations":[{"start":{"line":152,"column":10},"end":{"line":152,"column":null}},{"start":{"line":153,"column":10},"end":{"line":153,"column":null}}]},"2":{"loc":{"start":{"line":240,"column":24},"end":{"line":242,"column":null}},"type":"cond-expr","locations":[{"start":{"line":241,"column":28},"end":{"line":241,"column":null}},{"start":{"line":242,"column":28},"end":{"line":242,"column":null}}]},"3":{"loc":{"start":{"line":246,"column":24},"end":{"line":246,"column":null}},"type":"cond-expr","locations":[{"start":{"line":246,"column":51},"end":{"line":246,"column":70}},{"start":{"line":246,"column":70},"end":{"line":246,"column":null}}]},"4":{"loc":{"start":{"line":270,"column":22},"end":{"line":272,"column":null}},"type":"cond-expr","locations":[{"start":{"line":271,"column":26},"end":{"line":271,"column":null}},{"start":{"line":272,"column":26},"end":{"line":272,"column":null}}]},"5":{"loc":{"start":{"line":276,"column":22},"end":{"line":276,"column":null}},"type":"cond-expr","locations":[{"start":{"line":276,"column":45},"end":{"line":276,"column":64}},{"start":{"line":276,"column":64},"end":{"line":276,"column":null}}]},"6":{"loc":{"start":{"line":297,"column":22},"end":{"line":299,"column":null}},"type":"cond-expr","locations":[{"start":{"line":298,"column":26},"end":{"line":298,"column":null}},{"start":{"line":299,"column":26},"end":{"line":299,"column":null}}]},"7":{"loc":{"start":{"line":303,"column":22},"end":{"line":303,"column":null}},"type":"cond-expr","locations":[{"start":{"line":303,"column":59},"end":{"line":303,"column":78}},{"start":{"line":303,"column":78},"end":{"line":303,"column":null}}]},"8":{"loc":{"start":{"line":316,"column":76},"end":{"line":316,"column":108}},"type":"cond-expr","locations":[{"start":{"line":316,"column":91},"end":{"line":316,"column":105}},{"start":{"line":316,"column":105},"end":{"line":316,"column":108}}]},"9":{"loc":{"start":{"line":321,"column":13},"end":{"line":321,"column":null}},"type":"binary-expr","locations":[{"start":{"line":321,"column":13},"end":{"line":321,"column":null}}]},"10":{"loc":{"start":{"line":332,"column":84},"end":{"line":332,"column":113}},"type":"binary-expr","locations":[{"start":{"line":332,"column":84},"end":{"line":332,"column":112}},{"start":{"line":332,"column":112},"end":{"line":332,"column":113}}]},"11":{"loc":{"start":{"line":344,"column":84},"end":{"line":344,"column":113}},"type":"binary-expr","locations":[{"start":{"line":344,"column":84},"end":{"line":344,"column":112}},{"start":{"line":344,"column":112},"end":{"line":344,"column":113}}]},"12":{"loc":{"start":{"line":356,"column":86},"end":{"line":356,"column":115}},"type":"binary-expr","locations":[{"start":{"line":356,"column":86},"end":{"line":356,"column":114}},{"start":{"line":356,"column":114},"end":{"line":356,"column":115}}]},"13":{"loc":{"start":{"line":368,"column":84},"end":{"line":368,"column":113}},"type":"binary-expr","locations":[{"start":{"line":368,"column":84},"end":{"line":368,"column":112}},{"start":{"line":368,"column":112},"end":{"line":368,"column":113}}]},"14":{"loc":{"start":{"line":380,"column":95},"end":{"line":380,"column":124}},"type":"binary-expr","locations":[{"start":{"line":380,"column":95},"end":{"line":380,"column":123}},{"start":{"line":380,"column":123},"end":{"line":380,"column":124}}]},"15":{"loc":{"start":{"line":392,"column":92},"end":{"line":392,"column":121}},"type":"binary-expr","locations":[{"start":{"line":392,"column":92},"end":{"line":392,"column":120}},{"start":{"line":392,"column":120},"end":{"line":392,"column":121}}]},"16":{"loc":{"start":{"line":783,"column":7},"end":{"line":783,"column":null}},"type":"binary-expr","locations":[{"start":{"line":783,"column":7},"end":{"line":783,"column":null}}]}},"s":{"0":0,"1":0,"2":0,"3":0,"4":0,"5":0,"6":0,"7":0,"8":0,"9":0,"10":0,"11":0,"12":0,"13":0,"14":0,"15":0,"16":0,"17":0,"18":0,"19":0,"20":0,"21":0,"22":0,"23":0,"24":0,"25":0,"26":0,"27":0,"28":0,"29":0,"30":0,"31":0,"32":0,"33":0,"34":0,"35":0,"36":0,"37":0,"38":0,"39":0,"40":0,"41":0,"42":0,"43":0,"44":0,"45":0,"46":0,"47":0,"48":0,"49":0,"50":0,"51":0,"52":0,"53":0,"54":0,"55":0,"56":0,"57":0,"58":0,"59":0,"60":0,"61":0,"62":0,"63":0},"f":{"0":0,"1":0,"2":0,"3":0,"4":0,"5":0,"6":0,"7":0,"8":0,"9":0,"10":0,"11":0,"12":0,"13":0,"14":0,"15":0,"16":0,"17":0,"18":0,"19":0,"20":0,"21":0,"22":0,"23":0,"24":0},"b":{"0":[0,0],"1":[0,0],"2":[0,0],"3":[0,0],"4":[0,0],"5":[0,0],"6":[0,0],"7":[0,0],"8":[0,0],"9":[0],"10":[0,0],"11":[0,0],"12":[0,0],"13":[0,0],"14":[0,0],"15":[0,0],"16":[0]}}
,"/Users/admin/projects/comapny-website/src/app/api/analytics/route.ts": {"path":"/Users/admin/projects/comapny-website/src/app/api/analytics/route.ts","statementMap":{"0":{"start":{"line":649,"column":22},"end":{"line":649,"column":28}},"1":{"start":{"line":455,"column":22},"end":{"line":455,"column":25}},"2":{"start":{"line":190,"column":22},"end":{"line":190,"column":26}},"3":{"start":{"line":1,"column":42},"end":{"line":1,"column":null}},"4":{"start":{"line":4,"column":26},"end":{"line":4,"column":37}},"5":{"start":{"line":5,"column":30},"end":{"line":5,"column":34}},"6":{"start":{"line":6,"column":21},"end":{"line":6,"column":null}},"7":{"start":{"line":9,"column":24},"end":{"line":9,"column":null}},"8":{"start":{"line":10,"column":17},"end":{"line":10,"column":null}},"9":{"start":{"line":13,"column":26},"end":{"line":43,"column":null}},"10":{"start":{"line":46,"column":21},"end":{"line":51,"column":null}},"11":{"start":{"line":55,"column":20},"end":{"line":55,"column":null}},"12":{"start":{"line":56,"column":15},"end":{"line":56,"column":null}},"13":{"start":{"line":57,"column":13},"end":{"line":57,"column":null}},"14":{"start":{"line":58,"column":2},"end":{"line":58,"column":null}},"15":{"start":{"line":63,"column":2},"end":{"line":63,"column":null}},"16":{"start":{"line":68,"column":2},"end":{"line":68,"column":null}},"17":{"start":{"line":73,"column":14},"end":{"line":73,"column":null}},"18":{"start":{"line":74,"column":16},"end":{"line":74,"column":null}},"19":{"start":{"line":76,"column":2},"end":{"line":79,"column":null}},"20":{"start":{"line":77,"column":4},"end":{"line":77,"column":null}},"21":{"start":{"line":78,"column":4},"end":{"line":78,"column":null}},"22":{"start":{"line":81,"column":2},"end":{"line":84,"column":null}},"23":{"start":{"line":82,"column":23},"end":{"line":82,"column":null}},"24":{"start":{"line":83,"column":4},"end":{"line":83,"column":null}},"25":{"start":{"line":86,"column":2},"end":{"line":86,"column":null}},"26":{"start":{"line":87,"column":2},"end":{"line":87,"column":null}},"27":{"start":{"line":92,"column":2},"end":{"line":92,"column":null}},"28":{"start":{"line":92,"column":33},"end":{"line":92,"column":null}},"29":{"start":{"line":94,"column":2},"end":{"line":101,"column":null}},"30":{"start":{"line":106,"column":13},"end":{"line":106,"column":null}},"31":{"start":{"line":109,"column":19},"end":{"line":109,"column":null}},"32":{"start":{"line":110,"column":2},"end":{"line":111,"column":null}},"33":{"start":{"line":110,"column":41},"end":{"line":110,"column":null}},"34":{"start":{"line":111,"column":7},"end":{"line":111,"column":null}},"35":{"start":{"line":111,"column":36},"end":{"line":111,"column":null}},"36":{"start":{"line":114,"column":11},"end":{"line":114,"column":null}},"37":{"start":{"line":115,"column":2},"end":{"line":119,"column":null}},"38":{"start":{"line":115,"column":27},"end":{"line":115,"column":null}},"39":{"start":{"line":116,"column":7},"end":{"line":119,"column":null}},"40":{"start":{"line":116,"column":28},"end":{"line":116,"column":null}},"41":{"start":{"line":117,"column":7},"end":{"line":119,"column":null}},"42":{"start":{"line":117,"column":30},"end":{"line":117,"column":null}},"43":{"start":{"line":118,"column":7},"end":{"line":119,"column":null}},"44":{"start":{"line":118,"column":32},"end":{"line":118,"column":null}},"45":{"start":{"line":119,"column":7},"end":{"line":119,"column":null}},"46":{"start":{"line":119,"column":40},"end":{"line":119,"column":null}},"47":{"start":{"line":122,"column":16},"end":{"line":122,"column":null}},"48":{"start":{"line":123,"column":2},"end":{"line":126,"column":null}},"49":{"start":{"line":123,"column":47},"end":{"line":123,"column":null}},"50":{"start":{"line":124,"column":7},"end":{"line":126,"column":null}},"51":{"start":{"line":124,"column":54},"end":{"line":124,"column":null}},"52":{"start":{"line":125,"column":7},"end":{"line":126,"column":null}},"53":{"start":{"line":125,"column":32},"end":{"line":125,"column":null}},"54":{"start":{"line":126,"column":7},"end":{"line":126,"column":null}},"55":{"start":{"line":126,"column":29},"end":{"line":126,"column":null}},"56":{"start":{"line":128,"column":2},"end":{"line":128,"column":null}},"57":{"start":{"line":138,"column":35},"end":{"line":138,"column":37}},"58":{"start":{"line":141,"column":2},"end":{"line":156,"column":null}},"59":{"start":{"line":142,"column":4},"end":{"line":154,"column":null}},"60":{"start":{"line":154,"column":22},"end":{"line":154,"column":null}},"61":{"start":{"line":159,"column":2},"end":{"line":160,"column":null}},"62":{"start":{"line":160,"column":4},"end":{"line":160,"column":null}},"63":{"start":{"line":166,"column":2},"end":{"line":166,"column":null}},"64":{"start":{"line":166,"column":34},"end":{"line":166,"column":null}},"65":{"start":{"line":168,"column":21},"end":{"line":168,"column":null}},"66":{"start":{"line":171,"column":26},"end":{"line":171,"column":null}},"67":{"start":{"line":172,"column":2},"end":{"line":177,"column":null}},"68":{"start":{"line":173,"column":4},"end":{"line":176,"column":null}},"69":{"start":{"line":175,"column":6},"end":{"line":175,"column":null}},"70":{"start":{"line":180,"column":2},"end":{"line":184,"column":null}},"71":{"start":{"line":181,"column":4},"end":{"line":183,"column":null}},"72":{"start":{"line":182,"column":6},"end":{"line":182,"column":null}},"73":{"start":{"line":186,"column":2},"end":{"line":186,"column":null}},"74":{"start":{"line":191,"column":2},"end":{"line":451,"column":null}},"75":{"start":{"line":193,"column":21},"end":{"line":193,"column":null}},"76":{"start":{"line":194,"column":27},"end":{"line":194,"column":null}},"77":{"start":{"line":196,"column":4},"end":{"line":209,"column":null}},"78":{"start":{"line":197,"column":6},"end":{"line":207,"column":null}},"79":{"start":{"line":213,"column":4},"end":{"line":220,"column":null}},"80":{"start":{"line":214,"column":6},"end":{"line":214,"column":null}},"81":{"start":{"line":216,"column":6},"end":{"line":218,"column":null}},"82":{"start":{"line":231,"column":8},"end":{"line":231,"column":null}},"83":{"start":{"line":234,"column":4},"end":{"line":239,"column":null}},"84":{"start":{"line":235,"column":6},"end":{"line":237,"column":null}},"85":{"start":{"line":242,"column":25},"end":{"line":245,"column":null}},"86":{"start":{"line":247,"column":4},"end":{"line":252,"column":null}},"87":{"start":{"line":248,"column":6},"end":{"line":250,"column":null}},"88":{"start":{"line":256,"column":4},"end":{"line":281,"column":null}},"89":{"start":{"line":257,"column":6},"end":{"line":257,"column":null}},"90":{"start":{"line":258,"column":6},"end":{"line":258,"column":null}},"91":{"start":{"line":259,"column":6},"end":{"line":259,"column":null}},"92":{"start":{"line":261,"column":27},"end":{"line":261,"column":null}},"93":{"start":{"line":262,"column":24},"end":{"line":262,"column":null}},"94":{"start":{"line":263,"column":25},"end":{"line":263,"column":null}},"95":{"start":{"line":265,"column":6},"end":{"line":278,"column":null}},"96":{"start":{"line":280,"column":6},"end":{"line":280,"column":null}},"97":{"start":{"line":284,"column":4},"end":{"line":286,"column":null}},"98":{"start":{"line":285,"column":6},"end":{"line":285,"column":null}},"99":{"start":{"line":289,"column":31},"end":{"line":291,"column":null}},"100":{"start":{"line":293,"column":30},"end":{"line":295,"column":null}},"101":{"start":{"line":298,"column":20},"end":{"line":298,"column":null}},"102":{"start":{"line":299,"column":18},"end":{"line":320,"column":null}},"103":{"start":{"line":323,"column":4},"end":{"line":323,"column":null}},"104":{"start":{"line":326,"column":4},"end":{"line":330,"column":null}},"105":{"start":{"line":334,"column":4},"end":{"line":396,"column":null}},"106":{"start":{"line":337,"column":8},"end":{"line":337,"column":null}},"107":{"start":{"line":338,"column":8},"end":{"line":338,"column":null}},"108":{"start":{"line":339,"column":8},"end":{"line":339,"column":null}},"109":{"start":{"line":343,"column":8},"end":{"line":343,"column":null}},"110":{"start":{"line":344,"column":8},"end":{"line":344,"column":null}},"111":{"start":{"line":345,"column":8},"end":{"line":345,"column":null}},"112":{"start":{"line":349,"column":8},"end":{"line":353,"column":null}},"113":{"start":{"line":354,"column":8},"end":{"line":354,"column":null}},"114":{"start":{"line":358,"column":8},"end":{"line":362,"column":null}},"115":{"start":{"line":363,"column":8},"end":{"line":363,"column":null}},"116":{"start":{"line":368,"column":8},"end":{"line":372,"column":null}},"117":{"start":{"line":373,"column":8},"end":{"line":373,"column":null}},"118":{"start":{"line":377,"column":8},"end":{"line":385,"column":null}},"119":{"start":{"line":386,"column":8},"end":{"line":386,"column":null}},"120":{"start":{"line":390,"column":8},"end":{"line":394,"column":null}},"121":{"start":{"line":395,"column":8},"end":{"line":395,"column":null}},"122":{"start":{"line":399,"column":4},"end":{"line":418,"column":null}},"123":{"start":{"line":400,"column":18},"end":{"line":400,"column":null}},"124":{"start":{"line":401,"column":25},"end":{"line":401,"column":null}},"125":{"start":{"line":404,"column":6},"end":{"line":408,"column":null}},"126":{"start":{"line":405,"column":8},"end":{"line":407,"column":null}},"127":{"start":{"line":406,"column":10},"end":{"line":406,"column":null}},"128":{"start":{"line":411,"column":6},"end":{"line":417,"column":null}},"129":{"start":{"line":412,"column":29},"end":{"line":412,"column":null}},"130":{"start":{"line":413,"column":8},"end":{"line":416,"column":null}},"131":{"start":{"line":414,"column":10},"end":{"line":414,"column":null}},"132":{"start":{"line":421,"column":4},"end":{"line":439,"column":null}},"133":{"start":{"line":442,"column":4},"end":{"line":445,"column":null}},"134":{"start":{"line":447,"column":4},"end":{"line":449,"column":null}},"135":{"start":{"line":456,"column":2},"end":{"line":645,"column":null}},"136":{"start":{"line":458,"column":23},"end":{"line":458,"column":null}},"137":{"start":{"line":459,"column":19},"end":{"line":459,"column":null}},"138":{"start":{"line":461,"column":4},"end":{"line":466,"column":null}},"139":{"start":{"line":462,"column":6},"end":{"line":464,"column":null}},"140":{"start":{"line":468,"column":18},"end":{"line":468,"column":null}},"141":{"start":{"line":469,"column":4},"end":{"line":474,"column":null}},"142":{"start":{"line":470,"column":6},"end":{"line":472,"column":null}},"143":{"start":{"line":476,"column":16},"end":{"line":476,"column":null}},"144":{"start":{"line":477,"column":19},"end":{"line":477,"column":null}},"145":{"start":{"line":478,"column":19},"end":{"line":478,"column":null}},"146":{"start":{"line":479,"column":22},"end":{"line":479,"column":null}},"147":{"start":{"line":482,"column":16},"end":{"line":482,"column":null}},"148":{"start":{"line":483,"column":20},"end":{"line":483,"column":null}},"149":{"start":{"line":485,"column":4},"end":{"line":491,"column":null}},"150":{"start":{"line":486,"column":17},"end":{"line":486,"column":51}},"151":{"start":{"line":486,"column":51},"end":{"line":486,"column":null}},"152":{"start":{"line":487,"column":18},"end":{"line":487,"column":57}},"153":{"start":{"line":487,"column":57},"end":{"line":487,"column":null}},"154":{"start":{"line":488,"column":17},"end":{"line":488,"column":60}},"155":{"start":{"line":488,"column":60},"end":{"line":488,"column":null}},"156":{"start":{"line":489,"column":18},"end":{"line":489,"column":62}},"157":{"start":{"line":489,"column":62},"end":{"line":489,"column":null}},"158":{"start":{"line":490,"column":15},"end":{"line":490,"column":null}},"159":{"start":{"line":494,"column":19},"end":{"line":497,"column":null}},"160":{"start":{"line":495,"column":24},"end":{"line":495,"column":null}},"161":{"start":{"line":496,"column":6},"end":{"line":496,"column":null}},"162":{"start":{"line":499,"column":27},"end":{"line":502,"column":null}},"163":{"start":{"line":500,"column":26},"end":{"line":500,"column":null}},"164":{"start":{"line":501,"column":6},"end":{"line":501,"column":null}},"165":{"start":{"line":504,"column":4},"end":{"line":637,"column":null}},"166":{"start":{"line":507,"column":26},"end":{"line":507,"column":75}},"167":{"start":{"line":507,"column":45},"end":{"line":507,"column":69}},"168":{"start":{"line":508,"column":31},"end":{"line":510,"column":62}},"169":{"start":{"line":510,"column":44},"end":{"line":510,"column":55}},"170":{"start":{"line":511,"column":28},"end":{"line":511,"column":78}},"171":{"start":{"line":511,"column":47},"end":{"line":511,"column":72}},"172":{"start":{"line":512,"column":23},"end":{"line":512,"column":68}},"173":{"start":{"line":512,"column":42},"end":{"line":512,"column":62}},"174":{"start":{"line":513,"column":29},"end":{"line":513,"column":85}},"175":{"start":{"line":513,"column":48},"end":{"line":513,"column":79}},"176":{"start":{"line":514,"column":30},"end":{"line":514,"column":83}},"177":{"start":{"line":514,"column":49},"end":{"line":514,"column":77}},"178":{"start":{"line":517,"column":24},"end":{"line":520,"column":null}},"179":{"start":{"line":518,"column":10},"end":{"line":518,"column":null}},"180":{"start":{"line":519,"column":10},"end":{"line":519,"column":null}},"181":{"start":{"line":523,"column":25},"end":{"line":526,"column":null}},"182":{"start":{"line":524,"column":10},"end":{"line":524,"column":null}},"183":{"start":{"line":525,"column":10},"end":{"line":525,"column":null}},"184":{"start":{"line":529,"column":51},"end":{"line":529,"column":null}},"185":{"start":{"line":530,"column":8},"end":{"line":534,"column":null}},"186":{"start":{"line":530,"column":27},"end":{"line":530,"column":51}},"187":{"start":{"line":531,"column":10},"end":{"line":533,"column":null}},"188":{"start":{"line":532,"column":12},"end":{"line":532,"column":null}},"189":{"start":{"line":536,"column":25},"end":{"line":539,"column":null}},"190":{"start":{"line":537,"column":26},"end":{"line":537,"column":37}},"191":{"start":{"line":539,"column":34},"end":{"line":539,"column":null}},"192":{"start":{"line":541,"column":8},"end":{"line":564,"column":null}},"193":{"start":{"line":555,"column":63},"end":{"line":555,"column":88}},"194":{"start":{"line":568,"column":30},"end":{"line":576,"column":null}},"195":{"start":{"line":569,"column":26},"end":{"line":569,"column":null}},"196":{"start":{"line":571,"column":21},"end":{"line":576,"column":null}},"197":{"start":{"line":578,"column":8},"end":{"line":584,"column":null}},"198":{"start":{"line":588,"column":31},"end":{"line":588,"column":null}},"199":{"start":{"line":589,"column":31},"end":{"line":590,"column":null}},"200":{"start":{"line":590,"column":10},"end":{"line":590,"column":null}},"201":{"start":{"line":592,"column":33},"end":{"line":593,"column":null}},"202":{"start":{"line":593,"column":10},"end":{"line":593,"column":null}},"203":{"start":{"line":596,"column":8},"end":{"line":608,"column":null}},"204":{"start":{"line":604,"column":29},"end":{"line":604,"column":38}},"205":{"start":{"line":605,"column":26},"end":{"line":605,"column":35}},"206":{"start":{"line":612,"column":20},"end":{"line":617,"column":null}},"207":{"start":{"line":615,"column":12},"end":{"line":615,"column":133}},"208":{"start":{"line":619,"column":8},"end":{"line":625,"column":null}},"209":{"start":{"line":628,"column":8},"end":{"line":636,"column":null}},"210":{"start":{"line":640,"column":4},"end":{"line":640,"column":null}},"211":{"start":{"line":641,"column":4},"end":{"line":643,"column":null}},"212":{"start":{"line":650,"column":2},"end":{"line":716,"column":null}},"213":{"start":{"line":652,"column":23},"end":{"line":652,"column":null}},"214":{"start":{"line":653,"column":19},"end":{"line":653,"column":null}},"215":{"start":{"line":655,"column":4},"end":{"line":660,"column":null}},"216":{"start":{"line":656,"column":6},"end":{"line":658,"column":null}},"217":{"start":{"line":662,"column":18},"end":{"line":662,"column":null}},"218":{"start":{"line":663,"column":4},"end":{"line":668,"column":null}},"219":{"start":{"line":664,"column":6},"end":{"line":666,"column":null}},"220":{"start":{"line":670,"column":21},"end":{"line":670,"column":null}},"221":{"start":{"line":672,"column":4},"end":{"line":681,"column":null}},"222":{"start":{"line":673,"column":6},"end":{"line":673,"column":null}},"223":{"start":{"line":674,"column":6},"end":{"line":674,"column":null}},"224":{"start":{"line":675,"column":6},"end":{"line":675,"column":null}},"225":{"start":{"line":677,"column":6},"end":{"line":680,"column":null}},"226":{"start":{"line":683,"column":4},"end":{"line":703,"column":null}},"227":{"start":{"line":685,"column":28},"end":{"line":685,"column":null}},"228":{"start":{"line":687,"column":6},"end":{"line":691,"column":null}},"229":{"start":{"line":688,"column":8},"end":{"line":690,"column":null}},"230":{"start":{"line":689,"column":10},"end":{"line":689,"column":null}},"231":{"start":{"line":693,"column":6},"end":{"line":697,"column":null}},"232":{"start":{"line":694,"column":8},"end":{"line":696,"column":null}},"233":{"start":{"line":695,"column":10},"end":{"line":695,"column":null}},"234":{"start":{"line":699,"column":6},"end":{"line":702,"column":null}},"235":{"start":{"line":705,"column":4},"end":{"line":707,"column":null}},"236":{"start":{"line":711,"column":4},"end":{"line":711,"column":null}},"237":{"start":{"line":712,"column":4},"end":{"line":714,"column":null}}},"fnMap":{"0":{"name":"getClientIp","decl":{"start":{"line":54,"column":9},"end":{"line":54,"column":21}},"loc":{"start":{"line":54,"column":41},"end":{"line":59,"column":null}}},"1":{"name":"generateSessionId","decl":{"start":{"line":62,"column":9},"end":{"line":62,"column":null}},"loc":{"start":{"line":62,"column":9},"end":{"line":64,"column":null}}},"2":{"name":"generateEventId","decl":{"start":{"line":67,"column":9},"end":{"line":67,"column":null}},"loc":{"start":{"line":67,"column":9},"end":{"line":69,"column":null}}},"3":{"name":"checkRateLimit","decl":{"start":{"line":72,"column":9},"end":{"line":72,"column":24}},"loc":{"start":{"line":72,"column":34},"end":{"line":88,"column":null}}},"4":{"name":"sanitizeInput","decl":{"start":{"line":91,"column":9},"end":{"line":91,"column":23}},"loc":{"start":{"line":91,"column":58},"end":{"line":102,"column":null}}},"5":{"name":"parseUserAgent","decl":{"start":{"line":105,"column":9},"end":{"line":105,"column":24}},"loc":{"start":{"line":105,"column":41},"end":{"line":129,"column":null}}},"6":{"name":"forwardToExternalServices","decl":{"start":{"line":132,"column":15},"end":{"line":132,"column":null}},"loc":{"start":{"line":136,"column":17},"end":{"line":162,"column":null}}},"7":{"name":"(anonymous_11)","decl":{"start":{"line":154,"column":15},"end":{"line":154,"column":22}},"loc":{"start":{"line":154,"column":22},"end":{"line":154,"column":null}}},"8":{"name":"(anonymous_12)","decl":{"start":{"line":159,"column":30},"end":{"line":159,"column":null}},"loc":{"start":{"line":160,"column":4},"end":{"line":160,"column":null}}},"9":{"name":"anonymizeData","decl":{"start":{"line":165,"column":9},"end":{"line":165,"column":23}},"loc":{"start":{"line":165,"column":32},"end":{"line":187,"column":null}}},"10":{"name":"(anonymous_14)","decl":{"start":{"line":172,"column":26},"end":{"line":172,"column":null}},"loc":{"start":{"line":172,"column":26},"end":{"line":177,"column":null}}},"11":{"name":"(anonymous_15)","decl":{"start":{"line":180,"column":34},"end":{"line":180,"column":null}},"loc":{"start":{"line":180,"column":34},"end":{"line":184,"column":null}}},"12":{"name":"POST","decl":{"start":{"line":190,"column":22},"end":{"line":190,"column":26}},"loc":{"start":{"line":190,"column":47},"end":{"line":452,"column":null}}},"13":{"name":"(anonymous_17)","decl":{"start":{"line":404,"column":49},"end":{"line":404,"column":50}},"loc":{"start":{"line":404,"column":61},"end":{"line":408,"column":null}}},"14":{"name":"(anonymous_18)","decl":{"start":{"line":411,"column":45},"end":{"line":411,"column":46}},"loc":{"start":{"line":411,"column":56},"end":{"line":417,"column":null}}},"15":{"name":"GET","decl":{"start":{"line":455,"column":22},"end":{"line":455,"column":25}},"loc":{"start":{"line":455,"column":46},"end":{"line":646,"column":null}}},"16":{"name":"(anonymous_20)","decl":{"start":{"line":494,"column":63},"end":{"line":494,"column":null}},"loc":{"start":{"line":494,"column":63},"end":{"line":497,"column":null}}},"17":{"name":"(anonymous_21)","decl":{"start":{"line":499,"column":64},"end":{"line":499,"column":null}},"loc":{"start":{"line":499,"column":64},"end":{"line":502,"column":null}}},"18":{"name":"(anonymous_22)","decl":{"start":{"line":507,"column":40},"end":{"line":507,"column":45}},"loc":{"start":{"line":507,"column":45},"end":{"line":507,"column":69}}},"19":{"name":"(anonymous_23)","decl":{"start":{"line":510,"column":39},"end":{"line":510,"column":44}},"loc":{"start":{"line":510,"column":44},"end":{"line":510,"column":55}}},"20":{"name":"(anonymous_24)","decl":{"start":{"line":511,"column":42},"end":{"line":511,"column":47}},"loc":{"start":{"line":511,"column":47},"end":{"line":511,"column":72}}},"21":{"name":"(anonymous_25)","decl":{"start":{"line":512,"column":37},"end":{"line":512,"column":42}},"loc":{"start":{"line":512,"column":42},"end":{"line":512,"column":62}}},"22":{"name":"(anonymous_26)","decl":{"start":{"line":513,"column":43},"end":{"line":513,"column":48}},"loc":{"start":{"line":513,"column":48},"end":{"line":513,"column":79}}},"23":{"name":"(anonymous_27)","decl":{"start":{"line":514,"column":44},"end":{"line":514,"column":49}},"loc":{"start":{"line":514,"column":49},"end":{"line":514,"column":77}}},"24":{"name":"(anonymous_28)","decl":{"start":{"line":517,"column":46},"end":{"line":517,"column":47}},"loc":{"start":{"line":517,"column":52},"end":{"line":520,"column":11}}},"25":{"name":"(anonymous_29)","decl":{"start":{"line":523,"column":47},"end":{"line":523,"column":48}},"loc":{"start":{"line":523,"column":53},"end":{"line":526,"column":11}}},"26":{"name":"(anonymous_30)","decl":{"start":{"line":530,"column":22},"end":{"line":530,"column":27}},"loc":{"start":{"line":530,"column":27},"end":{"line":530,"column":51}}},"27":{"name":"(anonymous_31)","decl":{"start":{"line":530,"column":59},"end":{"line":530,"column":null}},"loc":{"start":{"line":530,"column":59},"end":{"line":534,"column":null}}},"28":{"name":"(anonymous_32)","decl":{"start":{"line":537,"column":16},"end":{"line":537,"column":17}},"loc":{"start":{"line":537,"column":26},"end":{"line":537,"column":37}}},"29":{"name":"(anonymous_33)","decl":{"start":{"line":539,"column":15},"end":{"line":539,"column":16}},"loc":{"start":{"line":539,"column":34},"end":{"line":539,"column":null}}},"30":{"name":"(anonymous_34)","decl":{"start":{"line":555,"column":51},"end":{"line":555,"column":52}},"loc":{"start":{"line":555,"column":63},"end":{"line":555,"column":88}}},"31":{"name":"(anonymous_35)","decl":{"start":{"line":569,"column":16},"end":{"line":569,"column":17}},"loc":{"start":{"line":569,"column":26},"end":{"line":569,"column":null}}},"32":{"name":"(anonymous_36)","decl":{"start":{"line":571,"column":15},"end":{"line":571,"column":21}},"loc":{"start":{"line":571,"column":21},"end":{"line":576,"column":null}}},"33":{"name":"(anonymous_37)","decl":{"start":{"line":589,"column":45},"end":{"line":589,"column":null}},"loc":{"start":{"line":590,"column":10},"end":{"line":590,"column":null}}},"34":{"name":"(anonymous_38)","decl":{"start":{"line":592,"column":55},"end":{"line":592,"column":null}},"loc":{"start":{"line":593,"column":10},"end":{"line":593,"column":null}}},"35":{"name":"(anonymous_39)","decl":{"start":{"line":604,"column":24},"end":{"line":604,"column":29}},"loc":{"start":{"line":604,"column":29},"end":{"line":604,"column":38}}},"36":{"name":"(anonymous_40)","decl":{"start":{"line":605,"column":21},"end":{"line":605,"column":26}},"loc":{"start":{"line":605,"column":26},"end":{"line":605,"column":35}}},"37":{"name":"(anonymous_41)","decl":{"start":{"line":614,"column":24},"end":{"line":614,"column":null}},"loc":{"start":{"line":615,"column":12},"end":{"line":615,"column":133}}},"38":{"name":"DELETE","decl":{"start":{"line":649,"column":22},"end":{"line":649,"column":28}},"loc":{"start":{"line":649,"column":49},"end":{"line":717,"column":null}}},"39":{"name":"(anonymous_43)","decl":{"start":{"line":687,"column":52},"end":{"line":687,"column":53}},"loc":{"start":{"line":687,"column":64},"end":{"line":691,"column":null}}},"40":{"name":"(anonymous_44)","decl":{"start":{"line":693,"column":45},"end":{"line":693,"column":46}},"loc":{"start":{"line":693,"column":59},"end":{"line":697,"column":null}}}},"branchMap":{"0":{"loc":{"start":{"line":49,"column":18},"end":{"line":49,"column":null}},"type":"binary-expr","locations":[{"start":{"line":49,"column":18},"end":{"line":49,"column":51}},{"start":{"line":49,"column":55},"end":{"line":49,"column":null}}]},"1":{"loc":{"start":{"line":57,"column":13},"end":{"line":57,"column":null}},"type":"binary-expr","locations":[{"start":{"line":57,"column":13},"end":{"line":57,"column":37}},{"start":{"line":57,"column":41},"end":{"line":57,"column":49}},{"start":{"line":57,"column":49},"end":{"line":57,"column":null}}]},"2":{"loc":{"start":{"line":76,"column":2},"end":{"line":79,"column":null}},"type":"if","locations":[{"start":{"line":76,"column":2},"end":{"line":79,"column":null}},{"start":{},"end":{}}]},"3":{"loc":{"start":{"line":76,"column":6},"end":{"line":76,"column":37}},"type":"binary-expr","locations":[{"start":{"line":76,"column":6},"end":{"line":76,"column":16}},{"start":{"line":76,"column":16},"end":{"line":76,"column":37}}]},"4":{"loc":{"start":{"line":81,"column":2},"end":{"line":84,"column":null}},"type":"if","locations":[{"start":{"line":81,"column":2},"end":{"line":84,"column":null}},{"start":{},"end":{}}]},"5":{"loc":{"start":{"line":91,"column":35},"end":{"line":91,"column":58}},"type":"default-arg","locations":[{"start":{"line":91,"column":55},"end":{"line":91,"column":58}}]},"6":{"loc":{"start":{"line":92,"column":2},"end":{"line":92,"column":null}},"type":"if","locations":[{"start":{"line":92,"column":2},"end":{"line":92,"column":null}},{"start":{},"end":{}}]},"7":{"loc":{"start":{"line":110,"column":2},"end":{"line":111,"column":null}},"type":"if","locations":[{"start":{"line":110,"column":2},"end":{"line":111,"column":null}},{"start":{"line":111,"column":7},"end":{"line":111,"column":null}}]},"8":{"loc":{"start":{"line":111,"column":7},"end":{"line":111,"column":null}},"type":"if","locations":[{"start":{"line":111,"column":7},"end":{"line":111,"column":null}},{"start":{},"end":{}}]},"9":{"loc":{"start":{"line":115,"column":2},"end":{"line":119,"column":null}},"type":"if","locations":[{"start":{"line":115,"column":2},"end":{"line":119,"column":null}},{"start":{"line":116,"column":7},"end":{"line":119,"column":null}}]},"10":{"loc":{"start":{"line":116,"column":7},"end":{"line":119,"column":null}},"type":"if","locations":[{"start":{"line":116,"column":7},"end":{"line":119,"column":null}},{"start":{"line":117,"column":7},"end":{"line":119,"column":null}}]},"11":{"loc":{"start":{"line":117,"column":7},"end":{"line":119,"column":null}},"type":"if","locations":[{"start":{"line":117,"column":7},"end":{"line":119,"column":null}},{"start":{"line":118,"column":7},"end":{"line":119,"column":null}}]},"12":{"loc":{"start":{"line":118,"column":7},"end":{"line":119,"column":null}},"type":"if","locations":[{"start":{"line":118,"column":7},"end":{"line":119,"column":null}},{"start":{"line":119,"column":7},"end":{"line":119,"column":null}}]},"13":{"loc":{"start":{"line":119,"column":7},"end":{"line":119,"column":null}},"type":"if","locations":[{"start":{"line":119,"column":7},"end":{"line":119,"column":null}},{"start":{},"end":{}}]},"14":{"loc":{"start":{"line":123,"column":2},"end":{"line":126,"column":null}},"type":"if","locations":[{"start":{"line":123,"column":2},"end":{"line":126,"column":null}},{"start":{"line":124,"column":7},"end":{"line":126,"column":null}}]},"15":{"loc":{"start":{"line":123,"column":6},"end":{"line":123,"column":47}},"type":"binary-expr","locations":[{"start":{"line":123,"column":6},"end":{"line":123,"column":28}},{"start":{"line":123,"column":28},"end":{"line":123,"column":47}}]},"16":{"loc":{"start":{"line":124,"column":7},"end":{"line":126,"column":null}},"type":"if","locations":[{"start":{"line":124,"column":7},"end":{"line":126,"column":null}},{"start":{"line":125,"column":7},"end":{"line":126,"column":null}}]},"17":{"loc":{"start":{"line":124,"column":11},"end":{"line":124,"column":54}},"type":"binary-expr","locations":[{"start":{"line":124,"column":11},"end":{"line":124,"column":33}},{"start":{"line":124,"column":33},"end":{"line":124,"column":54}}]},"18":{"loc":{"start":{"line":125,"column":7},"end":{"line":126,"column":null}},"type":"if","locations":[{"start":{"line":125,"column":7},"end":{"line":126,"column":null}},{"start":{"line":126,"column":7},"end":{"line":126,"column":null}}]},"19":{"loc":{"start":{"line":126,"column":7},"end":{"line":126,"column":null}},"type":"if","locations":[{"start":{"line":126,"column":7},"end":{"line":126,"column":null}},{"start":{},"end":{}}]},"20":{"loc":{"start":{"line":141,"column":2},"end":{"line":156,"column":null}},"type":"if","locations":[{"start":{"line":141,"column":2},"end":{"line":156,"column":null}},{"start":{},"end":{}}]},"21":{"loc":{"start":{"line":166,"column":2},"end":{"line":166,"column":null}},"type":"if","locations":[{"start":{"line":166,"column":2},"end":{"line":166,"column":null}},{"start":{},"end":{}}]},"22":{"loc":{"start":{"line":173,"column":4},"end":{"line":176,"column":null}},"type":"if","locations":[{"start":{"line":173,"column":4},"end":{"line":176,"column":null}},{"start":{},"end":{}}]},"23":{"loc":{"start":{"line":181,"column":4},"end":{"line":183,"column":null}},"type":"if","locations":[{"start":{"line":181,"column":4},"end":{"line":183,"column":null}},{"start":{},"end":{}}]},"24":{"loc":{"start":{"line":181,"column":8},"end":{"line":181,"column":73}},"type":"binary-expr","locations":[{"start":{"line":181,"column":8},"end":{"line":181,"column":47}},{"start":{"line":181,"column":47},"end":{"line":181,"column":73}}]},"25":{"loc":{"start":{"line":196,"column":4},"end":{"line":209,"column":null}},"type":"if","locations":[{"start":{"line":196,"column":4},"end":{"line":209,"column":null}},{"start":{},"end":{}}]},"26":{"loc":{"start":{"line":205,"column":34},"end":{"line":205,"column":null}},"type":"binary-expr","locations":[{"start":{"line":205,"column":34},"end":{"line":205,"column":59}},{"start":{"line":205,"column":63},"end":{"line":205,"column":null}}]},"27":{"loc":{"start":{"line":234,"column":4},"end":{"line":239,"column":null}},"type":"if","locations":[{"start":{"line":234,"column":4},"end":{"line":239,"column":null}},{"start":{},"end":{}}]},"28":{"loc":{"start":{"line":242,"column":25},"end":{"line":245,"column":null}},"type":"binary-expr","locations":[{"start":{"line":242,"column":25},"end":{"line":242,"column":null}},{"start":{"line":243,"column":24},"end":{"line":243,"column":null}},{"start":{"line":244,"column":24},"end":{"line":244,"column":null}},{"start":{"line":245,"column":24},"end":{"line":245,"column":null}}]},"29":{"loc":{"start":{"line":247,"column":4},"end":{"line":252,"column":null}},"type":"if","locations":[{"start":{"line":247,"column":4},"end":{"line":252,"column":null}},{"start":{},"end":{}}]},"30":{"loc":{"start":{"line":256,"column":4},"end":{"line":281,"column":null}},"type":"if","locations":[{"start":{"line":256,"column":4},"end":{"line":281,"column":null}},{"start":{"line":260,"column":11},"end":{"line":281,"column":null}}]},"31":{"loc":{"start":{"line":256,"column":8},"end":{"line":256,"column":46}},"type":"binary-expr","locations":[{"start":{"line":256,"column":8},"end":{"line":256,"column":21}},{"start":{"line":256,"column":21},"end":{"line":256,"column":46}}]},"32":{"loc":{"start":{"line":261,"column":27},"end":{"line":261,"column":null}},"type":"binary-expr","locations":[{"start":{"line":261,"column":27},"end":{"line":261,"column":40}},{"start":{"line":261,"column":40},"end":{"line":261,"column":null}}]},"33":{"loc":{"start":{"line":262,"column":24},"end":{"line":262,"column":null}},"type":"binary-expr","locations":[{"start":{"line":262,"column":24},"end":{"line":262,"column":61}},{"start":{"line":262,"column":61},"end":{"line":262,"column":null}}]},"34":{"loc":{"start":{"line":269,"column":16},"end":{"line":269,"column":null}},"type":"binary-expr","locations":[{"start":{"line":269,"column":16},"end":{"line":269,"column":26}},{"start":{"line":269,"column":26},"end":{"line":269,"column":null}}]},"35":{"loc":{"start":{"line":273,"column":16},"end":{"line":273,"column":null}},"type":"binary-expr","locations":[{"start":{"line":273,"column":16},"end":{"line":273,"column":69}},{"start":{"line":273,"column":73},"end":{"line":273,"column":null}}]},"36":{"loc":{"start":{"line":274,"column":18},"end":{"line":274,"column":null}},"type":"binary-expr","locations":[{"start":{"line":274,"column":18},"end":{"line":274,"column":30}},{"start":{"line":274,"column":30},"end":{"line":274,"column":64}},{"start":{"line":274,"column":64},"end":{"line":274,"column":null}}]},"37":{"loc":{"start":{"line":284,"column":4},"end":{"line":286,"column":null}},"type":"if","locations":[{"start":{"line":284,"column":4},"end":{"line":286,"column":null}},{"start":{},"end":{}}]},"38":{"loc":{"start":{"line":289,"column":31},"end":{"line":291,"column":null}},"type":"cond-expr","locations":[{"start":{"line":290,"column":8},"end":{"line":290,"column":null}},{"start":{"line":291,"column":9},"end":{"line":291,"column":null}}]},"39":{"loc":{"start":{"line":290,"column":22},"end":{"line":290,"column":null}},"type":"binary-expr","locations":[{"start":{"line":290,"column":22},"end":{"line":290,"column":35}},{"start":{"line":290,"column":35},"end":{"line":290,"column":null}}]},"40":{"loc":{"start":{"line":291,"column":9},"end":{"line":291,"column":null}},"type":"binary-expr","locations":[{"start":{"line":291,"column":9},"end":{"line":291,"column":22}},{"start":{"line":291,"column":22},"end":{"line":291,"column":null}}]},"41":{"loc":{"start":{"line":293,"column":30},"end":{"line":295,"column":null}},"type":"cond-expr","locations":[{"start":{"line":294,"column":8},"end":{"line":294,"column":null}},{"start":{"line":295,"column":9},"end":{"line":295,"column":null}}]},"42":{"loc":{"start":{"line":294,"column":22},"end":{"line":294,"column":null}},"type":"binary-expr","locations":[{"start":{"line":294,"column":22},"end":{"line":294,"column":34}},{"start":{"line":294,"column":34},"end":{"line":294,"column":null}}]},"43":{"loc":{"start":{"line":295,"column":9},"end":{"line":295,"column":null}},"type":"binary-expr","locations":[{"start":{"line":295,"column":9},"end":{"line":295,"column":21}},{"start":{"line":295,"column":21},"end":{"line":295,"column":null}}]},"44":{"loc":{"start":{"line":303,"column":14},"end":{"line":303,"column":null}},"type":"binary-expr","locations":[{"start":{"line":303,"column":14},"end":{"line":303,"column":24}},{"start":{"line":303,"column":24},"end":{"line":303,"column":null}}]},"45":{"loc":{"start":{"line":304,"column":17},"end":{"line":304,"column":null}},"type":"binary-expr","locations":[{"start":{"line":304,"column":17},"end":{"line":304,"column":30}},{"start":{"line":304,"column":30},"end":{"line":304,"column":null}}]},"46":{"loc":{"start":{"line":305,"column":15},"end":{"line":305,"column":null}},"type":"cond-expr","locations":[{"start":{"line":305,"column":25},"end":{"line":305,"column":55}},{"start":{"line":305,"column":55},"end":{"line":305,"column":null}}]},"47":{"loc":{"start":{"line":306,"column":16},"end":{"line":306,"column":null}},"type":"cond-expr","locations":[{"start":{"line":306,"column":27},"end":{"line":306,"column":58}},{"start":{"line":306,"column":58},"end":{"line":306,"column":null}}]},"48":{"loc":{"start":{"line":307,"column":17},"end":{"line":307,"column":null}},"type":"cond-expr","locations":[{"start":{"line":307,"column":45},"end":{"line":307,"column":60}},{"start":{"line":307,"column":60},"end":{"line":307,"column":null}}]},"49":{"loc":{"start":{"line":334,"column":4},"end":{"line":396,"column":null}},"type":"switch","locations":[{"start":{"line":335,"column":6},"end":{"line":339,"column":null}},{"start":{"line":341,"column":6},"end":{"line":
[...]
t":{"line":127,"column":33},"end":{"line":134,"column":null}}},"6":{"name":"(anonymous_7)","decl":{"start":{"line":139,"column":2},"end":{"line":139,"column":31}},"loc":{"start":{"line":139,"column":32},"end":{"line":146,"column":null}}},"7":{"name":"(anonymous_8)","decl":{"start":{"line":151,"column":2},"end":{"line":151,"column":23}},"loc":{"start":{"line":151,"column":70},"end":{"line":153,"column":null}}},"8":{"name":"(anonymous_9)","decl":{"start":{"line":158,"column":2},"end":{"line":158,"column":32}},"loc":{"start":{"line":158,"column":33},"end":{"line":162,"column":null}}},"9":{"name":"(anonymous_10)","decl":{"start":{"line":167,"column":2},"end":{"line":167,"column":24}},"loc":{"start":{"line":167,"column":86},"end":{"line":174,"column":null}}},"10":{"name":"(anonymous_11)","decl":{"start":{"line":171,"column":11},"end":{"line":171,"column":null}},"loc":{"start":{"line":171,"column":11},"end":{"line":173,"column":null}}},"11":{"name":"(anonymous_12)","decl":{"start":{"line":179,"column":2},"end":{"line":179,"column":34}},"loc":{"start":{"line":179,"column":35},"end":{"line":192,"column":null}}},"12":{"name":"(anonymous_13)","decl":{"start":{"line":189,"column":26},"end":{"line":189,"column":null}},"loc":{"start":{"line":189,"column":26},"end":{"line":191,"column":null}}},"13":{"name":"(anonymous_14)","decl":{"start":{"line":197,"column":2},"end":{"line":197,"column":34}},"loc":{"start":{"line":197,"column":35},"end":{"line":203,"column":null}}},"14":{"name":"(anonymous_15)","decl":{"start":{"line":201,"column":17},"end":{"line":201,"column":23}},"loc":{"start":{"line":201,"column":23},"end":{"line":201,"column":40}}},"15":{"name":"(anonymous_16)","decl":{"start":{"line":208,"column":2},"end":{"line":208,"column":36}},"loc":{"start":{"line":208,"column":37},"end":{"line":215,"column":null}}},"16":{"name":"(anonymous_17)","decl":{"start":{"line":212,"column":26},"end":{"line":212,"column":null}},"loc":{"start":{"line":212,"column":26},"end":{"line":214,"column":null}}},"17":{"name":"(anonymous_18)","decl":{"start":{"line":221,"column":2},"end":{"line":221,"column":16}},"loc":{"start":{"line":221,"column":52},"end":{"line":236,"column":null}}},"18":{"name":"(anonymous_19)","decl":{"start":{"line":238,"column":2},"end":{"line":238,"column":16}},"loc":{"start":{"line":238,"column":51},"end":{"line":250,"column":null}}},"19":{"name":"(anonymous_20)","decl":{"start":{"line":252,"column":2},"end":{"line":252,"column":16}},"loc":{"start":{"line":252,"column":45},"end":{"line":267,"column":null}}},"20":{"name":"(anonymous_21)","decl":{"start":{"line":269,"column":2},"end":{"line":269,"column":16}},"loc":{"start":{"line":269,"column":53},"end":{"line":273,"column":null}}},"21":{"name":"(anonymous_22)","decl":{"start":{"line":275,"column":10},"end":{"line":275,"column":55}},"loc":{"start":{"line":275,"column":55},"end":{"line":297,"column":null}}},"22":{"name":"(anonymous_23)","decl":{"start":{"line":299,"column":10},"end":{"line":299,"column":26}},"loc":{"start":{"line":299,"column":65},"end":{"line":315,"column":null}}},"23":{"name":"(anonymous_24)","decl":{"start":{"line":317,"column":10},"end":{"line":317,"column":23}},"loc":{"start":{"line":317,"column":62},"end":{"line":352,"column":null}}},"24":{"name":"(anonymous_25)","decl":{"start":{"line":354,"column":10},"end":{"line":354,"column":26}},"loc":{"start":{"line":354,"column":65},"end":{"line":362,"column":null}}},"25":{"name":"(anonymous_26)","decl":{"start":{"line":355,"column":34},"end":{"line":355,"column":null}},"loc":{"start":{"line":355,"column":34},"end":{"line":361,"column":null}}},"26":{"name":"(anonymous_27)","decl":{"start":{"line":364,"column":10},"end":{"line":364,"column":29}},"loc":{"start":{"line":364,"column":68},"end":{"line":374,"column":null}}},"27":{"name":"(anonymous_28)","decl":{"start":{"line":369,"column":18},"end":{"line":369,"column":25}},"loc":{"start":{"line":369,"column":25},"end":{"line":369,"column":79}}},"28":{"name":"(anonymous_29)","decl":{"start":{"line":376,"column":10},"end":{"line":376,"column":38}},"loc":{"start":{"line":376,"column":38},"end":{"line":384,"column":null}}},"29":{"name":"(anonymous_30)","decl":{"start":{"line":386,"column":10},"end":{"line":386,"column":39}},"loc":{"start":{"line":386,"column":39},"end":{"line":389,"column":null}}},"30":{"name":"(anonymous_31)","decl":{"start":{"line":391,"column":10},"end":{"line":391,"column":45}},"loc":{"start":{"line":391,"column":45},"end":{"line":431,"column":null}}},"31":{"name":"(anonymous_32)","decl":{"start":{"line":416,"column":71},"end":{"line":416,"column":null}},"loc":{"start":{"line":416,"column":71},"end":{"line":419,"column":null}}},"32":{"name":"(anonymous_33)","decl":{"start":{"line":421,"column":71},"end":{"line":421,"column":null}},"loc":{"start":{"line":421,"column":71},"end":{"line":424,"column":null}}},"33":{"name":"(anonymous_34)","decl":{"start":{"line":426,"column":73},"end":{"line":426,"column":null}},"loc":{"start":{"line":426,"column":73},"end":{"line":428,"column":null}}},"34":{"name":"(anonymous_35)","decl":{"start":{"line":433,"column":10},"end":{"line":433,"column":44}},"loc":{"start":{"line":433,"column":44},"end":{"line":521,"column":null}}},"35":{"name":"(anonymous_36)","decl":{"start":{"line":496,"column":69},"end":{"line":496,"column":null}},"loc":{"start":{"line":496,"column":69},"end":{"line":499,"column":null}}},"36":{"name":"(anonymous_37)","decl":{"start":{"line":498,"column":17},"end":{"line":498,"column":23}},"loc":{"start":{"line":498,"column":23},"end":{"line":498,"column":39}}},"37":{"name":"(anonymous_38)","decl":{"start":{"line":501,"column":68},"end":{"line":501,"column":null}},"loc":{"start":{"line":501,"column":68},"end":{"line":511,"column":null}}},"38":{"name":"(anonymous_39)","decl":{"start":{"line":510,"column":17},"end":{"line":510,"column":23}},"loc":{"start":{"line":510,"column":23},"end":{"line":510,"column":39}}},"39":{"name":"(anonymous_40)","decl":{"start":{"line":513,"column":74},"end":{"line":513,"column":null}},"loc":{"start":{"line":513,"column":74},"end":{"line":518,"column":null}}},"40":{"name":"(anonymous_41)","decl":{"start":{"line":517,"column":17},"end":{"line":517,"column":23}},"loc":{"start":{"line":517,"column":23},"end":{"line":517,"column":39}}},"41":{"name":"(anonymous_42)","decl":{"start":{"line":523,"column":10},"end":{"line":523,"column":31}},"loc":{"start":{"line":523,"column":31},"end":{"line":711,"column":null}}},"42":{"name":"(anonymous_43)","decl":{"start":{"line":713,"column":10},"end":{"line":713,"column":20}},"loc":{"start":{"line":713,"column":49},"end":{"line":720,"column":null}}},"43":{"name":"(anonymous_44)","decl":{"start":{"line":722,"column":10},"end":{"line":722,"column":20}},"loc":{"start":{"line":722,"column":69},"end":{"line":727,"column":null}}},"44":{"name":"(anonymous_45)","decl":{"start":{"line":729,"column":10},"end":{"line":729,"column":35}},"loc":{"start":{"line":729,"column":35},"end":{"line":737,"column":null}}},"45":{"name":"(anonymous_46)","decl":{"start":{"line":730,"column":39},"end":{"line":730,"column":null}},"loc":{"start":{"line":730,"column":39},"end":{"line":736,"column":null}}},"46":{"name":"(anonymous_47)","decl":{"start":{"line":739,"column":10},"end":{"line":739,"column":31}},"loc":{"start":{"line":739,"column":31},"end":{"line":749,"column":null}}},"47":{"name":"(anonymous_48)","decl":{"start":{"line":757,"column":34},"end":{"line":757,"column":null}},"loc":{"start":{"line":757,"column":34},"end":{"line":759,"column":null}}}},"branchMap":{"0":{"loc":{"start":{"line":52,"column":4},"end":{"line":55,"column":null}},"type":"if","locations":[{"start":{"line":52,"column":4},"end":{"line":55,"column":null}},{"start":{},"end":{}}]},"1":{"loc":{"start":{"line":65,"column":4},"end":{"line":69,"column":null}},"type":"if","locations":[{"start":{"line":65,"column":4},"end":{"line":69,"column":null}},{"start":{},"end":{}}]},"2":{"loc":{"start":{"line":74,"column":4},"end":{"line":80,"column":null}},"type":"if","locations":[{"start":{"line":74,"column":4},"end":{"line":80,"column":null}},{"start":{"line":77,"column":11},"end":{"line":80,"column":null}}]},"3":{"loc":{"start":{"line":74,"column":8},"end":{"line":74,"column":71}},"type":"binary-expr","locations":[{"start":{"line":74,"column":8},"end":{"line":74,"column":18}},{"start":{"line":74,"column":18},"end":{"line":74,"column":45}},{"start":{"line":74,"column":45},"end":{"line":74,"column":71}}]},"4":{"loc":{"start":{"line":94,"column":4},"end":{"line":94,"column":null}},"type":"if","locations":[{"start":{"line":94,"column":4},"end":{"line":94,"column":null}},{"start":{},"end":{}}]},"5":{"loc":{"start":{"line":101,"column":63},"end":{"line":101,"column":87}},"type":"default-arg","locations":[{"start":{"line":101,"column":83},"end":{"line":101,"column":87}}]},"6":{"loc":{"start":{"line":105,"column":19},"end":{"line":105,"column":null}},"type":"binary-expr","locations":[{"start":{"line":105,"column":19},"end":{"line":105,"column":39}},{"start":{"line":105,"column":43},"end":{"line":105,"column":null}}]},"7":{"loc":{"start":{"line":106,"column":19},"end":{"line":106,"column":null}},"type":"binary-expr","locations":[{"start":{"line":106,"column":19},"end":{"line":106,"column":39}},{"start":{"line":106,"column":43},"end":{"line":106,"column":null}}]},"8":{"loc":{"start":{"line":107,"column":20},"end":{"line":107,"column":null}},"type":"binary-expr","locations":[{"start":{"line":107,"column":20},"end":{"line":107,"column":41}},{"start":{"line":107,"column":45},"end":{"line":107,"column":null}}]},"9":{"loc":{"start":{"line":108,"column":21},"end":{"line":108,"column":null}},"type":"binary-expr","locations":[{"start":{"line":108,"column":21},"end":{"line":108,"column":43}},{"start":{"line":108,"column":47},"end":{"line":108,"column":null}}]},"10":{"loc":{"start":{"line":180,"column":4},"end":{"line":180,"column":null}},"type":"if","locations":[{"start":{"line":180,"column":4},"end":{"line":180,"column":null}},{"start":{},"end":{}}]},"11":{"loc":{"start":{"line":183,"column":4},"end":{"line":183,"column":null}},"type":"if","locations":[{"start":{"line":183,"column":4},"end":{"line":183,"column":null}},{"start":{},"end":{}}]},"12":{"loc":{"start":{"line":199,"column":4},"end":{"line":202,"column":null}},"type":"if","locations":[{"start":{"line":199,"column":4},"end":{"line":202,"column":null}},{"start":{},"end":{}}]},"13":{"loc":{"start":{"line":223,"column":4},"end":{"line":225,"column":null}},"type":"if","locations":[{"start":{"line":223,"column":4},"end":{"line":225,"column":null}},{"start":{},"end":{}}]},"14":{"loc":{"start":{"line":229,"column":4},"end":{"line":229,"column":null}},"type":"if","locations":[{"start":{"line":229,"column":4},"end":{"line":229,"column":null}},{"start":{},"end":{}}]},"15":{"loc":{"start":{"line":233,"column":4},"end":{"line":233,"column":null}},"type":"if","locations":[{"start":{"line":233,"column":4},"end":{"line":233,"column":null}},{"start":{},"end":{}}]},"16":{"loc":{"start":{"line":242,"column":6},"end":{"line":245,"column":null}},"type":"if","locations":[{"start":{"line":242,"column":6},"end":{"line":245,"column":null}},{"start":{},"end":{}}]},"17":{"loc":{"start":{"line":244,"column":24},"end":{"line":244,"column":null}},"type":"binary-expr","locations":[{"start":{"line":244,"column":24},"end":{"line":244,"column":33}},{"start":{"line":244,"column":37},"end":{"line":244,"column":null}}]},"18":{"loc":{"start":{"line":253,"column":4},"end":{"line":253,"column":null}},"type":"if","locations":[{"start":{"line":253,"column":4},"end":{"line":253,"column":null}},{"start":{},"end":{}}]},"19":{"loc":{"start":{"line":276,"column":4},"end":{"line":276,"column":null}},"type":"if","locations":[{"start":{"line":276,"column":4},"end":{"line":276,"column":null}},{"start":{},"end":{}}]},"20":{"loc":{"start":{"line":281,"column":6},"end":{"line":284,"column":null}},"type":"if","locations":[{"start":{"line":281,"column":6},"end":{"line":284,"column":null}},{"start":{},"end":{}}]},"21":{"loc":{"start":{"line":288,"column":6},"end":{"line":291,"column":null}},"type":"if","locations":[{"start":{"line":288,"column":6},"end":{"line":291,"column":null}},{"start":{},"end":{}}]},"22":{"loc":{"start":{"line":300,"column":4},"end":{"line":300,"column":null}},"type":"if","locations":[{"start":{"line":300,"column":4},"end":{"line":300,"column":null}},{"start":{},"end":{}}]},"23":{"loc":{"start":{"line":319,"column":4},"end":{"line":325,"column":null}},"type":"if","locations":[{"start":{"line":319,"column":4},"end":{"line":325,"column":null}},{"start":{},"end":{}}]},"24":{"loc":{"start":{"line":328,"column":4},"end":{"line":330,"column":null}},"type":"if","locations":[{"start":{"line":328,"column":4},"end":{"line":330,"column":null}},{"start":{},"end":{}}]},"25":{"loc":{"start":{"line":333,"column":4},"end":{"line":341,"column":null}},"type":"if","locations":[{"start":{"line":333,"column":4},"end":{"line":341,"column":null}},{"start":{},"end":{}}]},"26":{"loc":{"start":{"line":335,"column":27},"end":{"line":335,"column":null}},"type":"cond-expr","locations":[{"start":{"line":335,"column":62},"end":{"line":335,"column":74}},{"start":{"line":335,"column":74},"end":{"line":335,"column":null}}]},"27":{"loc":{"start":{"line":336,"column":20},"end":{"line":336,"column":null}},"type":"cond-expr","locations":[{"start":{"line":336,"column":55},"end":{"line":336,"column":67}},{"start":{"line":336,"column":67},"end":{"line":336,"column":null}}]},"28":{"loc":{"start":{"line":337,"column":31},"end":{"line":337,"column":null}},"type":"cond-expr","locations":[{"start":{"line":337,"column":67},"end":{"line":337,"column":79}},{"start":{"line":337,"column":79},"end":{"line":337,"column":null}}]},"29":{"loc":{"start":{"line":338,"column":33},"end":{"line":338,"column":null}},"type":"cond-expr","locations":[{"start":{"line":338,"column":68},"end":{"line":338,"column":80}},{"start":{"line":338,"column":80},"end":{"line":338,"column":null}}]},"30":{"loc":{"start":{"line":349,"column":4},"end":{"line":351,"column":null}},"type":"if","locations":[{"start":{"line":349,"column":4},"end":{"line":351,"column":null}},{"start":{},"end":{}}]},"31":{"loc":{"start":{"line":366,"column":4},"end":{"line":373,"column":null}},"type":"if","locations":[{"start":{"line":366,"column":4},"end":{"line":373,"column":null}},{"start":{},"end":{}}]},"32":{"loc":{"start":{"line":366,"column":8},"end":{"line":366,"column":55}},"type":"binary-expr","locations":[{"start":{"line":366,"column":8},"end":{"line":366,"column":19}},{"start":{"line":366,"column":23},"end":{"line":366,"column":55}}]},"33":{"loc":{"start":{"line":377,"column":4},"end":{"line":377,"column":null}},"type":"if","locations":[{"start":{"line":377,"column":4},"end":{"line":377,"column":null}},{"start":{},"end":{}}]},"34":{"loc":{"start":{"line":387,"column":4},"end":{"line":387,"column":null}},"type":"if","locations":[{"start":{"line":387,"column":4},"end":{"line":387,"column":null}},{"start":{},"end":{}}]},"35":{"loc":{"start":{"line":434,"column":27},"end":{"line":440,"column":null}},"type":"binary-expr","locations":[{"start":{"line":434,"column":27},"end":{"line":434,"column":59}},{"start":{"line":434,"column":59},"end":{"line":440,"column":null}}]},"36":{"loc":{"start":{"line":461,"column":62},"end":{"line":461,"column":104}},"type":"cond-expr","locations":[{"start":{"line":461,"column":89},"end":{"line":461,"column":101}},{"start":{"line":461,"column":101},"end":{"line":461,"column":104}}]},"37":{"loc":{"start":{"line":468,"column":62},"end":{"line":468,"column":104}},"type":"cond-expr","locations":[{"start":{"line":468,"column":89},"end":{"line":468,"column":101}},{"start":{"line":468,"column":101},"end":{"line":468,"column":104}}]},"38":{"loc":{"start":{"line":475,"column":63},"end":{"line":475,"column":106}},"type":"cond-expr","locations":[{"start":{"line":475,"column":91},"end":{"line":475,"column":103}},{"start":{"line":475,"column":103},"end":{"line":475,"column":106}}]},"39":{"loc":{"start":{"line":482,"column":64},"end":{"line":482,"column":108}},"type":"cond-expr","locations":[{"start":{"line":482,"column":93},"end":{"line":482,"column":105}},{"start":{"line":482,"column":105},"end":{"line":482,"column":108}}]},"40":{"loc":{"start":{"line":524,"column":4},"end":{"line":524,"column":null}},"type":"if","locations":[{"start":{"line":524,"column":4},"end":{"line":524,"column":null}},{"start":{},"end":{}}]},"41":{"loc":{"start":{"line":716,"column":4},"end":{"line":718,"column":null}},"type":"if","locations":[{"start":{"line":716,"column":4},"end":{"line":718,"column":null}},{"start":{},"end":{}}]},"42":{"loc":{"start":{"line":717,"column":13},"end":{"line":717,"column":null}},"type":"binary-expr","locations":[{"start":{"line":717,"column":13},"end":{"line":717,"column":48}},{"start":{"line":717,"column":48},"end":{"line":717,"column":null}}]},"43":{"loc":{"start":{"line":732,"column":19},"end":{"line":732,"column":null}},"type":"cond-expr","locations":[{"start":{"line":732,"column":32},"end":{"line":732,"column":65}},{"start":{"line":732,"column":65},"end":{"line":732,"column":null}}]},"44":{"loc":{"start":{"line":733,"column":6},"end":{"line":735,"column":null}},"type":"if","locations":[{"start":{"line":733,"column":6},"end":{"line":735,"column":null}},{"start":{},"end":{}}]},"45":{"loc":{"start":{"line":743,"column":4},"end":{"line":745,"column":null}},"type":"if","locations":[{"start":{"line":743,"column":4},"end":{"line":745,"column":null}},{"start":{},"end":{}}]},"46":{"loc":{"start":{"line":756,"column":0},"end":{"line":760,"column":null}},"type":"if","locations":[{"start":{"line":756,"column":0},"end":{"line":760,"column":null}},{"start":{},"end":{}}]}},"s":{"0":0,"1":0,"2":0,"3":0,"4":0,"5":0,"6":0,"7":0,"8":0,"9":0,"10":0,"11":0,"12":0,"13":0,"14":0,"15":0,"16":0,"17":0,"18":0,"19":0,"20":0,"21":0,"22":0,"23":0,"24":0,"25":0,"26":0,"27":0,"28":0,"29":0,"30":0,"31":0,"32":0,"33":0,"34":0,"35":0,"36":0,"37":0,"38":0,"39":0,"40":0,"41":0,"42":0,"43":0,"44":0,"45":0,"46":0,"47":0,"48":0,"49":0,"50":0,"51":0,"52":0,"53":0,"54":0,"55":0,"56":0,"57":0,"58":0,"59":0,"60":0,"61":0,"62":0,"63":0,"64":0,"65":0,"66":0,"67":0,"68":0,"69":0,"70":0,"71":0,"72":0,"73":0,"74":0,"75":0,"76":0,"77":0,"78":0,"79":0,"80":0,"81":0,"82":0,"83":0,"84":0,"85":0,"86":0,"87":0,"88":0,"89":0,"90":0,"91":0,"92":0,"93":0,"94":0,"95":0,"96":0,"97":0,"98":0,"99":0,"100":0,"101":0,"102":0,"103":0,"104":0,"105":0,"106":0,"107":0,"108":0,"109":0,"110":0,"111":0,"112":0,"113":0,"114":0,"115":0,"116":0,"117":0,"118":0,"119":0,"120":0,"121":0,"122":0,"123":0,"124":0,"125":0,"126":0,"127":0,"128":0,"129":0,"130":0,"131":0,"132":0,"133":0,"134":0,"135":0,"136":0,"137":0,"138":0,"139":0,"140":0,"141":0,"142":0,"143":0,"144":0,"145":0,"146":0,"147":0,"148":0,"149":0,"150":0,"151":0,"152":0,"153":0,"154":0,"155":0,"156":0,"157":0,"158":0,"159":0,"160":0,"161":0,"162":0,"163":0,"164":0,"165":0,"166":0,"167":0,"168":0,"169":0,"170":0,"171":0,"172":0,"173":0,"174":0,"175":0,"176":0,"177":0,"178":0,"179":0,"180":0,"181":0,"182":0,"183":0,"184":0,"185":0,"186":0,"187":0,"188":0,"189":0},"f":{"0":0,"1":0,"2":0,"3":0,"4":0,"5":0,"6":0,"7":0,"8":0,"9":0,"10":0,"11":0,"12":0,"13":0,"14":0,"15":0,"16":0,"17":0,"18":0,"19":0,"20":0,"21":0,"22":0,"23":0,"24":0,"25":0,"26":0,"27":0,"28":0,"29":0,"30":0,"31":0,"32":0,"33":0,"34":0,"35":0,"36":0,"37":0,"38":0,"39":0,"40":0,"41":0,"42":0,"43":0,"44":0,"45":0,"46":0,"47":0},"b":{"0":[0,0],"1":[0,0],"2":[0,0],"3":[0,0,0],"4":[0,0],"5":[0],"6":[0,0],"7":[0,0],"8":[0,0],"9":[0,0],"10":[0,0],"11":[0,0],"12":[0,0],"13":[0,0],"14":[0,0],"15":[0,0],"16":[0,0],"17":[0,0],"18":[0,0],"19":[0,0],"20":[0,0],"21":[0,0],"22":[0,0],"23":[0,0],"24":[0,0],"25":[0,0],"26":[0,0],"27":[0,0],"28":[0,0],"29":[0,0],"30":[0,0],"31":[0,0],"32":[0,0],"33":[0,0],"34":[0,0],"35":[0,0],"36":[0,0],"37":[0,0],"38":[0,0],"39":[0,0],"40":[0,0],"41":[0,0],"42":[0,0],"43":[0,0],"44":[0,0],"45":[0,0],"46":[0,0]}}
}
