TN:
SF:src/app/layout.tsx
FN:342,RootLayout
FNF:1
FNH:0
FNDA:0,RootLayout
DA:2,0
DA:3,0
DA:4,0
DA:8,0
DA:10,0
DA:11,0
DA:12,0
DA:17,0
DA:25,0
DA:90,0
DA:128,0
DA:144,0
DA:237,0
DA:277,0
DA:342,0
LF:15
LH:0
BRF:0
BRH:0
end_of_record
TN:
SF:src/app/loading.tsx
FN:1,Loading
FNF:1
FNH:0
FNDA:0,Loading
DA:1,0
LF:1
LH:0
BRF:0
BRH:0
end_of_record
TN:
SF:src/app/metadata.ts
FNF:0
FNH:0
DA:3,0
LF:1
LH:0
BRF:0
BRH:0
end_of_record
TN:
SF:src/app/page.tsx
FN:29,HomePage
FNF:1
FNH:0
FNDA:0,HomePage
DA:1,0
DA:3,0
DA:5,0
DA:29,0
DA:30,0
LF:5
LH:0
BRF:0
BRH:0
end_of_record
TN:
SF:src/app/sitemap.ts
FN:3,sitemap
FN:144,(anonymous_4)
FNF:2
FNH:0
FNDA:0,sitemap
FNDA:0,(anonymous_4)
DA:3,0
DA:4,0
DA:5,0
DA:8,0
DA:90,0
DA:118,0
DA:144,0
DA:148,0
LF:8
LH:0
BRF:0
BRH:0
end_of_record
TN:
SF:src/app/about/loading.tsx
FN:1,AboutLoading
FN:34,(anonymous_2)
FNF:2
FNH:0
FNDA:0,AboutLoading
FNDA:0,(anonymous_2)
DA:1,0
DA:35,0
LF:2
LH:0
BRF:0
BRH:0
end_of_record
TN:
SF:src/app/about/page.tsx
FN:7,AboutPage
FN:217,(anonymous_3)
FN:252,(anonymous_4)
FNF:3
FNH:0
FNDA:0,AboutPage
FNDA:0,(anonymous_3)
FNDA:0,(anonymous_4)
DA:3,0
DA:4,0
DA:5,0
DA:7,0
DA:8,0
DA:10,0
DA:19,0
DA:218,0
DA:253,0
LF:9
LH:0
BRDA:253,0,0,0
BRDA:253,0,1,0
BRDA:255,1,0,0
BRDA:255,1,1,0
BRF:4
BRH:0
end_of_record
TN:
SF:src/app/agentic-ai-assessment/layout.tsx
FN:43,AgenticAIAssessmentLayout
FNF:1
FNH:0
FNDA:0,AgenticAIAssessmentLayout
DA:3,0
DA:43,0
DA:48,0
LF:3
LH:0
BRF:0
BRH:0
end_of_record
TN:
SF:src/app/agentic-ai-assessment/metadata.ts
FNF:0
FNH:0
DA:3,0
LF:1
LH:0
BRF:0
BRH:0
end_of_record
TN:
SF:src/app/agentic-ai-assessment/page.tsx
FN:27,AgenticAIAssessment
FN:173,(anonymous_3)
FN:177,(anonymous_4)
FN:185,(anonymous_5)
FN:191,(anonymous_6)
FN:195,(anonymous_7)
FN:196,(anonymous_8)
FN:197,(anonymous_9)
FN:198,(anonymous_10)
FN:202,(anonymous_11)
FN:214,(anonymous_12)
FN:216,(anonymous_13)
FN:217,(anonymous_14)
FN:221,(anonymous_15)
FN:229,(anonymous_16)
FN:339,(anonymous_17)
FN:368,(anonymous_18)
FN:390,(anonymous_19)
FN:419,(anonymous_20)
FN:470,(anonymous_21)
FN:480,(anonymous_22)
FN:494,(anonymous_23)
FNF:22
FNH:0
FNDA:0,AgenticAIAssessment
FNDA:0,(anonymous_3)
FNDA:0,(anonymous_4)
FNDA:0,(anonymous_5)
FNDA:0,(anonymous_6)
FNDA:0,(anonymous_7)
FNDA:0,(anonymous_8)
FNDA:0,(anonymous_9)
FNDA:0,(anonymous_10)
FNDA:0,(anonymous_11)
FNDA:0,(anonymous_12)
FNDA:0,(anonymous_13)
FNDA:0,(anonymous_14)
FNDA:0,(anonymous_15)
FNDA:0,(anonymous_16)
FNDA:0,(anonymous_17)
FNDA:0,(anonymous_18)
FNDA:0,(anonymous_19)
FNDA:0,(anonymous_20)
FNDA:0,(anonymous_21)
FNDA:0,(anonymous_22)
FNDA:0,(anonymous_23)
DA:3,0
DA:4,0
DA:5,0
DA:27,0
DA:28,0
DA:29,0
DA:30,0
DA:31,0
DA:33,0
DA:41,0
DA:173,0
DA:174,0
DA:177,0
DA:178,0
DA:179,0
DA:181,0
DA:185,0
DA:186,0
DA:187,0
DA:191,0
DA:192,0
DA:195,0
DA:196,0
DA:197,0
DA:198,0
DA:199,0
DA:200,0
DA:202,0
DA:204,0
DA:214,0
DA:215,0
DA:216,0
DA:217,0
DA:218,0
DA:221,0
DA:222,0
DA:223,0
DA:224,0
DA:225,0
DA:226,0
DA:229,0
DA:230,0
DA:231,0
DA:238,0
DA:239,0
DA:246,0
DA:247,0
DA:254,0
DA:255,0
DA:262,0
DA:270,0
DA:271,0
DA:273,0
DA:274,0
DA:275,0
DA:276,0
DA:277,0
DA:340,0
DA:341,0
DA:369,0
DA:390,0
DA:420,0
DA:421,0
DA:422,0
DA:470,0
DA:481,0
DA:494,0
LF:67
LH:0
BRDA:178,0,0,0
BRDA:178,0,1,0
BRDA:186,1,0,0
BRDA:186,1,1,0
BRDA:199,2,0,0
BRDA:199,2,1,0
BRDA:222,3,0,0
BRDA:222,3,1,0
BRDA:223,4,0,0
BRDA:223,4,1,0
BRDA:224,5,0,0
BRDA:224,5,1,0
BRDA:225,6,0,0
BRDA:225,6,1,0
BRDA:230,7,0,0
BRDA:230,7,1,0
BRDA:238,8,0,0
BRDA:238,8,1,0
BRDA:246,9,0,0
BRDA:246,9,1,0
BRDA:254,10,0,0
BRDA:254,10,1,0
BRDA:273,11,0,0
BRDA:273,11,1,0
BRDA:484,12,0,0
BRDA:484,12,1,0
BRDA:499,13,0,0
BRDA:499,13,1,0
BRDA:503,14,0,0
BRDA:523,15,0,0
BRDA:523,15,1,0
BRDA:536,16,0,0
BRDA:536,16,1,0
BRDA:541,17,0,0
BRDA:541,17,1,0
BRF:35
BRH:0
end_of_record
TN:
SF:src/app/agentic-ai-guide/page.tsx
FN:11,AgenticAIGuide
FN:57,(anonymous_5)
FNF:2
FNH:0
FNDA:0,AgenticAIGuide
FNDA:0,(anonymous_5)
DA:2,0
DA:3,0
DA:5,0
DA:11,0
DA:12,0
DA:58,0
LF:6
LH:0
BRF:0
BRH:0
end_of_record
TN:
SF:src/app/agentic-ai-platform/page.tsx
FN:227,AgenticAIPlatformPage
FNF:1
FNH:0
FNDA:0,AgenticAIPlatformPage
DA:2,0
DA:4,0
DA:141,0
DA:168,0
DA:196,0
DA:227,0
LF:6
LH:0
BRF:0
BRH:0
end_of_record
TN:
SF:src/app/ai-consulting-san-francisco/layout.tsx
FN:31,AIConsultingLayout
FNF:1
FNH:0
FNDA:0,AIConsultingLayout
DA:3,0
DA:31,0
LF:2
LH:0
BRF:0
BRH:0
end_of_record
TN:
SF:src/app/ai-consulting-san-francisco/page.tsx
FN:16,AIConsultingSanFrancisco
FNF:1
FNH:0
FNDA:0,AIConsultingSanFrancisco
DA:3,0
DA:5,0
DA:16,0
DA:17,0
LF:4
LH:0
BRF:0
BRH:0
end_of_record
TN:
SF:src/app/ai-consulting-services/page.tsx
FN:133,AIConsultingServicesPage
FNF:1
FNH:0
FNDA:0,AIConsultingServicesPage
DA:2,0
DA:4,0
DA:17,0
DA:44,0
DA:102,0
DA:133,0
LF:6
LH:0
BRF:0
BRH:0
end_of_record
TN:
SF:src/app/ai-implementation-strategy/page.tsx
FN:189,AIImplementationStrategyPage
FNF:1
FNH:0
FNDA:0,AIImplementationStrategyPage
DA:2,0
DA:4,0
DA:23,0
DA:50,0
DA:105,0
DA:142,0
DA:189,0
LF:7
LH:0
BRF:0
BRH:0
end_of_record
TN:
SF:src/app/ai-implementation-strategy-guide/page.tsx
FN:176,AIImplementationStrategyGuidePage
FNF:1
FNH:0
FNDA:0,AIImplementationStrategyGuidePage
DA:2,0
DA:5,0
DA:41,0
DA:80,0
DA:149,0
DA:176,0
LF:6
LH:0
BRF:0
BRH:0
end_of_record
TN:
SF:src/app/ai-roi-calculator/layout.tsx
FN:43,AIROICalculatorLayout
FNF:1
FNH:0
FNDA:0,AIROICalculatorLayout
DA:3,0
DA:43,0
DA:48,0
LF:3
LH:0
BRF:0
BRH:0
end_of_record
TN:
SF:src/app/ai-roi-calculator/page.tsx
FN:68,AIROICalculator
FN:87,(anonymous_3)
FN:88,(anonymous_4)
FN:95,(anonymous_5)
FN:149,(anonymous_6)
FN:150,(anonymous_7)
FN:152,(anonymous_8)
FN:179,(anonymous_9)
FN:230,(anonymous_10)
FN:235,(anonymous_11)
FN:262,(anonymous_12)
FN:265,(anonymous_13)
FN:292,(anonymous_14)
FN:295,(anonymous_15)
FN:313,(anonymous_16)
FN:332,(anonymous_17)
FN:344,(anonymous_18)
FN:356,(anonymous_19)
FN:368,(anonymous_20)
FN:380,(anonymous_21)
FN:392,(anonymous_22)
FN:489,(anonymous_23)
FN:655,(anonymous_24)
FN:759,(anonymous_25)
FN:788,(anonymous_26)
FNF:25
FNH:0
FNDA:0,AIROICalculator
FNDA:0,(anonymous_3)
FNDA:0,(anonymous_4)
FNDA:0,(anonymous_5)
FNDA:0,(anonymous_6)
FNDA:0,(anonymous_7)
FNDA:0,(anonymous_8)
FNDA:0,(anonymous_9)
FNDA:0,(anonymous_10)
FNDA:0,(anonymous_11)
FNDA:0,(anonymous_12)
FNDA:0,(anonymous_13)
FNDA:0,(anonymous_14)
FNDA:0,(anonymous_15)
FNDA:0,(anonymous_16)
FNDA:0,(anonymous_17)
FNDA:0,(anonymous_18)
FNDA:0,(anonymous_19)
FNDA:0,(anonymous_20)
FNDA:0,(anonymous_21)
FNDA:0,(anonymous_22)
FNDA:0,(anonymous_23)
FNDA:0,(anonymous_24)
FNDA:0,(anonymous_25)
FNDA:0,(anonymous_26)
DA:3,0
DA:4,0
DA:5,0
DA:8,0
DA:61,0
DA:68,0
DA:69,0
DA:70,0
DA:71,0
DA:72,0
DA:73,0
DA:81,0
DA:83,0
DA:84,0
DA:87,0
DA:88,0
DA:95,0
DA:96,0
DA:97,0
DA:100,0
DA:101,0
DA:102,0
DA:103,0
DA:106,0
DA:107,0
DA:110,0
DA:111,0
DA:114,0
DA:117,0
DA:120,0
DA:121,0
DA:122,0
DA:125,0
DA:126,0
DA:127,0
DA:129,0
DA:147,0
DA:149,0
DA:150,0
DA:151,0
DA:152,0
DA:179,0
DA:231,0
DA:232,0
DA:236,0
DA:237,0
DA:263,0
DA:266,0
DA:267,0
DA:293,0
DA:295,0
DA:313,0
DA:332,0
DA:344,0
DA:356,0
DA:368,0
DA:380,0
DA:392,0
DA:489,0
DA:656,0
DA:657,0
DA:759,0
DA:788,0
LF:63
LH:0
BRDA:96,0,0,0
BRDA:96,0,1,0
BRDA:151,1,0,0
BRDA:151,1,1,0
BRDA:240,2,0,0
BRDA:240,2,1,0
BRDA:246,3,0,0
BRDA:246,3,1,0
BRDA:270,4,0,0
BRDA:270,4,1,0
BRDA:276,5,0,0
BRDA:276,5,1,0
BRDA:297,6,0,0
BRDA:297,6,1,0
BRDA:303,7,0,0
BRDA:303,7,1,0
BRDA:316,8,0,0
BRDA:316,8,1,0
BRDA:321,9,0,0
BRDA:332,10,0,0
BRDA:332,10,1,0
BRDA:344,11,0,0
BRDA:344,11,1,0
BRDA:356,12,0,0
BRDA:356,12,1,0
BRDA:368,13,0,0
BRDA:368,13,1,0
BRDA:380,14,0,0
BRDA:380,14,1,0
BRDA:392,15,0,0
BRDA:392,15,1,0
BRDA:783,16,0,0
BRF:32
BRH:0
end_of_record
TN:
SF:src/app/api/analytics/route.ts
FN:54,getClientIp
FN:62,generateSessionId
FN:67,generateEventId
FN:72,checkRateLimit
FN:91,sanitizeInput
FN:105,parseUserAgent
FN:132,forwardToExternalServices
FN:154,(anonymous_11)
FN:159,(anonymous_12)
FN:165,anonymizeData
FN:172,(anonymous_14)
FN:180,(anonymous_15)
FN:190,POST
FN:404,(anonymous_17)
FN:411,(anonymous_18)
FN:455,GET
FN:494,(anonymous_20)
FN:499,(anonymous_21)
FN:507,(anonymous_22)
FN:510,(anonymous_23)
FN:511,(anonymous_24)
FN:512,(anonymous_25)
FN:513,(anonymous_26)
FN:514,(anonymous_27)
FN:517,(anonymous_28)
FN:523,(anonymous_29)
FN:530,(anonymous_30)
FN:530,(anonymous_31)
FN:537,(anonymous_32)
FN:539,(anonymous_33)
FN:555,(anonymous_34)
FN:569,(anonymous_35)
FN:571,(anonymous_36)
FN:589,(anonymous_37)
FN:592,(anonymous_38)
FN:604,(anonymous_39)
FN:605,(anonymous_40)
FN:614,(anonymous_41)
FN:649,DELETE
FN:687,(anonymous_43)
FN:693,(anonymous_44)
FNF:41
FNH:0
FNDA:0,getClientIp
FNDA:0,generateSessionId
FNDA:0,generateEventId
FNDA:0,checkRateLimit
FNDA:0,sanitizeInput
FNDA:0,parseUserAgent
FNDA:0,forwardToExternalServices
FNDA:0,(anonymous_11)
FNDA:0,(anonymous_12)
FNDA:0,anonymizeData
FNDA:0,(anonymous_14)
FNDA:0,(anonymous_15)
FNDA:0,POST
FNDA:0,(anonymous_17)
FNDA:0,(anonymous_18)
FNDA:0,GET
FNDA:0,(anonymous_20)
FNDA:0,(anonymous_21)
FNDA:0,(anonymous_22)
FNDA:0,(anonymous_23)
FNDA:0,(anonymous_24)
FNDA:0,(anonymous_25)
FNDA:0,(anonymous_26)
FNDA:0,(anonymous_27)
FNDA:0,(anonymous_28)
FNDA:0,(anonymous_29)
FNDA:0,(anonymous_30)
FNDA:0,(anonymous_31)
FNDA:0,(anonymous_32)
FNDA:0,(anonymous_33)
FNDA:0,(anonymous_34)
FNDA:0,(anonymous_35)
FNDA:0,(anonymous_36)
FNDA:0,(anonymous_37)
FNDA:0,(anonymous_38)
FNDA:0,(anonymous_39)
FNDA:0,(anonymous_40)
FNDA:0,(anonymous_41)
FNDA:0,DELETE
FNDA:0,(anonymous_43)
FNDA:0,(anonymous_44)
DA:1,0
DA:4,0
DA:5,0
DA:6,0
DA:9,0
DA:10,0
DA:13,0
DA:46,0
DA:55,0
DA:56,0
DA:57,0
DA:58,0
DA:63,0
DA:68,0
DA:73,0
DA:74,0
DA:76,0
DA:77,0
DA:78,0
DA:81,0
DA:82,0
DA:83,0
DA:86,0
DA:87,0
DA:92,0
DA:94,0
DA:106,0
DA:109,0
DA:110,0
DA:111,0
DA:114,0
DA:115,0
DA:116,0
DA:117,0
DA:118,0
DA:119,0
DA:122,0
DA:123,0
DA:124,0
DA:125,0
DA:126,0
DA:128,0
DA:138,0
DA:141,0
DA:142,0
DA:154,0
DA:159,0
DA:160,0
DA:166,0
DA:168,0
DA:171,0
DA:172,0
DA:173,0
DA:175,0
DA:180,0
DA:181,0
DA:182,0
DA:186,0
DA:190,0
DA:191,0
DA:193,0
DA:194,0
DA:196,0
DA:197,0
DA:213,0
DA:214,0
DA:216,0
DA:231,0
DA:234,0
DA:235,0
DA:242,0
DA:247,0
DA:248,0
DA:256,0
DA:257,0
DA:258,0
DA:259,0
DA:261,0
DA:262,0
DA:263,0
DA:265,0
DA:280,0
DA:284,0
DA:285,0
DA:289,0
DA:293,0
DA:298,0
DA:299,0
DA:323,0
DA:326,0
DA:334,0
DA:337,0
DA:338,0
DA:339,0
DA:343,0
DA:344,0
DA:345,0
DA:349,0
DA:354,0
DA:358,0
DA:363,0
DA:368,0
DA:373,0
DA:377,0
DA:386,0
DA:390,0
DA:395,0
DA:399,0
DA:400,0
DA:401,0
DA:404,0
DA:405,0
DA:406,0
DA:411,0
DA:412,0
DA:413,0
DA:414,0
DA:421,0
DA:442,0
DA:447,0
DA:455,0
DA:456,0
DA:458,0
DA:459,0
DA:461,0
DA:462,0
DA:468,0
DA:469,0
DA:470,0
DA:476,0
DA:477,0
DA:478,0
DA:479,0
DA:482,0
DA:483,0
DA:485,0
DA:486,0
DA:487,0
DA:488,0
DA:489,0
DA:490,0
DA:494,0
DA:495,0
DA:496,0
DA:499,0
DA:500,0
DA:501,0
DA:504,0
DA:507,0
DA:508,0
DA:510,0
DA:511,0
DA:512,0
DA:513,0
DA:514,0
DA:517,0
DA:518,0
DA:519,0
DA:523,0
DA:524,0
DA:525,0
DA:529,0
DA:530,0
DA:531,0
DA:532,0
DA:536,0
DA:537,0
DA:539,0
DA:541,0
DA:555,0
DA:568,0
DA:569,0
DA:571,0
DA:578,0
DA:588,0
DA:589,0
DA:590,0
DA:592,0
DA:593,0
DA:596,0
DA:604,0
DA:605,0
DA:612,0
DA:615,0
DA:619,0
DA:628,0
DA:640,0
DA:641,0
DA:649,0
DA:650,0
DA:652,0
DA:653,0
DA:655,0
DA:656,0
DA:662,0
DA:663,0
DA:664,0
DA:670,0
DA:672,0
DA:673,0
DA:674,0
DA:675,0
DA:677,0
DA:683,0
DA:685,0
DA:687,0
DA:688,0
DA:689,0
DA:693,0
DA:694,0
DA:695,0
DA:699,0
DA:705,0
DA:711,0
DA:712,0
LF:215
LH:0
BRDA:49,0,0,0
BRDA:49,0,1,0
BRDA:57,1,0,0
BRDA:57,1,1,0
BRDA:57,1,2,0
BRDA:76,2,0,0
BRDA:76,2,1,0
BRDA:76,3,0,0
BRDA:76,3,1,0
BRDA:81,4,0,0
BRDA:81,4,1,0
BRDA:91,5,0,0
BRDA:92,6,0,0
BRDA:92,6,1,0
BRDA:110,7,0,0
BRDA:110,7,1,0
BRDA:111,8,0,0
BRDA:111,8,1,0
BRDA:115,9,0,0
BRDA:115,9,1,0
BRDA:116,10,0,0
BRDA:116,10,1,0
BRDA:117,11,0,0
BRDA:117,11,1,0
BRDA:118,12,0,0
BRDA:118,12,1,0
BRDA:119,13,0,0
BRDA:119,13,1,0
BRDA:123,14,0,0
BRDA:123,14,1,0
BRDA:123,15,0,0
BRDA:123,15,1,0
BRDA:124,16,0,0
BRDA:124,16,1,0
BRDA:124,17,0,0
BRDA:124,17,1,0
BRDA:125,18,0,0
BRDA:125,18,1,0
BRDA:126,19,0,0
BRDA:126,19,1,0
BRDA:141,20,0,0
BRDA:141,20,1,0
BRDA:166,21,0,0
BRDA:166,21,1,0
BRDA:173,22,0,0
BRDA:173,22,1,0
BRDA:181,23,0,0
BRDA:181,23,1,0
BRDA:181,24,0,0
BRDA:181,24,1,0
BRDA:196,25,0,0
BRDA:196,25,1,0
BRDA:205,26,0,0
BRDA:205,26,1,0
BRDA:234,27,0,0
BRDA:234,27,1,0
BRDA:242,28,0,0
BRDA:242,28,1,0
BRDA:242,28,2,0
BRDA:242,28,3,0
BRDA:247,29,0,0
BRDA:247,29,1,0
BRDA:256,30,0,0
BRDA:256,30,1,0
BRDA:256,31,0,0
BRDA:256,31,1,0
BRDA:261,32,0,0
BRDA:261,32,1,0
BRDA:262,33,0,0
BRDA:262,33,1,0
BRDA:269,34,0,0
BRDA:269,34,1,0
BRDA:273,35,0,0
BRDA:273,35,1,0
BRDA:274,36,0,0
BRDA:274,36,1,0
BRDA:274,36,2,0
BRDA:284,37,0,0
BRDA:284,37,1,0
BRDA:289,38,0,0
BRDA:289,38,1,0
BRDA:290,39,0,0
BRDA:290,39,1,0
BRDA:291,40,0,0
BRDA:291,40,1,0
BRDA:293,41,0,0
BRDA:293,41,1,0
BRDA:294,42,0,0
BRDA:294,42,1,0
BRDA:295,43,0,0
BRDA:295,43,1,0
BRDA:303,44,0,0
BRDA:303,44,1,0
BRDA:304,45,0,0
BRDA:304,45,1,0
BRDA:305,46,0,0
BRDA:305,46,1,0
BRDA:306,47,0,0
BRDA:306,47,1,0
BRDA:307,48,0,0
BRDA:307,48,1,0
BRDA:334,49,0,0
BRDA:334,49,1,0
BRDA:334,49,2,0
BRDA:334,49,3,0
BRDA:334,49,4,0
BRDA:334,49,5,0
BRDA:334,49,6,0
BRDA:334,49,7,0
BRDA:343,50,0,0
BRDA:343,50,1,0
BRDA:344,51,0,0
BRDA:344,51,1,0
BRDA:350,52,0,0
BRDA:350,52,1,0
BRDA:359,53,0,0
BRDA:359,53,1,0
BRDA:360,54,0,0
BRDA:360,54,1,0
BRDA:361,55,0,0
BRDA:361,55,1,0
BRDA:399,56,0,0
BRDA:399,56,1,0
BRDA:405,57,0,0
BRDA:405,57,1,0
BRDA:413,58,0,0
BRDA:413,58,1,0
BRDA:443,59,0,0
BRDA:443,59,1,0
BRDA:459,60,0,0
BRDA:459,60,1,0
BRDA:461,61,0,0
BRDA:461,61,1,0
BRDA:461,62,0,0
BRDA:461,62,1,0
BRDA:469,63,0,0
BRDA:469,63,1,0
BRDA:478,64,0,0
BRDA:478,64,1,0
BRDA:485,65,0,0
BRDA:485,65,1,0
BRDA:485,65,2,0
BRDA:485,65,3,0
BRDA:485,65,4,0
BRDA:496,66,0,0
BRDA:496,66,1,0
BRDA:496,66,2,0
BRDA:504,67,0,0
BRDA:504,67,1,0
BRDA:504,67,2,0
BRDA:504,67,3,0
BRDA:504,67,4,0
BRDA:508,68,0,0
BRDA:508,68,1,0
BRDA:518,69,0,0
BRDA:518,69,1,0
BRDA:524,70,0,0
BRDA:524,70,1,0
BRDA:531,71,0,0
BRDA:531,71,1,0
BRDA:532,72,0,0
BRDA:532,72,1,0
BRDA:550,73,0,0
BRDA:550,73,1,0
BRDA:554,74,0,0
BRDA:554,74,1,0
BRDA:555,75,0,0
BRDA:555,75,1,0
BRDA:574,76,0,0
BRDA:574,76,1,0
BRDA:575,77,0,0
BRDA:575,77,1,0
BRDA:615,78,0,0
BRDA:615,78,1,0
BRDA:653,79,0,0
BRDA:653,79,1,0
BRDA:655,80,0,0
BRDA:655,80,1,0
BRDA:655,81,0,0
BRDA:655,81,1,0
BRDA:663,82,0,0
BRDA:663,82,1,0
BRDA:672,83,0,0
BRDA:672,83,1,0
BRDA:683,84,0,0
BRDA:683,84,1,0
BRDA:688,85,0,0
BRDA:688,85,1,0
BRDA:694,86,0,0
BRDA:694,86,1,0
BRF:190
BRH:0
end_of_record
TN:
SF:src/app/api/contact/route.ts
FN:33,getClientIp
FN:41,checkRateLimit
FN:60,sanitizeInput
FN:71,isValidEmailDomain
FN:83,checkForSpam
FN:85,(anonymous_9)
FN:89,generateId
FN:93,POST
FN:226,(anonymous_12)
FN:276,(anonymous_13)
FN:331,GET
FN:365,(anonymous_15)
FN:366,(anonymous_16)
FN:367,(anonymous_17)
FN:368,(anonymous_18)
FN:375,(anonymous_19)
FN:391,(anonymous_20)
FN:396,(anonymous_21)
FN:398,(anonymous_22)
FN:425,PATCH
FNF:20
FNH:0
FNDA:0,getClientIp
FNDA:0,checkRateLimit
FNDA:0,sanitizeInput
FNDA:0,isValidEmailDomain
FNDA:0,checkForSpam
FNDA:0,(anonymous_9)
FNDA:0,generateId
FNDA:0,POST
FNDA:0,(anonymous_12)
FNDA:0,(anonymous_13)
FNDA:0,GET
FNDA:0,(anonymous_15)
FNDA:0,(anonymous_16)
FNDA:0,(anonymous_17)
FNDA:0,(anonymous_18)
FNDA:0,(anonymous_19)
FNDA:0,(anonymous_20)
FNDA:0,(anonymous_21)
FNDA:0,(anonymous_22)
FNDA:0,PATCH
DA:1,0
DA:4,0
DA:5,0
DA:6,0
DA:9,0
DA:12,0
DA:15,0
DA:18,0
DA:27,0
DA:34,0
DA:35,0
DA:36,0
DA:37,0
DA:42,0
DA:43,0
DA:45,0
DA:46,0
DA:47,0
DA:50,0
DA:51,0
DA:52,0
DA:55,0
DA:56,0
DA:61,0
DA:72,0
DA:73,0
DA:75,0
DA:76,0
DA:79,0
DA:84,0
DA:85,0
DA:90,0
DA:93,0
DA:94,0
DA:96,0
DA:97,0
DA:99,0
DA:100,0
DA:116,0
DA:117,0
DA:119,0
DA:137,0
DA:140,0
DA:141,0
DA:147,0
DA:148,0
DA:154,0
DA:155,0
DA:162,0
DA:163,0
DA:164,0
DA:165,0
DA:166,0
DA:167,0
DA:170,0
DA:171,0
DA:178,0
DA:179,0
DA:185,0
DA:186,0
DA:193,0
DA:194,0
DA:201,0
DA:202,0
DA:209,0
DA:210,0
DA:212,0
DA:216,0
DA:217,0
DA:224,0
DA:225,0
DA:227,0
DA:228,0
DA:234,0
DA:235,0
DA:245,0
DA:246,0
DA:271,0
DA:274,0
DA:275,0
DA:276,0
DA:277,0
DA:278,0
DA:290,0
DA:298,0
DA:307,0
DA:308,0
DA:310,0
DA:313,0
DA:320,0
DA:331,0
DA:332,0
DA:334,0
DA:335,0
DA:337,0
DA:338,0
DA:344,0
DA:345,0
DA:346,0
DA:352,0
DA:353,0
DA:354,0
DA:355,0
DA:357,0
DA:359,0
DA:361,0
DA:365,0
DA:366,0
DA:367,0
DA:368,0
DA:373,0
DA:376,0
DA:380,0
DA:390,0
DA:391,0
DA:395,0
DA:396,0
DA:398,0
DA:405,0
DA:416,0
DA:417,0
DA:425,0
DA:426,0
DA:428,0
DA:429,0
DA:431,0
DA:432,0
DA:438,0
DA:439,0
DA:440,0
DA:446,0
DA:448,0
DA:449,0
DA:455,0
DA:457,0
DA:458,0
DA:459,0
DA:460,0
DA:465,0
DA:466,0
DA:469,0
DA:470,0
DA:476,0
DA:486,0
DA:487,0
LF:145
LH:0
BRDA:36,0,0,0
BRDA:36,0,1,0
BRDA:36,0,2,0
BRDA:45,1,0,0
BRDA:45,1,1,0
BRDA:45,2,0,0
BRDA:45,2,1,0
BRDA:50,3,0,0
BRDA:50,3,1,0
BRDA:73,4,0,0
BRDA:73,4,1,0
BRDA:75,5,0,0
BRDA:75,5,1,0
BRDA:99,6,0,0
BRDA:99,6,1,0
BRDA:108,7,0,0
BRDA:108,7,1,0
BRDA:140,8,0,0
BRDA:140,8,1,0
BRDA:140,9,0,0
BRDA:140,9,1,0
BRDA:140,9,2,0
BRDA:147,10,0,0
BRDA:147,10,1,0
BRDA:147,11,0,0
BRDA:147,11,1,0
BRDA:154,12,0,0
BRDA:154,12,1,0
BRDA:154,13,0,0
BRDA:154,13,1,0
BRDA:154,13,2,0
BRDA:165,14,0,0
BRDA:165,14,1,0
BRDA:166,15,0,0
BRDA:166,15,1,0
BRDA:167,16,0,0
BRDA:167,16,1,0
BRDA:170,17,0,0
BRDA:170,17,1,0
BRDA:178,18,0,0
BRDA:178,18,1,0
BRDA:185,19,0,0
BRDA:185,19,1,0
BRDA:193,20,0,0
BRDA:193,20,1,0
BRDA:193,21,0,0
BRDA:193,21,1,0
BRDA:201,22,0,0
BRDA:201,22,1,0
BRDA:210,23,0,0
BRDA:210,23,1,0
BRDA:216,24,0,0
BRDA:216,24,1,0
BRDA:228,25,0,0
BRDA:228,25,1,0
BRDA:228,25,2,0
BRDA:234,26,0,0
BRDA:234,26,1,0
BRDA:254,27,0,0
BRDA:254,27,1,0
BRDA:255,28,0,0
BRDA:255,28,1,0
BRDA:256,29,0,0
BRDA:256,29,1,0
BRDA:257,30,0,0
BRDA:257,30,1,0
BRDA:261,31,0,0
BRDA:261,31,1,0
BRDA:262,32,0,0
BRDA:262,32,1,0
BRDA:263,33,0,0
BRDA:263,33,1,0
BRDA:265,34,0,0
BRDA:265,34,1,0
BRDA:274,35,0,0
BRDA:274,35,1,0
BRDA:277,36,0,0
BRDA:277,36,1,0
BRDA:314,37,0,0
BRDA:314,37,1,0
BRDA:315,38,0,0
BRDA:315,38,1,0
BRDA:335,39,0,0
BRDA:335,39,1,0
BRDA:337,40,0,0
BRDA:337,40,1,0
BRDA:337,41,0,0
BRDA:337,41,1,0
BRDA:345,42,0,0
BRDA:345,42,1,0
BRDA:355,43,0,0
BRDA:355,43,1,0
BRDA:359,44,0,0
BRDA:359,44,1,0
BRDA:359,44,2,0
BRDA:376,45,0,0
BRDA:376,45,1,0
BRDA:390,46,0,0
BRDA:390,46,1,0
BRDA:402,47,0,0
BRDA:402,47,1,0
BRDA:429,48,0,0
BRDA:429,48,1,0
BRDA:431,49,0,0
BRDA:431,49,1,0
BRDA:431,50,0,0
BRDA:431,50,1,0
BRDA:439,51,0,0
BRDA:439,51,1,0
BRDA:448,52,0,0
BRDA:448,52,1,0
BRDA:448,53,0,0
BRDA:448,53,1,0
BRDA:457,54,0,0
BRDA:457,54,1,0
BRDA:459,55,0,0
BRDA:459,55,1,0
BRDA:469,56,0,0
BRDA:469,56,1,0
BRF:119
BRH:0
end_of_record
TN:
SF:src/app/api/download/route.ts
FN:7,POST
FN:58,GET
FNF:2
FNH:0
FNDA:0,POST
FNDA:0,GET
DA:1,0
DA:2,0
DA:5,0
DA:7,0
DA:8,0
DA:9,0
DA:12,0
DA:13,0
DA:16,0
DA:34,0
DA:44,0
DA:51,0
DA:58,0
DA:59,0
DA:60,0
DA:62,0
DA:63,0
DA:69,0
DA:72,0
DA:73,0
DA:74,0
DA:81,0
DA:82,0
DA:83,0
DA:84,0
DA:87,0
DA:105,0
DA:107,0
DA:108,0
DA:121,0
LF:30
LH:0
BRDA:48,0,0,0
BRDA:48,0,1,0
BRDA:62,1,0,0
BRDA:62,1,1,0
BRDA:62,2,0,0
BRDA:62,2,1,0
BRDA:72,3,0,0
BRDA:72,3,1,0
BRDA:84,4,0,0
BRDA:84,4,1,0
BRDA:107,5,0,0
BRDA:107,5,1,0
BRF:12
BRH:0
end_of_record
TN:
SF:src/app/api/newsletter/route.ts
FN:25,getClientIp
FN:33,checkRateLimit
FN:52,sanitizeInput
FN:62,isValidEmailDomain
FN:77,POST
FN:203,(anonymous_9)
FN:299,GET
FN:333,(anonymous_11)
FN:334,(anonymous_12)
FN:335,(anonymous_13)
FN:336,(anonymous_14)
FN:345,(anonymous_15)
FN:362,(anonymous_16)
FN:372,(anonymous_17)
FN:382,(anonymous_18)
FN:383,(anonymous_19)
FN:387,(anonymous_20)
FN:391,(anonymous_21)
FN:402,(anonymous_22)
FN:404,(anonymous_23)
FN:430,DELETE
FNF:21
FNH:0
FNDA:0,getClientIp
FNDA:0,checkRateLimit
FNDA:0,sanitizeInput
FNDA:0,isValidEmailDomain
FNDA:0,POST
FNDA:0,(anonymous_9)
FNDA:0,GET
FNDA:0,(anonymous_11)
FNDA:0,(anonymous_12)
FNDA:0,(anonymous_13)
FNDA:0,(anonymous_14)
FNDA:0,(anonymous_15)
FNDA:0,(anonymous_16)
FNDA:0,(anonymous_17)
FNDA:0,(anonymous_18)
FNDA:0,(anonymous_19)
FNDA:0,(anonymous_20)
FNDA:0,(anonymous_21)
FNDA:0,(anonymous_22)
FNDA:0,(anonymous_23)
FNDA:0,DELETE
DA:1,0
DA:5,0
DA:6,0
DA:7,0
DA:10,0
DA:13,0
DA:16,0
DA:26,0
DA:27,0
DA:28,0
DA:29,0
DA:34,0
DA:35,0
DA:37,0
DA:38,0
DA:39,0
DA:42,0
DA:43,0
DA:44,0
DA:47,0
DA:48,0
DA:53,0
DA:63,0
DA:64,0
DA:67,0
DA:68,0
DA:74,0
DA:77,0
DA:78,0
DA:80,0
DA:81,0
DA:83,0
DA:84,0
DA:100,0
DA:101,0
DA:103,0
DA:109,0
DA:112,0
DA:113,0
DA:120,0
DA:123,0
DA:124,0
DA:131,0
DA:132,0
DA:139,0
DA:140,0
DA:147,0
DA:148,0
DA:149,0
DA:150,0
DA:151,0
DA:154,0
DA:155,0
DA:157,0
DA:158,0
DA:159,0
DA:160,0
DA:162,0
DA:168,0
DA:174,0
DA:198,0
DA:201,0
DA:202,0
DA:203,0
DA:204,0
DA:205,0
DA:257,0
DA:264,0
DA:273,0
DA:274,0
DA:276,0
DA:280,0
DA:288,0
DA:299,0
DA:300,0
DA:302,0
DA:303,0
DA:306,0
DA:307,0
DA:313,0
DA:314,0
DA:315,0
DA:321,0
DA:322,0
DA:323,0
DA:326,0
DA:328,0
DA:329,0
DA:333,0
DA:334,0
DA:335,0
DA:336,0
DA:342,0
DA:343,0
DA:346,0
DA:350,0
DA:360,0
DA:362,0
DA:371,0
DA:372,0
DA:373,0
DA:374,0
DA:377,0
DA:382,0
DA:383,0
DA:388,0
DA:389,0
DA:392,0
DA:393,0
DA:401,0
DA:402,0
DA:404,0
DA:412,0
DA:421,0
DA:422,0
DA:430,0
DA:431,0
DA:432,0
DA:434,0
DA:435,0
DA:441,0
DA:442,0
DA:444,0
DA:445,0
DA:460,0
DA:461,0
DA:463,0
DA:469,0
DA:470,0
LF:129
LH:0
BRDA:28,0,0,0
BRDA:28,0,1,0
BRDA:28,0,2,0
BRDA:37,1,0,0
BRDA:37,1,1,0
BRDA:37,2,0,0
BRDA:37,2,1,0
BRDA:42,3,0,0
BRDA:42,3,1,0
BRDA:64,4,0,0
BRDA:64,4,1,0
BRDA:67,5,0,0
BRDA:67,5,1,0
BRDA:83,6,0,0
BRDA:83,6,1,0
BRDA:92,7,0,0
BRDA:92,7,1,0
BRDA:112,8,0,0
BRDA:112,8,1,0
BRDA:112,9,0,0
BRDA:112,9,1,0
BRDA:123,10,0,0
BRDA:123,10,1,0
BRDA:123,11,0,0
BRDA:123,11,1,0
BRDA:131,12,0,0
BRDA:131,12,1,0
BRDA:139,13,0,0
BRDA:139,13,1,0
BRDA:147,14,0,0
BRDA:147,14,1,0
BRDA:147,15,0,0
BRDA:147,15,1,0
BRDA:148,16,0,0
BRDA:148,16,1,0
BRDA:148,17,0,0
BRDA:148,17,1,0
BRDA:149,18,0,0
BRDA:149,18,1,0
BRDA:149,19,0,0
BRDA:149,19,1,0
BRDA:150,20,0,0
BRDA:150,20,1,0
BRDA:150,21,0,0
BRDA:150,21,1,0
BRDA:151,22,0,0
BRDA:151,22,1,0
BRDA:151,23,0,0
BRDA:151,23,1,0
BRDA:155,24,0,0
BRDA:155,24,1,0
BRDA:157,25,0,0
BRDA:157,25,1,0
BRDA:160,26,0,0
BRDA:160,26,1,0
BRDA:177,27,0,0
BRDA:177,27,1,0
BRDA:186,28,0,0
BRDA:186,28,1,0
BRDA:187,29,0,0
BRDA:187,29,1,0
BRDA:188,30,0,0
BRDA:188,30,1,0
BRDA:201,31,0,0
BRDA:201,31,1,0
BRDA:204,32,0,0
BRDA:204,32,1,0
BRDA:281,33,0,0
BRDA:281,33,1,0
BRDA:282,34,0,0
BRDA:282,34,1,0
BRDA:303,35,0,0
BRDA:303,35,1,0
BRDA:306,36,0,0
BRDA:306,36,1,0
BRDA:306,37,0,0
BRDA:306,37,1,0
BRDA:314,38,0,0
BRDA:314,38,1,0
BRDA:323,39,0,0
BRDA:323,39,1,0
BRDA:326,40,0,0
BRDA:326,40,1,0
BRDA:326,40,2,0
BRDA:326,40,3,0
BRDA:342,41,0,0
BRDA:342,41,1,0
BRDA:373,42,0,0
BRDA:373,42,1,0
BRDA:434,43,0,0
BRDA:434,43,1,0
BRDA:434,44,0,0
BRDA:434,44,1,0
BRDA:444,45,0,0
BRDA:444,45,1,0
BRF:95
BRH:0
end_of_record
TN:
SF:src/app/blog/layout.tsx
FN:14,BlogLayout
FNF:1
FNH:0
FNDA:0,BlogLayout
DA:3,0
DA:14,0
LF:2
LH:0
BRF:0
BRH:0
end_of_record
TN:
SF:src/app/blog/loading.tsx
FN:1,BlogLoading
FN:13,(anonymous_2)
FNF:2
FNH:0
FNDA:0,BlogLoading
FNDA:0,(anonymous_2)
DA:1,0
DA:14,0
LF:2
LH:0
BRF:0
BRH:0
end_of_record
TN:
SF:src/app/blog/page.tsx
FN:41,BlogPage
FN:65,(anonymous_3)
FN:65,(anonymous_4)
FN:134,(anonymous_5)
FNF:4
FNH:0
FNDA:0,BlogPage
FNDA:0,(anonymous_3)
FNDA:0,(anonymous_4)
FNDA:0,(anonymous_5)
DA:3,0
DA:4,0
DA:6,0
DA:9,0
DA:39,0
DA:41,0
DA:65,0
DA:66,0
DA:135,0
LF:9
LH:0
BRF:0
BRH:0
end_of_record
TN:
SF:src/app/blog/agentic-ai-revolution-2024/page.tsx
FN:6,AgenticAIRevolutionPost
FNF:1
FNH:0
FNDA:0,AgenticAIRevolutionPost
DA:3,0
DA:4,0
DA:6,0
DA:7,0
LF:4
LH:0
BRF:0
BRH:0
end_of_record
TN:
SF:src/app/blog/ai-vs-traditional-analytics/page.tsx
FN:18,AIvsTraditionalAnalytics
FNF:1
FNH:0
FNDA:0,AIvsTraditionalAnalytics
DA:2,0
DA:3,0
DA:5,0
DA:18,0
LF:4
LH:0
BRF:0
BRH:0
end_of_record
TN:
SF:src/app/blog/cost-of-bad-data-quality/page.tsx
FN:18,CostOfBadDataQuality
FNF:1
FNH:0
FNDA:0,CostOfBadDataQuality
DA:2,0
DA:3,0
DA:5,0
DA:18,0
LF:4
LH:0
BRF:0
BRH:0
end_of_record
TN:
SF:src/app/blog/genai-vs-traditional-ml/page.tsx
FN:10,GenAIvsTraditionalMLPage
FNF:1
FNH:0
FNDA:0,GenAIvsTraditionalMLPage
DA:3,0
DA:5,0
DA:10,0
LF:3
LH:0
BRF:0
BRH:0
end_of_record
TN:
SF:src/app/blog/how-to-implement-ai-in-enterprise/page.tsx
FN:70,AIImplementationGuide
FN:817,(anonymous_14)
FNF:2
FNH:0
FNDA:0,AIImplementationGuide
FNDA:0,(anonymous_14)
DA:2,0
DA:3,0
DA:4,0
DA:5,0
DA:6,0
DA:7,0
DA:9,0
DA:57,0
DA:70,0
DA:72,0
DA:73,0
DA:74,0
DA:817,0
LF:13
LH:0
BRDA:813,0,0,0
BRF:1
BRH:0
end_of_record
TN:
SF:src/app/case-studies/page.tsx
FN:184,CaseStudiesPage
FN:190,(anonymous_3)
FN:244,(anonymous_4)
FN:247,(anonymous_5)
FN:265,(anonymous_6)
FN:269,(anonymous_7)
FN:340,(anonymous_8)
FN:341,(anonymous_9)
FN:344,(anonymous_10)
FN:388,(anonymous_11)
FN:419,(anonymous_12)
FN:436,(anonymous_13)
FN:452,(anonymous_14)
FNF:13
FNH:0
FNDA:0,CaseStudiesPage
FNDA:0,(anonymous_3)
FNDA:0,(anonymous_4)
FNDA:0,(anonymous_5)
FNDA:0,(anonymous_6)
FNDA:0,(anonymous_7)
FNDA:0,(anonymous_8)
FNDA:0,(anonymous_9)
FNDA:0,(anonymous_10)
FNDA:0,(anonymous_11)
FNDA:0,(anonymous_12)
FNDA:0,(anonymous_13)
FNDA:0,(anonymous_14)
DA:4,0
DA:5,0
DA:7,0
DA:182,0
DA:184,0
DA:185,0
DA:186,0
DA:188,0
DA:190,0
DA:245,0
DA:247,0
DA:266,0
DA:269,0
DA:340,0
DA:341,0
DA:344,0
DA:389,0
DA:420,0
DA:437,0
DA:453,0
LF:20
LH:0
BRDA:188,0,0,0
BRDA:188,0,1,0
BRDA:249,1,0,0
BRDA:249,1,1,0
BRDA:339,2,0,0
BRF:5
BRH:0
end_of_record
TN:
SF:src/app/case-studies/fortune-500-retail-transformation/page.tsx
FN:11,RetailTransformationCaseStudy
FNF:1
FNH:0
FNDA:0,RetailTransformationCaseStudy
DA:2,0
DA:3,0
DA:5,0
DA:11,0
LF:4
LH:0
BRF:0
BRH:0
end_of_record
TN:
SF:src/app/components/BreadcrumbSchema.tsx
FN:6,BreadcrumbSchema
FN:10,(anonymous_2)
FNF:2
FNH:0
FNDA:0,BreadcrumbSchema
FNDA:0,(anonymous_2)
DA:6,0
DA:7,0
DA:10,0
LF:3
LH:0
BRF:0
BRH:0
end_of_record
TN:
SF:src/app/components/FAQSchema.tsx
FN:1,FAQSchema
FNF:1
FNH:0
FNDA:0,FAQSchema
DA:1,0
DA:2,0
LF:2
LH:0
BRF:0
BRH:0
end_of_record
TN:
SF:src/app/components/SchemaMarkup.tsx
FN:1,SchemaMarkup
FNF:1
FNH:0
FNDA:0,SchemaMarkup
DA:1,0
DA:2,0
DA:24,0
DA:36,0
DA:80,0
LF:5
LH:0
BRF:0
BRH:0
end_of_record
TN:
SF:src/app/components/TrustIndicators.tsx
FN:1,TrustIndicators
FNF:1
FNH:0
FNDA:0,TrustIndicators
DA:1,0
LF:1
LH:0
BRF:0
BRH:0
end_of_record
TN:
SF:src/app/consultation/layout.tsx
FN:43,ConsultationLayout
FNF:1
FNH:0
FNDA:0,ConsultationLayout
DA:3,0
DA:43,0
DA:48,0
LF:3
LH:0
BRF:0
BRH:0
end_of_record
TN:
SF:src/app/consultation/page.tsx
FN:6,Consultation
FN:87,(anonymous_2)
FN:135,(anonymous_3)
FN:274,(anonymous_4)
FN:278,(anonymous_5)
FN:330,(anonymous_6)
FN:348,(anonymous_7)
FN:366,(anonymous_8)
FN:395,(anonymous_9)
FNF:9
FNH:0
FNDA:0,Consultation
FNDA:0,(anonymous_2)
FNDA:0,(anonymous_3)
FNDA:0,(anonymous_4)
FNDA:0,(anonymous_5)
FNDA:0,(anonymous_6)
FNDA:0,(anonymous_7)
FNDA:0,(anonymous_8)
FNDA:0,(anonymous_9)
DA:4,0
DA:6,0
DA:7,0
DA:12,0
DA:36,0
DA:88,0
DA:136,0
DA:275,0
DA:278,0
DA:331,0
DA:349,0
DA:367,0
DA:395,0
LF:13
LH:0
BRDA:91,0,0,0
BRDA:91,0,1,0
BRDA:96,1,0,0
BRF:3
BRH:0
end_of_record
TN:
SF:src/app/contact/page.tsx
FN:5,ContactPage
FN:20,(anonymous_2)
FN:27,(anonymous_3)
FN:32,(anonymous_4)
FN:36,(anonymous_5)
FNF:5
FNH:0
FNDA:0,ContactPage
FNDA:0,(anonymous_2)
FNDA:0,(anonymous_3)
FNDA:0,(anonymous_4)
FNDA:0,(anonymous_5)
DA:3,0
DA:5,0
DA:6,0
DA:17,0
DA:18,0
DA:20,0
DA:21,0
DA:27,0
DA:28,0
DA:29,0
DA:32,0
DA:33,0
DA:34,0
DA:36,0
DA:37,0
DA:38,0
LF:16
LH:0
BRDA:164,0,0,0
BRDA:320,1,0,0
BRDA:320,1,1,0
BRDA:323,2,0,0
BRDA:323,2,1,0
BRF:5
BRH:0
end_of_record
TN:
SF:src/app/cookie-notice/page.tsx
FN:8,CookiePolicy
FNF:1
FNH:0
FNDA:0,CookiePolicy
DA:3,0
DA:8,0
LF:2
LH:0
BRF:0
BRH:0
end_of_record
TN:
SF:src/app/data-quality-ai-solutions/page.tsx
FN:199,DataQualityAISolutionsPage
FNF:1
FNH:0
FNDA:0,DataQualityAISolutionsPage
DA:2,0
DA:4,0
DA:33,0
DA:60,0
DA:115,0
DA:152,0
DA:199,0
LF:7
LH:0
BRF:0
BRH:0
end_of_record
TN:
SF:src/app/docs/page.tsx
FN:6,DocsPage
FN:94,(anonymous_3)
FN:96,(anonymous_4)
FN:127,(anonymous_5)
FN:152,(anonymous_6)
FN:155,(anonymous_7)
FN:176,(anonymous_8)
FN:183,(anonymous_9)
FN:224,(anonymous_10)
FNF:9
FNH:0
FNDA:0,DocsPage
FNDA:0,(anonymous_3)
FNDA:0,(anonymous_4)
FNDA:0,(anonymous_5)
FNDA:0,(anonymous_6)
FNDA:0,(anonymous_7)
FNDA:0,(anonymous_8)
FNDA:0,(anonymous_9)
FNDA:0,(anonymous_10)
DA:3,0
DA:4,0
DA:6,0
DA:7,0
DA:8,0
DA:20,0
DA:87,0
DA:94,0
DA:95,0
DA:96,0
DA:97,0
DA:99,0
DA:100,0
DA:103,0
DA:105,0
DA:127,0
DA:153,0
DA:155,0
DA:177,0
DA:184,0
DA:225,0
LF:21
LH:0
BRDA:95,0,0,0
BRDA:95,0,1,0
BRDA:99,1,0,0
BRDA:99,1,1,0
BRDA:157,2,0,0
BRDA:157,2,1,0
BRDA:171,3,0,0
BRDA:171,3,1,0
BRDA:171,4,0,0
BRDA:171,4,1,0
BRDA:176,5,0,0
BRDA:176,5,1,0
BRF:12
BRH:0
end_of_record
TN:
SF:src/app/enterprise-ai-transformation/page.tsx
FN:134,EnterpriseAITransformationPage
FNF:1
FNH:0
FNDA:0,EnterpriseAITransformationPage
DA:2,0
DA:4,0
DA:20,0
DA:47,0
DA:102,0
DA:134,0
LF:6
LH:0
BRF:0
BRH:0
end_of_record
TN:
SF:src/app/get-started/page.tsx
FN:20,GetStarted
FNF:1
FNH:0
FNDA:0,GetStarted
DA:2,0
DA:3,0
DA:5,0
DA:20,0
LF:4
LH:0
BRF:0
BRH:0
end_of_record
TN:
SF:src/app/insights/page.tsx
FN:21,InsightsPage
FN:93,(anonymous_3)
FN:142,(anonymous_4)
FN:172,(anonymous_5)
FN:210,(anonymous_6)
FNF:5
FNH:0
FNDA:0,InsightsPage
FNDA:0,(anonymous_3)
FNDA:0,(anonymous_4)
FNDA:0,(anonymous_5)
FNDA:0,(anonymous_6)
DA:3,0
DA:4,0
DA:5,0
DA:7,0
DA:10,0
DA:12,0
DA:21,0
DA:94,0
DA:143,0
DA:173,0
DA:211,0
LF:11
LH:0
BRDA:97,0,0,0
BRDA:97,0,1,0
BRDA:176,1,0,0
BRDA:177,2,0,0
BRDA:178,3,0,0
BRDA:179,4,0,0
BRDA:180,5,0,0
BRDA:181,6,0,0
BRDA:187,7,0,0
BRDA:187,7,1,0
BRDA:188,8,0,0
BRDA:188,8,1,0
BRDA:189,9,0,0
BRDA:189,9,1,0
BRDA:190,10,0,0
BRDA:190,10,1,0
BRDA:191,11,0,0
BRDA:191,11,1,0
BRDA:222,12,0,0
BRDA:222,12,1,0
BRDA:223,13,0,0
BRDA:223,13,1,0
BRDA:224,14,0,0
BRDA:224,14,1,0
BRDA:225,15,0,0
BRDA:225,15,1,0
BRDA:226,16,0,0
BRDA:226,16,1,0
BRF:28
BRH:0
end_of_record
TN:
SF:src/app/insights/ai-economic-impact-report/page.tsx
FN:11,AIEconomicImpactReport
FN:284,(anonymous_5)
FN:349,(anonymous_6)
FN:374,(anonymous_7)
FNF:4
FNH:0
FNDA:0,AIEconomicImpactReport
FNDA:0,(anonymous_5)
FNDA:0,(anonymous_6)
FNDA:0,(anonymous_7)
DA:2,0
DA:3,0
DA:5,0
DA:11,0
DA:285,0
DA:350,0
DA:375,0
LF:7
LH:0
BRDA:287,0,0,0
BRDA:287,0,1,0
BRDA:288,1,0,0
BRDA:288,1,1,0
BRDA:289,2,0,0
BRDA:289,2,1,0
BRDA:290,3,0,0
BRDA:290,3,1,0
BRDA:291,4,0,0
BRDA:291,4,1,0
BRDA:292,5,0,0
BRDA:292,5,1,0
BRDA:309,6,0,0
BRDA:309,6,1,0
BRDA:310,7,0,0
BRDA:310,7,1,0
BRDA:311,8,0,0
BRDA:311,8,1,0
BRDA:312,9,0,0
BRDA:312,9,1,0
BRDA:313,10,0,0
BRDA:313,10,1,0
BRDA:314,11,0,0
BRDA:314,11,1,0
BRF:24
BRH:0
end_of_record
TN:
SF:src/app/insights/ai-governance-framework/page.tsx
FN:11,AIGovernanceFramework
FN:198,(anonymous_5)
FN:229,(anonymous_6)
FN:240,(anonymous_7)
FN:465,(anonymous_8)
FN:475,(anonymous_9)
FN:504,(anonymous_10)
FN:525,(anonymous_11)
FNF:8
FNH:0
FNDA:0,AIGovernanceFramework
FNDA:0,(anonymous_5)
FNDA:0,(anonymous_6)
FNDA:0,(anonymous_7)
FNDA:0,(anonymous_8)
FNDA:0,(anonymous_9)
FNDA:0,(anonymous_10)
FNDA:0,(anonymous_11)
DA:2,0
DA:3,0
DA:5,0
DA:11,0
DA:199,0
DA:230,0
DA:241,0
DA:466,0
DA:476,0
DA:505,0
DA:526,0
LF:11
LH:0
BRDA:201,0,0,0
BRDA:201,0,1,0
BRDA:202,1,0,0
BRDA:202,1,1,0
BRDA:203,2,0,0
BRDA:203,2,1,0
BRDA:204,3,0,0
BRDA:204,3,1,0
BRDA:205,4,0,0
BRDA:205,4,1,0
BRDA:206,5,0,0
BRDA:206,5,1,0
BRDA:212,6,0,0
BRDA:212,6,1,0
BRDA:213,7,0,0
BRDA:213,7,1,0
BRDA:214,8,0,0
BRDA:214,8,1,0
BRDA:215,9,0,0
BRDA:215,9,1,0
BRDA:216,10,0,0
BRDA:216,10,1,0
BRDA:217,11,0,0
BRDA:217,11,1,0
BRF:24
BRH:0
end_of_record
TN:
SF:src/app/insights/financial-services-ml-playbook/page.tsx
FN:11,FinancialServicesMLPlaybook
FN:154,(anonymous_5)
FN:187,(anonymous_6)
FN:345,(anonymous_7)
FN:387,(anonymous_8)
FN:398,(anonymous_9)
FN:490,(anonymous_10)
FN:500,(anonymous_11)
FN:512,(anonymous_12)
FN:524,(anonymous_13)
FN:661,(anonymous_14)
FN:714,(anonymous_15)
FNF:12
FNH:0
FNDA:0,FinancialServicesMLPlaybook
FNDA:0,(anonymous_5)
FNDA:0,(anonymous_6)
FNDA:0,(anonymous_7)
FNDA:0,(anonymous_8)
FNDA:0,(anonymous_9)
FNDA:0,(anonymous_10)
FNDA:0,(anonymous_11)
FNDA:0,(anonymous_12)
FNDA:0,(anonymous_13)
FNDA:0,(anonymous_14)
FNDA:0,(anonymous_15)
DA:2,0
DA:3,0
DA:5,0
DA:11,0
DA:155,0
DA:188,0
DA:346,0
DA:388,0
DA:399,0
DA:491,0
DA:501,0
DA:513,0
DA:525,0
DA:662,0
DA:715,0
LF:15
LH:0
BRDA:163,0,0,0
BRDA:163,0,1,0
BRDA:164,1,0,0
BRDA:164,1,1,0
BRDA:165,2,0,0
BRDA:165,2,1,0
BRDA:166,3,0,0
BRDA:166,3,1,0
BRDA:169,4,0,0
BRDA:169,4,1,0
BRDA:348,5,0,0
BRDA:348,5,1,0
BRDA:349,6,0,0
BRDA:349,6,1,0
BRDA:350,7,0,0
BRDA:350,7,1,0
BRDA:351,8,0,0
BRDA:351,8,1,0
BRDA:358,9,0,0
BRDA:358,9,1,0
BRDA:359,10,0,0
BRDA:359,10,1,0
BRDA:360,11,0,0
BRDA:360,11,1,0
BRDA:361,12,0,0
BRDA:361,12,1,0
BRDA:365,13,0,0
BRDA:365,13,1,0
BRDA:366,14,0,0
BRDA:366,14,1,0
BRDA:367,15,0,0
BRDA:367,15,1,0
BRDA:368,16,0,0
BRDA:368,16,1,0
BRF:34
BRH:0
end_of_record
TN:
SF:src/app/insights/healthcare-ai-transformation-guide/page.tsx
FN:11,HealthcareAITransformationGuide
FN:238,(anonymous_5)
FN:267,(anonymous_6)
FN:377,(anonymous_7)
FN:413,(anonymous_8)
FN:502,(anonymous_9)
FN:531,(anonymous_10)
FN:779,(anonymous_11)
FN:801,(anonymous_12)
FNF:9
FNH:0
FNDA:0,HealthcareAITransformationGuide
FNDA:0,(anonymous_5)
FNDA:0,(anonymous_6)
FNDA:0,(anonymous_7)
FNDA:0,(anonymous_8)
FNDA:0,(anonymous_9)
FNDA:0,(anonymous_10)
FNDA:0,(anonymous_11)
FNDA:0,(anonymous_12)
DA:2,0
DA:3,0
DA:5,0
DA:11,0
DA:239,0
DA:268,0
DA:378,0
DA:414,0
DA:503,0
DA:532,0
DA:780,0
DA:802,0
LF:12
LH:0
BRDA:380,0,0,0
BRDA:380,0,1,0
BRDA:381,1,0,0
BRDA:381,1,1,0
BRDA:382,2,0,0
BRDA:382,2,1,0
BRDA:383,3,0,0
BRDA:383,3,1,0
BRDA:390,4,0,0
BRDA:390,4,1,0
BRDA:391,5,0,0
BRDA:391,5,1,0
BRDA:392,6,0,0
BRDA:392,6,1,0
BRDA:393,7,0,0
BRDA:393,7,1,0
BRF:16
BRH:0
end_of_record
TN:
SF:src/app/insights/mlops-best-practices/page.tsx
FN:11,MLOpsBestPractices
FN:172,(anonymous_5)
FN:199,(anonymous_6)
FN:292,(anonymous_7)
FN:304,(anonymous_8)
FN:315,(anonymous_9)
FN:376,(anonymous_10)
FN:394,(anonymous_11)
FN:680,(anonymous_12)
FN:690,(anonymous_13)
FN:748,(anonymous_14)
FN:763,(anonymous_15)
FN:820,(anonymous_16)
FN:830,(anonymous_17)
FNF:14
FNH:0
FNDA:0,MLOpsBestPractices
FNDA:0,(anonymous_5)
FNDA:0,(anonymous_6)
FNDA:0,(anonymous_7)
FNDA:0,(anonymous_8)
FNDA:0,(anonymous_9)
FNDA:0,(anonymous_10)
FNDA:0,(anonymous_11)
FNDA:0,(anonymous_12)
FNDA:0,(anonymous_13)
FNDA:0,(anonymous_14)
FNDA:0,(anonymous_15)
FNDA:0,(anonymous_16)
FNDA:0,(anonymous_17)
DA:2,0
DA:3,0
DA:5,0
DA:11,0
DA:173,0
DA:200,0
DA:293,0
DA:305,0
DA:316,0
DA:377,0
DA:395,0
DA:681,0
DA:691,0
DA:749,0
DA:764,0
DA:821,0
DA:831,0
LF:17
LH:0
BRDA:175,0,0,0
BRDA:175,0,1,0
BRDA:176,1,0,0
BRDA:176,1,1,0
BRDA:177,2,0,0
BRDA:177,2,1,0
BRDA:178,3,0,0
BRDA:178,3,1,0
BRDA:185,4,0,0
BRDA:185,4,1,0
BRDA:186,5,0,0
BRDA:186,5,1,0
BRDA:187,6,0,0
BRDA:187,6,1,0
BRDA:188,7,0,0
BRDA:188,7,1,0
BRDA:379,8,0,0
BRDA:379,8,1,0
BRDA:380,9,0,0
BRDA:380,9,1,0
BRDA:381,10,0,0
BRDA:381,10,1,0
BRDA:382,11,0,0
BRDA:382,11,1,0
BRDA:383,12,0,0
BRDA:383,12,1,0
BRDA:823,13,0,0
BRDA:823,13,1,0
BRDA:824,14,0,0
BRDA:824,14,1,0
BRF:30
BRH:0
end_of_record
TN:
SF:src/app/insights/state-of-enterprise-ai-2025/page.tsx
FN:11,StateOfEnterpriseAI2025
FN:133,(anonymous_5)
FN:160,(anonymous_6)
FN:181,(anonymous_7)
FN:281,(anonymous_8)
FN:322,(anonymous_9)
FN:385,(anonymous_10)
FN:452,(anonymous_11)
FN:473,(anonymous_12)
FN:517,(anonymous_13)
FN:530,(anonymous_14)
FN:563,(anonymous_15)
FN:658,(anonymous_16)
FN:670,(anonymous_17)
FN:701,(anonymous_18)
FN:720,(anonymous_19)
FN:772,(anonymous_20)
FNF:17
FNH:0
FNDA:0,StateOfEnterpriseAI2025
FNDA:0,(anonymous_5)
FNDA:0,(anonymous_6)
FNDA:0,(anonymous_7)
FNDA:0,(anonymous_8)
FNDA:0,(anonymous_9)
FNDA:0,(anonymous_10)
FNDA:0,(anonymous_11)
FNDA:0,(anonymous_12)
FNDA:0,(anonymous_13)
FNDA:0,(anonymous_14)
FNDA:0,(anonymous_15)
FNDA:0,(anonymous_16)
FNDA:0,(anonymous_17)
FNDA:0,(anonymous_18)
FNDA:0,(anonymous_19)
FNDA:0,(anonymous_20)
DA:2,0
DA:3,0
DA:5,0
DA:11,0
DA:134,0
DA:161,0
DA:182,0
DA:282,0
DA:323,0
DA:386,0
DA:453,0
DA:474,0
DA:518,0
DA:531,0
DA:564,0
DA:659,0
DA:671,0
DA:702,0
DA:721,0
DA:773,0
LF:20
LH:0
BRDA:390,0,0,0
BRDA:521,1,0,0
BRDA:521,1,1,0
BRDA:522,2,0,0
BRDA:522,2,1,0
BRDA:523,3,0,0
BRDA:523,3,1,0
BRDA:524,4,0,0
BRDA:524,4,1,0
BRDA:532,5,0,0
BRDA:532,5,1,0
BRDA:533,6,0,0
BRDA:533,6,1,0
BRDA:534,7,0,0
BRDA:534,7,1,0
BRDA:535,8,0,0
BRDA:535,8,1,0
BRF:17
BRH:0
end_of_record
TN:
SF:src/app/portal/login/page.tsx
FN:6,CustomerPortalLogin
FN:12,(anonymous_3)
FN:16,(anonymous_4)
FN:60,(anonymous_5)
FN:86,(anonymous_6)
FN:101,(anonymous_7)
FNF:6
FNH:0
FNDA:0,CustomerPortalLogin
FNDA:0,(anonymous_3)
FNDA:0,(anonymous_4)
FNDA:0,(anonymous_5)
FNDA:0,(anonymous_6)
FNDA:0,(anonymous_7)
DA:3,0
DA:4,0
DA:6,0
DA:7,0
DA:8,0
DA:9,0
DA:10,0
DA:12,0
DA:13,0
DA:14,0
DA:16,0
DA:17,0
DA:18,0
DA:60,0
DA:86,0
DA:101,0
LF:16
LH:0
BRDA:120,0,0,0
BRDA:120,0,1,0
BRF:2
BRH:0
end_of_record
TN:
SF:src/app/pricing/page.tsx
FN:7,PricingPage
FN:18,(anonymous_3)
FN:255,(anonymous_4)
FN:274,(anonymous_5)
FN:293,(anonymous_6)
FN:312,(anonymous_7)
FN:393,(anonymous_8)
FN:412,(anonymous_9)
FN:420,(anonymous_10)
FN:498,(anonymous_11)
FN:544,(anonymous_12)
FN:560,(anonymous_13)
FNF:12
FNH:0
FNDA:0,PricingPage
FNDA:0,(anonymous_3)
FNDA:0,(anonymous_4)
FNDA:0,(anonymous_5)
FNDA:0,(anonymous_6)
FNDA:0,(anonymous_7)
FNDA:0,(anonymous_8)
FNDA:0,(anonymous_9)
FNDA:0,(anonymous_10)
FNDA:0,(anonymous_11)
FNDA:0,(anonymous_12)
FNDA:0,(anonymous_13)
DA:3,0
DA:4,0
DA:5,0
DA:7,0
DA:8,0
DA:9,0
DA:12,0
DA:13,0
DA:14,0
DA:15,0
DA:18,0
DA:19,0
DA:20,0
DA:21,0
DA:22,0
DA:23,0
DA:24,0
DA:25,0
DA:27,0
DA:36,0
DA:38,0
DA:137,0
DA:255,0
DA:274,0
DA:293,0
DA:312,0
DA:393,0
DA:413,0
DA:420,0
DA:499,0
DA:545,0
DA:561,0
LF:32
LH:0
BRDA:43,0,0,0
BRDA:43,0,1,0
BRDA:44,1,0,0
BRDA:44,1,1,0
BRDA:75,2,0,0
BRDA:75,2,1,0
BRDA:76,3,0,0
BRDA:76,3,1,0
BRDA:389,4,0,0
BRDA:389,4,1,0
BRDA:393,5,0,0
BRDA:393,5,1,0
BRDA:396,6,0,0
BRDA:396,6,1,0
BRDA:398,7,0,0
BRDA:398,7,1,0
BRDA:416,8,0,0
BRDA:416,8,1,0
BRDA:423,9,0,0
BRDA:441,10,0,0
BRDA:448,11,0,0
BRDA:448,11,1,0
BRDA:452,12,0,0
BRDA:452,12,1,0
BRDA:454,13,0,0
BRDA:454,13,1,0
BRDA:483,14,0,0
BRDA:483,14,1,0
BRDA:485,15,0,0
BRDA:485,15,1,0
BRDA:490,16,0,0
BRDA:490,16,1,0
BRDA:501,17,0,0
BRDA:505,18,0,0
BRDA:505,18,1,0
BRF:35
BRH:0
end_of_record
TN:
SF:src/app/privacy-notice/page.tsx
FN:8,PrivacyNotice
FNF:1
FNH:0
FNDA:0,PrivacyNotice
DA:3,0
DA:8,0
LF:2
LH:0
BRF:0
BRH:0
end_of_record
TN:
SF:src/app/products/page.tsx
FN:54,ProductsPage
FN:203,(anonymous_5)
FN:226,(anonymous_6)
FN:239,(anonymous_7)
FN:249,(anonymous_8)
FN:282,(anonymous_9)
FN:411,(anonymous_10)
FNF:7
FNH:0
FNDA:0,ProductsPage
FNDA:0,(anonymous_5)
FNDA:0,(anonymous_6)
FNDA:0,(anonymous_7)
FNDA:0,(anonymous_8)
FNDA:0,(anonymous_9)
FNDA:0,(anonymous_10)
DA:2,0
DA:22,0
DA:24,0
DA:36,0
DA:54,0
DA:55,0
DA:118,0
DA:141,0
DA:148,0
DA:204,0
DA:227,0
DA:240,0
DA:250,0
DA:283,0
DA:412,0
LF:15
LH:0
BRF:0
BRH:0
end_of_record
TN:
SF:src/app/products/analytics/page.tsx
FN:10,AnalyticsEngine
FNF:1
FNH:0
FNDA:0,AnalyticsEngine
DA:2,0
DA:4,0
DA:10,0
LF:3
LH:0
BRF:0
BRH:0
end_of_record
TN:
SF:src/app/products/mlops/page.tsx
FN:11,MLOperationsSuite
FNF:1
FNH:0
FNDA:0,MLOperationsSuite
DA:2,0
DA:3,0
DA:5,0
DA:11,0
LF:4
LH:0
BRF:0
BRH:0
end_of_record
TN:
SF:src/app/products/transformation/page.tsx
FN:10,TransformationHub
FNF:1
FNH:0
FNDA:0,TransformationHub
DA:2,0
DA:4,0
DA:10,0
LF:3
LH:0
BRF:0
BRH:0
end_of_record
TN:
SF:src/app/resources/loading.tsx
FN:1,ResourcesLoading
FN:13,(anonymous_2)
FN:20,(anonymous_3)
FNF:3
FNH:0
FNDA:0,ResourcesLoading
FNDA:0,(anonymous_2)
FNDA:0,(anonymous_3)
DA:1,0
DA:14,0
DA:21,0
LF:3
LH:0
BRF:0
BRH:0
end_of_record
TN:
SF:src/app/resources/page.tsx
FN:160,(anonymous_2)
FN:229,(anonymous_3)
FN:242,(anonymous_4)
FN:264,(anonymous_5)
FN:312,(anonymous_6)
FN:320,(anonymous_7)
FN:330,(anonymous_8)
FN:339,(anonymous_9)
FN:347,(anonymous_10)
FN:355,(anonymous_11)
FN:364,(anonymous_12)
FN:392,ResourcesPage
FN:396,(anonymous_14)
FN:406,(anonymous_15)
FN:460,(anonymous_16)
FN:487,(anonymous_17)
FN:513,(anonymous_18)
FN:528,(anonymous_19)
FN:555,(anonymous_20)
FN:616,(anonymous_21)
FN:643,(anonymous_22)
FN:653,(anonymous_23)
FN:679,(anonymous_24)
FN:738,(anonymous_25)
FN:754,(anonymous_26)
FN:755,(anonymous_27)
FN:756,(anonymous_28)
FN:757,(anonymous_29)
FNF:28
FNH:0
FNDA:0,(anonymous_2)
FNDA:0,(anonymous_3)
FNDA:0,(anonymous_4)
FNDA:0,(anonymous_5)
FNDA:0,(anonymous_6)
FNDA:0,(anonymous_7)
FNDA:0,(anonymous_8)
FNDA:0,(anonymous_9)
FNDA:0,(anonymous_10)
FNDA:0,(anonymous_11)
FNDA:0,(anonymous_12)
FNDA:0,ResourcesPage
FNDA:0,(anonymous_14)
FNDA:0,(anonymous_15)
FNDA:0,(anonymous_16)
FNDA:0,(anonymous_17)
FNDA:0,(anonymous_18)
FNDA:0,(anonymous_19)
FNDA:0,(anonymous_20)
FNDA:0,(anonymous_21)
FNDA:0,(anonymous_22)
FNDA:0,(anonymous_23)
FNDA:0,(anonymous_24)
FNDA:0,(anonymous_25)
FNDA:0,(anonymous_26)
FNDA:0,(anonymous_27)
FNDA:0,(anonymous_28)
FNDA:0,(anonymous_29)
DA:3,0
DA:4,0
DA:5,0
DA:7,0
DA:160,0
DA:161,0
DA:185,0
DA:186,0
DA:197,0
DA:198,0
DA:212,0
DA:213,0
DA:225,0
DA:229,0
DA:230,0
DA:239,0
DA:240,0
DA:242,0
DA:243,0
DA:244,0
DA:246,0
DA:247,0
DA:257,0
DA:259,0
DA:260,0
DA:261,0
DA:264,0
DA:265,0
DA:266,0
DA:270,0
DA:272,0
DA:276,0
DA:312,0
DA:320,0
DA:330,0
DA:339,0
DA:347,0
DA:355,0
DA:364,0
DA:392,0
DA:393,0
DA:394,0
DA:396,0
DA:397,0
DA:398,0
DA:399,0
DA:402,0
DA:406,0
DA:408,0
DA:409,0
DA:461,0
DA:487,0
DA:514,0
DA:528,0
DA:556,0
DA:617,0
DA:644,0
DA:653,0
DA:680,0
DA:738,0
DA:754,0
DA:755,0
DA:756,0
DA:757,0
LF:64
LH:0
BRDA:163,0,0,0
BRDA:163,0,1,0
BRDA:163,1,0,0
BRDA:163,1,1,0
BRDA:164,2,0,0
BRDA:164,2,1,0
BRDA:165,3,0,0
BRDA:165,3,1,0
BRDA:166,4,0,0
BRDA:166,4,1,0
BRDA:185,5,0,0
BRDA:185,5,1,0
BRDA:185,6,0,0
BRDA:185,6,1,0
BRDA:197,7,0,0
BRDA:197,7,1,0
BRDA:201,8,0,0
BRDA:201,8,1,0
BRDA:202,9,0,0
BRDA:202,9,1,0
BRDA:212,10,0,0
BRDA:212,10,1,0
BRDA:259,11,0,0
BRDA:259,11,1,0
BRDA:276,12,0,0
BRDA:276,12,1,0
BRDA:289,13,0,0
BRDA:378,14,0,0
BRDA:378,14,1,0
BRDA:397,15,0,0
BRDA:397,15,1,0
BRDA:408,16,0,0
BRDA:408,16,1,0
BRDA:466,17,0,0
BRDA:565,18,0,0
BRDA:585,19,0,0
BRDA:585,19,1,0
BRDA:629,20,0,0
BRF:38
BRH:0
end_of_record
TN:
SF:src/app/resources/ai-readiness-checklist/page.tsx
FN:7,AIReadinessChecklistPage
FN:81,(anonymous_3)
FN:113,(anonymous_4)
FN:145,(anonymous_5)
FN:171,(anonymous_6)
FN:174,(anonymous_7)
FN:315,(anonymous_8)
FN:350,(anonymous_9)
FNF:8
FNH:0
FNDA:0,AIReadinessChecklistPage
FNDA:0,(anonymous_3)
FNDA:0,(anonymous_4)
FNDA:0,(anonymous_5)
FNDA:0,(anonymous_6)
FNDA:0,(anonymous_7)
FNDA:0,(anonymous_8)
FNDA:0,(anonymous_9)
DA:3,0
DA:4,0
DA:5,0
DA:7,0
DA:8,0
DA:10,0
DA:33,0
DA:50,0
DA:81,0
DA:114,0
DA:146,0
DA:172,0
DA:175,0
DA:315,0
DA:350,0
LF:15
LH:0
BRDA:345,0,0,0
BRF:1
BRH:0
end_of_record
TN:
SF:src/app/resources/ai-roi-calculator/page.tsx
FN:7,AIROICalculator
FN:16,(anonymous_3)
FN:54,(anonymous_4)
FN:90,(anonymous_5)
FN:102,(anonymous_6)
FN:114,(anonymous_7)
FN:126,(anonymous_8)
FN:190,(anonymous_9)
FN:418,(anonymous_10)
FN:447,(anonymous_11)
FNF:10
FNH:0
FNDA:0,AIROICalculator
FNDA:0,(anonymous_3)
FNDA:0,(anonymous_4)
FNDA:0,(anonymous_5)
FNDA:0,(anonymous_6)
FNDA:0,(anonymous_7)
FNDA:0,(anonymous_8)
FNDA:0,(anonymous_9)
FNDA:0,(anonymous_10)
FNDA:0,(anonymous_11)
DA:3,0
DA:4,0
DA:5,0
DA:7,0
DA:8,0
DA:9,0
DA:16,0
DA:17,0
DA:18,0
DA:19,0
DA:20,0
DA:22,0
DA:30,0
DA:54,0
DA:90,0
DA:102,0
DA:114,0
DA:126,0
DA:190,0
DA:418,0
DA:447,0
LF:21
LH:0
BRDA:90,0,0,0
BRDA:90,0,1,0
BRDA:102,1,0,0
BRDA:102,1,1,0
BRDA:114,2,0,0
BRDA:114,2,1,0
BRDA:126,3,0,0
BRDA:126,3,1,0
BRDA:442,4,0,0
BRF:9
BRH:0
end_of_record
TN:
SF:src/app/resources/data-quality-ai-success/page.tsx
FN:7,DataQualityAISuccess
FN:33,(anonymous_3)
FN:179,(anonymous_4)
FN:189,(anonymous_5)
FN:323,(anonymous_6)
FN:327,(anonymous_7)
FN:352,(anonymous_8)
FN:381,(anonymous_9)
FNF:8
FNH:0
FNDA:0,DataQualityAISuccess
FNDA:0,(anonymous_3)
FNDA:0,(anonymous_4)
FNDA:0,(anonymous_5)
FNDA:0,(anonymous_6)
FNDA:0,(anonymous_7)
FNDA:0,(anonymous_8)
FNDA:0,(anonymous_9)
DA:3,0
DA:4,0
DA:5,0
DA:7,0
DA:8,0
DA:33,0
DA:180,0
DA:190,0
DA:324,0
DA:328,0
DA:352,0
DA:381,0
LF:12
LH:0
BRDA:376,0,0,0
BRF:1
BRH:0
end_of_record
TN:
SF:src/app/resources/enterprise-agentic-ai-guide/page.tsx
FN:7,EnterpriseAgenticAIGuide
FN:32,(anonymous_3)
FN:355,(anonymous_4)
FN:373,(anonymous_5)
FNF:4
FNH:0
FNDA:0,EnterpriseAgenticAIGuide
FNDA:0,(anonymous_3)
FNDA:0,(anonymous_4)
FNDA:0,(anonymous_5)
DA:3,0
DA:4,0
DA:5,0
DA:7,0
DA:8,0
DA:32,0
DA:355,0
DA:373,0
LF:8
LH:0
BRDA:368,0,0,0
BRF:1
BRH:0
end_of_record
TN:
SF:src/app/services/loading.tsx
FN:1,ServicesLoading
FN:15,(anonymous_2)
FNF:2
FNH:0
FNDA:0,ServicesLoading
FNDA:0,(anonymous_2)
DA:1,0
DA:16,0
LF:2
LH:0
BRF:0
BRH:0
end_of_record
TN:
SF:src/app/services/page.tsx
FN:129,ServicesPage
FN:180,(anonymous_3)
FN:217,(anonymous_4)
FN:275,(anonymous_5)
FN:338,(anonymous_6)
FN:343,(anonymous_7)
FNF:6
FNH:0
FNDA:0,ServicesPage
FNDA:0,(anonymous_3)
FNDA:0,(anonymous_4)
FNDA:0,(anonymous_5)
FNDA:0,(anonymous_6)
FNDA:0,(anonymous_7)
DA:3,0
DA:4,0
DA:6,0
DA:129,0
DA:181,0
DA:182,0
DA:190,0
DA:199,0
DA:218,0
DA:276,0
DA:339,0
DA:344,0
LF:12
LH:0
BRF:0
BRH:0
end_of_record
TN:
SF:src/app/test/page.tsx
FN:6,TestPage
FN:14,(anonymous_3)
FN:19,(anonymous_4)
FN:60,(anonymous_5)
FN:63,(anonymous_6)
FN:104,(anonymous_7)
FN:115,(anonymous_8)
FN:127,(anonymous_9)
FN:139,(anonymous_10)
FN:171,(anonymous_11)
FNF:10
FNH:0
FNDA:0,TestPage
FNDA:0,(anonymous_3)
FNDA:0,(anonymous_4)
FNDA:0,(anonymous_5)
FNDA:0,(anonymous_6)
FNDA:0,(anonymous_7)
FNDA:0,(anonymous_8)
FNDA:0,(anonymous_9)
FNDA:0,(anonymous_10)
FNDA:0,(anonymous_11)
DA:3,0
DA:4,0
DA:6,0
DA:7,0
DA:8,0
DA:9,0
DA:10,0
DA:11,0
DA:12,0
DA:14,0
DA:15,0
DA:16,0
DA:19,0
DA:20,0
DA:30,0
DA:34,0
DA:61,0
DA:64,0
DA:65,0
DA:104,0
DA:115,0
DA:127,0
DA:139,0
DA:171,0
LF:24
LH:0
BRDA:134,0,0,0
BRDA:152,1,0,0
BRDA:152,1,1,0
BRDA:166,2,0,0
BRF:4
BRH:0
end_of_record
TN:
SF:src/components/AIFeatureSection.tsx
FN:37,AIFeatureSection
FN:57,(anonymous_3)
FNF:2
FNH:0
FNDA:0,AIFeatureSection
FNDA:0,(anonymous_3)
DA:3,0
DA:4,0
DA:6,0
DA:37,0
DA:58,0
LF:5
LH:0
BRF:0
BRH:0
end_of_record
TN:
SF:src/components/AIHeroSection.tsx
FN:6,AIHeroSection
FN:9,(anonymous_3)
FN:32,(anonymous_4)
FN:40,(anonymous_5)
FN:48,(anonymous_6)
FN:62,animate
FN:67,(anonymous_8)
FN:95,(anonymous_9)
FN:103,(anonymous_10)
FNF:9
FNH:0
FNDA:0,AIHeroSection
FNDA:0,(anonymous_3)
FNDA:0,(anonymous_4)
FNDA:0,(anonymous_5)
FNDA:0,(anonymous_6)
FNDA:0,animate
FNDA:0,(anonymous_8)
FNDA:0,(anonymous_9)
FNDA:0,(anonymous_10)
DA:3,0
DA:4,0
DA:6,0
DA:7,0
DA:9,0
DA:10,0
DA:11,0
DA:13,0
DA:14,0
DA:16,0
DA:17,0
DA:20,0
DA:21,0
DA:22,0
DA:23,0
DA:33,0
DA:34,0
DA:35,0
DA:36,0
DA:37,0
DA:41,0
DA:42,0
DA:44,0
DA:45,0
DA:49,0
DA:50,0
DA:51,0
DA:52,0
DA:53,0
DA:58,0
DA:59,0
DA:63,0
DA:64,0
DA:67,0
DA:68,0
DA:69,0
DA:73,0
DA:74,0
DA:75,0
DA:76,0
DA:77,0
DA:79,0
DA:80,0
DA:81,0
DA:82,0
DA:83,0
DA:84,0
DA:85,0
DA:90,0
DA:93,0
DA:95,0
DA:96,0
DA:97,0
DA:98,0
DA:102,0
DA:103,0
LF:56
LH:0
BRDA:11,0,0,0
BRDA:11,0,1,0
BRDA:14,1,0,0
BRDA:14,1,1,0
BRDA:33,2,0,0
BRDA:33,2,1,0
BRDA:34,3,0,0
BRDA:34,3,1,0
BRDA:44,4,0,0
BRDA:44,4,1,0
BRDA:44,5,0,0
BRDA:44,5,1,0
BRDA:44,6,0,0
BRDA:44,6,1,0
BRDA:45,7,0,0
BRDA:45,7,1,0
BRDA:45,8,0,0
BRDA:45,8,1,0
BRDA:45,9,0,0
BRDA:45,9,1,0
BRDA:49,10,0,0
BRDA:49,10,1,0
BRDA:63,11,0,0
BRDA:63,11,1,0
BRDA:63,12,0,0
BRDA:63,12,1,0
BRDA:79,13,0,0
BRDA:79,13,1,0
BRDA:96,14,0,0
BRDA:96,14,1,0
BRF:30
BRH:0
end_of_record
TN:
SF:src/components/ComingSoonTemplate.tsx
FN:12,ComingSoonTemplate
FN:43,(anonymous_3)
FNF:2
FNH:0
FNDA:0,ComingSoonTemplate
FNDA:0,(anonymous_3)
DA:1,0
DA:2,0
DA:12,0
DA:44,0
LF:4
LH:0
BRDA:15,0,0,0
BRDA:16,1,0,0
BRDA:17,2,0,0
BRDA:39,3,0,0
BRF:4
BRH:0
end_of_record
TN:
SF:src/components/ComprehensiveMegaMenu.tsx
FN:454,ComprehensiveMegaMenu
FN:460,(anonymous_3)
FN:465,(anonymous_4)
FN:560,(anonymous_5)
FN:561,(anonymous_6)
FN:574,(anonymous_7)
FN:582,(anonymous_8)
FN:621,(anonymous_9)
FN:622,(anonymous_10)
FN:635,(anonymous_11)
FN:643,(anonymous_12)
FN:685,(anonymous_13)
FN:686,(anonymous_14)
FN:699,(anonymous_15)
FN:707,(anonymous_16)
FN:739,(anonymous_17)
FN:740,(anonymous_18)
FN:753,(anonymous_19)
FN:761,(anonymous_20)
FNF:19
FNH:0
FNDA:0,ComprehensiveMegaMenu
FNDA:0,(anonymous_3)
FNDA:0,(anonymous_4)
FNDA:0,(anonymous_5)
FNDA:0,(anonymous_6)
FNDA:0,(anonymous_7)
FNDA:0,(anonymous_8)
FNDA:0,(anonymous_9)
FNDA:0,(anonymous_10)
FNDA:0,(anonymous_11)
FNDA:0,(anonymous_12)
FNDA:0,(anonymous_13)
FNDA:0,(anonymous_14)
FNDA:0,(anonymous_15)
FNDA:0,(anonymous_16)
FNDA:0,(anonymous_17)
FNDA:0,(anonymous_18)
FNDA:0,(anonymous_19)
FNDA:0,(anonymous_20)
DA:3,0
DA:4,0
DA:5,0
DA:7,0
DA:454,0
DA:455,0
DA:456,0
DA:459,0
DA:460,0
DA:461,0
DA:465,0
DA:466,0
DA:534,0
DA:560,0
DA:561,0
DA:575,0
DA:576,0
DA:583,0
DA:621,0
DA:622,0
DA:636,0
DA:637,0
DA:644,0
DA:685,0
DA:686,0
DA:700,0
DA:701,0
DA:708,0
DA:739,0
DA:740,0
DA:754,0
DA:755,0
DA:762,0
LF:33
LH:0
BRDA:459,0,0,0
BRDA:459,0,1,0
BRDA:534,1,0,0
BRDA:534,1,1,0
BRDA:539,2,0,0
BRDA:539,2,1,0
BRDA:565,3,0,0
BRDA:565,3,1,0
BRDA:570,4,0,0
BRDA:596,5,0,0
BRDA:626,6,0,0
BRDA:626,6,1,0
BRDA:631,7,0,0
BRDA:690,8,0,0
BRDA:690,8,1,0
BRDA:695,9,0,0
BRDA:744,10,0,0
BRDA:744,10,1,0
BRDA:749,11,0,0
BRDA:775,12,0,0
BRF:20
BRH:0
end_of_record
TN:
SF:src/components/CookieConsent.tsx
FN:13,CookieConsent
FN:23,(anonymous_3)
FN:31,(anonymous_4)
FN:40,(anonymous_5)
FN:69,(anonymous_6)
FN:81,(anonymous_7)
FN:93,(anonymous_8)
FN:112,(anonymous_9)
FN:116,(anonymous_10)
FN:120,(anonymous_11)
FN:232,(anonymous_12)
FN:260,(anonymous_13)
FN:288,(anonymous_14)
FN:307,(anonymous_15)
FN:320,(anonymous_16)
FNF:15
FNH:0
FNDA:0,CookieConsent
FNDA:0,(anonymous_3)
FNDA:0,(anonymous_4)
FNDA:0,(anonymous_5)
FNDA:0,(anonymous_6)
FNDA:0,(anonymous_7)
FNDA:0,(anonymous_8)
FNDA:0,(anonymous_9)
FNDA:0,(anonymous_10)
FNDA:0,(anonymous_11)
FNDA:0,(anonymous_12)
FNDA:0,(anonymous_13)
FNDA:0,(anonymous_14)
FNDA:0,(anonymous_15)
FNDA:0,(anonymous_16)
DA:3,0
DA:4,0
DA:13,0
DA:14,0
DA:15,0
DA:16,0
DA:23,0
DA:25,0
DA:26,0
DA:27,0
DA:29,0
DA:31,0
DA:34,0
DA:35,0
DA:40,0
DA:42,0
DA:43,0
DA:44,0
DA:48,0
DA:53,0
DA:54,0
DA:60,0
DA:69,0
DA:70,0
DA:77,0
DA:78,0
DA:81,0
DA:82,0
DA:89,0
DA:90,0
DA:93,0
DA:94,0
DA:95,0
DA:96,0
DA:98,0
DA:99,0
DA:102,0
DA:103,0
DA:112,0
DA:113,0
DA:116,0
DA:117,0
DA:120,0
DA:121,0
DA:122,0
DA:123,0
DA:126,0
DA:232,0
DA:260,0
DA:288,0
DA:308,0
DA:321,0
LF:52
LH:0
BRDA:25,0,0,0
BRDA:25,0,1,0
BRDA:29,1,0,0
BRDA:29,1,1,0
BRDA:29,2,0,0
BRDA:29,2,1,0
BRDA:42,3,0,0
BRDA:42,3,1,0
BRDA:42,4,0,0
BRDA:42,4,1,0
BRDA:43,5,0,0
BRDA:43,5,1,0
BRDA:53,6,0,0
BRDA:53,6,1,0
BRDA:102,7,0,0
BRDA:102,7,1,0
BRDA:102,8,0,0
BRDA:102,8,1,0
BRDA:126,9,0,0
BRDA:126,9,1,0
BRDA:126,10,0,0
BRDA:126,10,1,0
BRDA:131,11,0,0
BRDA:131,11,1,0
BRDA:184,12,0,0
BRF:25
BRH:0
end_of_record
TN:
SF:src/components/CookiePreferenceCenter.tsx
FN:12,CookiePreferenceCenter
FN:23,(anonymous_2)
FN:27,(anonymous_3)
FN:35,(anonymous_4)
FN:44,(anonymous_5)
FN:60,(anonymous_6)
FN:61,(anonymous_7)
FN:93,(anonymous_8)
FN:121,(anonymous_9)
FN:156,(anonymous_10)
FN:168,(anonymous_11)
FN:200,(anonymous_12)
FN:211,(anonymous_13)
FN:243,(anonymous_14)
FN:254,(anonymous_15)
FN:290,(anonymous_16)
FNF:16
FNH:0
FNDA:0,CookiePreferenceCenter
FNDA:0,(anonymous_2)
FNDA:0,(anonymous_3)
FNDA:0,(anonymous_4)
FNDA:0,(anonymous_5)
FNDA:0,(anonymous_6)
FNDA:0,(anonymous_7)
FNDA:0,(anonymous_8)
FNDA:0,(anonymous_9)
FNDA:0,(anonymous_10)
FNDA:0,(anonymous_11)
FNDA:0,(anonymous_12)
FNDA:0,(anonymous_13)
FNDA:0,(anonymous_14)
FNDA:0,(anonymous_15)
FNDA:0,(anonymous_16)
DA:3,0
DA:12,0
DA:13,0
DA:14,0
DA:15,0
DA:21,0
DA:23,0
DA:24,0
DA:25,0
DA:26,0
DA:27,0
DA:29,0
DA:30,0
DA:35,0
DA:36,0
DA:37,0
DA:38,0
DA:40,0
DA:41,0
DA:44,0
DA:45,0
DA:51,0
DA:52,0
DA:53,0
DA:54,0
DA:56,0
DA:57,0
DA:60,0
DA:61,0
DA:67,0
DA:94,0
DA:95,0
DA:122,0
DA:123,0
DA:156,0
DA:168,0
DA:200,0
DA:211,0
DA:243,0
DA:254,0
DA:290,0
LF:41
LH:0
BRDA:24,0,0,0
BRDA:24,0,1,0
BRDA:26,1,0,0
BRDA:26,1,1,0
BRDA:36,2,0,0
BRDA:36,2,1,0
BRDA:52,3,0,0
BRDA:52,3,1,0
BRDA:67,4,0,0
BRDA:67,4,1,0
BRDA:67,5,0,0
BRDA:67,5,1,0
BRDA:72,6,0,0
BRDA:72,6,1,0
BRDA:108,7,0,0
BRDA:149,8,0,0
BRDA:149,8,1,0
BRDA:171,9,0,0
BRDA:171,9,1,0
BRDA:173,10,0,0
BRDA:193,11,0,0
BRDA:193,11,1,0
BRDA:214,12,0,0
BRDA:214,12,1,0
BRDA:216,13,0,0
BRDA:236,14,0,0
BRDA:236,14,1,0
BRDA:257,15,0,0
BRDA:257,15,1,0
BRDA:259,16,0,0
BRDA:293,17,0,0
BRDA:293,17,1,0
BRDA:295,18,0,0
BRF:33
BRH:0
end_of_record
TN:
SF:src/components/ErrorBoundary.tsx
FN:14,(anonymous_2)
FN:19,(anonymous_3)
FN:23,(anonymous_4)
FN:27,(anonymous_5)
FN:39,(anonymous_6)
FNF:5
FNH:0
FNDA:0,(anonymous_2)
FNDA:0,(anonymous_3)
FNDA:0,(anonymous_4)
FNDA:0,(anonymous_5)
FNDA:0,(anonymous_6)
DA:3,0
DA:15,0
DA:16,0
DA:20,0
DA:24,0
DA:28,0
DA:39,0
DA:48,0
DA:52,0
LF:9
LH:0
BRDA:28,0,0,0
BRDA:28,0,1,0
BRF:2
BRH:0
end_of_record
TN:
SF:src/components/Footer.tsx
FN:75,Footer
FN:79,(anonymous_16)
FN:83,(anonymous_17)
FN:89,(anonymous_18)
FN:121,(anonymous_19)
FN:301,(anonymous_20)
FNF:6
FNH:0
FNDA:0,Footer
FNDA:0,(anonymous_16)
FNDA:0,(anonymous_17)
FNDA:0,(anonymous_18)
FNDA:0,(anonymous_19)
FNDA:0,(anonymous_20)
DA:3,0
DA:4,0
DA:6,0
DA:75,0
DA:76,0
DA:77,0
DA:79,0
DA:80,0
DA:81,0
DA:83,0
DA:84,0
DA:85,0
DA:86,0
DA:89,0
DA:90,0
DA:121,0
DA:303,0
DA:304,0
DA:305,0
DA:306,0
LF:20
LH:0
BRDA:131,0,0,0
BRDA:131,0,1,0
BRDA:303,1,0,0
BRDA:303,1,1,0
BRF:4
BRH:0
end_of_record
TN:
SF:src/components/FooterSimple.tsx
FN:5,FooterSimple
FNF:1
FNH:0
FNDA:0,FooterSimple
DA:3,0
DA:5,0
LF:2
LH:0
BRF:0
BRH:0
end_of_record
TN:
SF:src/components/Icons.tsx
FNF:0
FNH:0
DA:1,0
LF:1
LH:0
BRF:0
BRH:0
end_of_record
TN:
SF:src/components/JsonLd.tsx
FN:431,JsonLd
FN:445,(anonymous_14)
FN:453,(anonymous_15)
FN:475,(anonymous_16)
FN:487,(anonymous_17)
FN:490,(anonymous_18)
FN:500,(anonymous_19)
FN:503,(anonymous_20)
FN:511,(anonymous_21)
FN:517,(anonymous_22)
FN:530,(anonymous_23)
FN:537,(anonymous_24)
FN:555,(anonymous_25)
FNF:13
FNH:0
FNDA:0,JsonLd
FNDA:0,(anonymous_14)
FNDA:0,(anonymous_15)
FNDA:0,(anonymous_16)
FNDA:0,(anonymous_17)
FNDA:0,(anonymous_18)
FNDA:0,(anonymous_19)
FNDA:0,(anonymous_20)
FNDA:0,(anonymous_21)
FNDA:0,(anonymous_22)
FNDA:0,(anonymous_23)
FNDA:0,(anonymous_24)
FNDA:0,(anonymous_25)
DA:1,0
DA:431,0
DA:445,0
DA:453,0
DA:475,0
DA:487,0
DA:490,0
DA:500,0
DA:503,0
DA:511,0
DA:517,0
DA:530,0
DA:537,0
DA:555,0
LF:14
LH:0
BRDA:431,0,0,0
BRDA:431,1,0,0
BRF:2
BRH:0
end_of_record
TN:
SF:src/components/LazyImage.tsx
FN:25,LazyImage
FN:50,(anonymous_5)
FN:51,(anonymous_6)
FN:65,(anonymous_7)
FN:72,(anonymous_8)
FN:73,(anonymous_9)
FN:90,(anonymous_10)
FN:95,(anonymous_11)
FN:100,(anonymous_12)
FN:106,(anonymous_13)
FN:135,(anonymous_14)
FN:139,(anonymous_15)
FN:142,(anonymous_16)
FN:236,OptimizedImage
FN:263,getImageUrl
FNF:15
FNH:0
FNDA:0,LazyImage
FNDA:0,(anonymous_5)
FNDA:0,(anonymous_6)
FNDA:0,(anonymous_7)
FNDA:0,(anonymous_8)
FNDA:0,(anonymous_9)
FNDA:0,(anonymous_10)
FNDA:0,(anonymous_11)
FNDA:0,(anonymous_12)
FNDA:0,(anonymous_13)
FNDA:0,(anonymous_14)
FNDA:0,(anonymous_15)
FNDA:0,(anonymous_16)
FNDA:0,OptimizedImage
FNDA:0,getImageUrl
DA:3,0
DA:25,0
DA:43,0
DA:44,0
DA:45,0
DA:46,0
DA:47,0
DA:50,0
DA:51,0
DA:52,0
DA:53,0
DA:54,0
DA:56,0
DA:57,0
DA:59,0
DA:62,0
DA:65,0
DA:66,0
DA:67,0
DA:68,0
DA:71,0
DA:73,0
DA:74,0
DA:75,0
DA:76,0
DA:86,0
DA:87,0
DA:90,0
DA:91,0
DA:95,0
DA:96,0
DA:97,0
DA:100,0
DA:101,0
DA:102,0
DA:106,0
DA:108,0
DA:112,0
DA:115,0
DA:116,0
DA:117,0
DA:118,0
DA:119,0
DA:121,0
DA:126,0
DA:131,0
DA:135,0
DA:136,0
DA:138,0
DA:139,0
DA:141,0
DA:143,0
DA:150,0
DA:151,0
DA:154,0
DA:159,0
DA:167,0
DA:168,0
DA:172,0
DA:236,0
DA:241,0
DA:243,0
DA:263,0
DA:268,0
DA:270,0
DA:272,0
DA:279,0
LF:67
LH:0
BRDA:28,0,0,0
BRDA:32,1,0,0
BRDA:33,2,0,0
BRDA:36,3,0,0
BRDA:37,4,0,0
BRDA:40,5,0,0
BRDA:41,6,0,0
BRDA:66,7,0,0
BRDA:66,7,1,0
BRDA:74,8,0,0
BRDA:74,8,1,0
BRDA:86,9,0,0
BRDA:86,9,1,0
BRDA:108,10,0,0
BRDA:108,10,1,0
BRDA:108,11,0,0
BRDA:108,11,1,0
BRDA:112,12,0,0
BRDA:112,12,1,0
BRDA:115,13,0,0
BRDA:115,13,1,0
BRDA:116,14,0,0
BRDA:116,14,1,0
BRDA:118,15,0,0
BRDA:118,15,1,0
BRDA:128,16,0,0
BRDA:128,16,1,0
BRDA:136,17,0,0
BRDA:136,17,1,0
BRDA:150,18,0,0
BRDA:150,18,1,0
BRDA:150,19,0,0
BRDA:150,19,1,0
BRDA:150,19,2,0
BRDA:160,20,0,0
BRDA:160,20,1,0
BRDA:167,21,0,0
BRDA:167,21,1,0
BRDA:167,22,0,0
BRDA:167,22,1,0
BRDA:176,23,0,0
BRDA:176,23,1,0
BRDA:182,24,0,0
BRDA:182,24,1,0
BRDA:182,25,0,0
BRDA:182,25,1,0
BRDA:186,26,0,0
BRDA:185,27,0,0
BRDA:185,27,1,0
BRDA:202,28,0,0
BRDA:208,29,0,0
BRDA:208,29,1,0
BRDA:213,30,0,0
BRDA:213,30,1,0
BRDA:214,31,0,0
BRDA:214,31,1,0
BRDA:216,32,0,0
BRDA:216,32,1,0
BRDA:220,33,0,0
BRDA:220,33,1,0
BRDA:225,34,0,0
BRDA:225,34,1,0
BRDA:241,35,0,0
BRDA:241,36,0,0
BRDA:243,37,0,0
BRDA:243,37,1,0
BRDA:248,38,0,0
BRDA:248,38,1,0
BRDA:251,39,0,0
BRDA:251,39,1,0
BRDA:263,40,0,0
BRDA:268,41,0,0
BRDA:268,42,0,0
BRDA:270,43,0,0
BRDA:270,43,1,0
BRDA:275,44,0,0
BRDA:275,44,1,0
BRDA:276,45,0,0
BRDA:276,45,1,0
BRF:79
BRH:0
end_of_record
TN:
SF:src/components/LeadCapture.tsx
FN:13,LeadCapture
FN:38,(anonymous_2)
FN:44,(anonymous_3)
FN:67,(anonymous_4)
FN:72,(anonymous_5)
FN:105,(anonymous_6)
FN:113,(anonymous_7)
FN:263,(anonymous_8)
FN:293,(anonymous_9)
FN:323,(anonymous_10)
FN:356,(anonymous_11)
FN:386,(anonymous_12)
FN:411,(anonymous_13)
FN:433,(anonymous_14)
FN:465,(anonymous_15)
FNF:15
FNH:0
FNDA:0,LeadCapture
FNDA:0,(anonymous_2)
FNDA:0,(anonymous_3)
FNDA:0,(anonymous_4)
FNDA:0,(anonymous_5)
FNDA:0,(anonymous_6)
FNDA:0,(anonymous_7)
FNDA:0,(anonymous_8)
FNDA:0,(anonymous_9)
FNDA:0,(anonymous_10)
FNDA:0,(anonymous_11)
FNDA:0,(anonymous_12)
FNDA:0,(anonymous_13)
FNDA:0,(anonymous_14)
FNDA:0,(anonymous_15)
DA:3,0
DA:4,0
DA:13,0
DA:19,0
DA:30,0
DA:31,0
DA:32,0
DA:33,0
DA:34,0
DA:35,0
DA:38,0
DA:39,0
DA:41,0
DA:44,0
DA:45,0
DA:46,0
DA:49,0
DA:50,0
DA:53,0
DA:54,0
DA:56,0
DA:57,0
DA:58,0
DA:59,0
DA:60,0
DA:61,0
DA:66,0
DA:67,0
DA:72,0
DA:73,0
DA:75,0
DA:76,0
DA:79,0
DA:80,0
DA:83,0
DA:84,0
DA:85,0
DA:86,0
DA:89,0
DA:90,0
DA:93,0
DA:94,0
DA:97,0
DA:98,0
DA:101,0
DA:105,0
DA:106,0
DA:107,0
DA:108,0
DA:109,0
DA:113,0
DA:114,0
DA:115,0
DA:117,0
DA:118,0
DA:120,0
DA:122,0
DA:124,0
DA:127,0
DA:129,0
DA:131,0
DA:147,0
DA:150,0
DA:162,0
DA:164,0
DA:167,0
DA:169,0
DA:170,0
DA:174,0
DA:175,0
DA:182,0
DA:183,0
DA:185,0
DA:264,0
DA:265,0
DA:266,0
DA:294,0
DA:295,0
DA:296,0
DA:324,0
DA:325,0
DA:326,0
DA:357,0
DA:358,0
DA:359,0
DA:387,0
DA:388,0
DA:389,0
DA:411,0
DA:434,0
DA:435,0
DA:436,0
DA:465,0
LF:93
LH:0
BRDA:14,0,0,0
BRDA:15,1,0,0
BRDA:16,2,0,0
BRDA:39,3,0,0
BRDA:39,3,1,0
BRDA:45,4,0,0
BRDA:45,4,1,0
BRDA:49,5,0,0
BRDA:49,5,1,0
BRDA:56,6,0,0
BRDA:56,6,1,0
BRDA:56,7,0,0
BRDA:56,7,1,0
BRDA:59,8,0,0
BRDA:59,8,1,0
BRDA:59,9,0,0
BRDA:59,9,1,0
BRDA:75,10,0,0
BRDA:75,10,1,0
BRDA:79,11,0,0
BRDA:79,11,1,0
BRDA:83,12,0,0
BRDA:83,12,1,0
BRDA:85,13,0,0
BRDA:85,13,1,0
BRDA:89,14,0,0
BRDA:89,14,1,0
BRDA:93,15,0,0
BRDA:93,15,1,0
BRDA:97,16,0,0
BRDA:97,16,1,0
BRDA:106,17,0,0
BRDA:106,17,1,0
BRDA:106,18,0,0
BRDA:106,18,1,0
BRDA:120,19,0,0
BRDA:120,19,1,0
BRDA:122,20,0,0
BRDA:122,20,1,0
BRDA:147,21,0,0
BRDA:147,21,1,0
BRDA:162,22,0,0
BRDA:162,22,1,0
BRDA:167,23,0,0
BRDA:167,23,1,0
BRDA:174,24,0,0
BRDA:174,24,1,0
BRDA:174,25,0,0
BRDA:174,25,1,0
BRDA:199,26,0,0
BRDA:199,26,1,0
BRDA:199,26,2,0
BRDA:200,27,0,0
BRDA:200,27,1,0
BRDA:202,28,0,0
BRDA:202,28,1,0
BRDA:211,29,0,0
BRDA:226,30,0,0
BRDA:244,31,0,0
BRDA:244,31,1,0
BRDA:257,32,0,0
BRDA:257,32,1,0
BRDA:258,33,0,0
BRDA:258,33,1,0
BRDA:260,34,0,0
BRDA:260,34,1,0
BRDA:265,35,0,0
BRDA:265,35,1,0
BRDA:270,36,0,0
BRDA:287,37,0,0
BRDA:287,37,1,0
BRDA:288,38,0,0
BRDA:288,38,1,0
BRDA:290,39,0,0
BRDA:290,39,1,0
BRDA:295,40,0,0
BRDA:295,40,1,0
BRDA:300,41,0,0
BRDA:317,42,0,0
BRDA:317,42,1,0
BRDA:318,43,0,0
BRDA:318,43,1,0
BRDA:320,44,0,0
BRDA:320,44,1,0
BRDA:325,45,0,0
BRDA:325,45,1,0
BRDA:333,46,0,0
BRDA:350,47,0,0
BRDA:350,47,1,0
BRDA:351,48,0,0
BRDA:351,48,1,0
BRDA:353,49,0,0
BRDA:353,49,1,0
BRDA:358,50,0,0
BRDA:358,50,1,0
BRDA:363,51,0,0
BRDA:380,52,0,0
BRDA:380,52,1,0
BRDA:381,53,0,0
BRDA:381,53,1,0
BRDA:383,54,0,0
BRDA:383,54,1,0
BRDA:388,55,0,0
BRDA:388,55,1,0
BRDA:393,56,0,0
BRDA:427,57,0,0
BRDA:427,57,1,0
BRDA:428,58,0,0
BRDA:428,58,1,0
BRDA:430,59,0,0
BRDA:430,59,1,0
BRDA:435,60,0,0
BRDA:435,60,1,0
BRDA:447,61,0,0
BRDA:480,62,0,0
BRDA:480,62,1,0
BRF:116
BRH:0
end_of_record
TN:
SF:src/components/MegaMenu.tsx
FN:364,MegaMenu
FN:370,(anonymous_3)
FN:375,(anonymous_4)
FN:415,(anonymous_5)
FN:416,(anonymous_6)
FN:429,(anonymous_7)
FN:437,(anonymous_8)
FN:476,(anonymous_9)
FN:477,(anonymous_10)
FN:490,(anonymous_11)
FN:498,(anonymous_12)
FN:540,(anonymous_13)
FN:541,(anonymous_14)
FN:554,(anonymous_15)
FN:562,(anonymous_16)
FN:594,(anonymous_17)
FN:595,(anonymous_18)
FN:608,(anonymous_19)
FN:616,(anonymous_20)
FNF:19
FNH:0
FNDA:0,MegaMenu
FNDA:0,(anonymous_3)
FNDA:0,(anonymous_4)
FNDA:0,(anonymous_5)
FNDA:0,(anonymous_6)
FNDA:0,(anonymous_7)
FNDA:0,(anonymous_8)
FNDA:0,(anonymous_9)
FNDA:0,(anonymous_10)
FNDA:0,(anonymous_11)
FNDA:0,(anonymous_12)
FNDA:0,(anonymous_13)
FNDA:0,(anonymous_14)
FNDA:0,(anonymous_15)
FNDA:0,(anonymous_16)
FNDA:0,(anonymous_17)
FNDA:0,(anonymous_18)
FNDA:0,(anonymous_19)
FNDA:0,(anonymous_20)
DA:3,0
DA:4,0
DA:5,0
DA:7,0
DA:364,0
DA:365,0
DA:366,0
DA:369,0
DA:370,0
DA:371,0
DA:375,0
DA:376,0
DA:389,0
DA:415,0
DA:416,0
DA:430,0
DA:431,0
DA:438,0
DA:476,0
DA:477,0
DA:491,0
DA:492,0
DA:499,0
DA:540,0
DA:541,0
DA:555,0
DA:556,0
DA:563,0
DA:594,0
DA:595,0
DA:609,0
DA:610,0
DA:617,0
LF:33
LH:0
BRDA:369,0,0,0
BRDA:369,0,1,0
BRDA:389,1,0,0
BRDA:389,1,1,0
BRDA:394,2,0,0
BRDA:394,2,1,0
BRDA:420,3,0,0
BRDA:420,3,1,0
BRDA:425,4,0,0
BRDA:451,5,0,0
BRDA:481,6,0,0
BRDA:481,6,1,0
BRDA:486,7,0,0
BRDA:545,8,0,0
BRDA:545,8,1,0
BRDA:550,9,0,0
BRDA:599,10,0,0
BRDA:599,10,1,0
BRDA:604,11,0,0
BRDA:630,12,0,0
BRF:20
BRH:0
end_of_record
TN:
SF:src/components/MenuDesignA.tsx
FN:7,MenuDesignA
FN:12,(anonymous_3)
FN:50,(anonymous_4)
FN:51,(anonymous_5)
FN:77,(anonymous_6)
FN:102,(anonymous_7)
FN:121,(anonymous_8)
FN:136,(anonymous_9)
FN:137,(anonymous_10)
FN:158,(anonymous_11)
FNF:10
FNH:0
FNDA:0,MenuDesignA
FNDA:0,(anonymous_3)
FNDA:0,(anonymous_4)
FNDA:0,(anonymous_5)
FNDA:0,(anonymous_6)
FNDA:0,(anonymous_7)
FNDA:0,(anonymous_8)
FNDA:0,(anonymous_9)
FNDA:0,(anonymous_10)
FNDA:0,(anonymous_11)
DA:3,0
DA:4,0
DA:7,0
DA:8,0
DA:9,0
DA:11,0
DA:12,0
DA:13,0
DA:50,0
DA:51,0
DA:78,0
DA:103,0
DA:122,0
DA:136,0
DA:137,0
DA:159,0
LF:16
LH:0
BRDA:11,0,0,0
BRDA:11,0,1,0
BRDA:19,1,0,0
BRDA:19,1,1,0
BRDA:55,2,0,0
BRDA:55,2,1,0
BRDA:60,3,0,0
BRDA:141,4,0,0
BRDA:141,4,1,0
BRDA:146,5,0,0
BRF:10
BRH:0
end_of_record
TN:
SF:src/components/MenuDesignB.tsx
FN:7,MenuDesignB
FN:12,(anonymous_3)
FN:50,(anonymous_4)
FN:51,(anonymous_5)
FN:78,(anonymous_6)
FN:104,(anonymous_7)
FN:129,(anonymous_8)
FN:144,(anonymous_9)
FN:145,(anonymous_10)
FN:166,(anonymous_11)
FNF:10
FNH:0
FNDA:0,MenuDesignB
FNDA:0,(anonymous_3)
FNDA:0,(anonymous_4)
FNDA:0,(anonymous_5)
FNDA:0,(anonymous_6)
FNDA:0,(anonymous_7)
FNDA:0,(anonymous_8)
FNDA:0,(anonymous_9)
FNDA:0,(anonymous_10)
FNDA:0,(anonymous_11)
DA:3,0
DA:4,0
DA:7,0
DA:8,0
DA:9,0
DA:11,0
DA:12,0
DA:13,0
DA:50,0
DA:51,0
DA:79,0
DA:105,0
DA:130,0
DA:144,0
DA:145,0
DA:167,0
LF:16
LH:0
BRDA:11,0,0,0
BRDA:11,0,1,0
BRDA:19,1,0,0
BRDA:19,1,1,0
BRDA:55,2,0,0
BRDA:55,2,1,0
BRDA:60,3,0,0
BRDA:149,4,0,0
BRDA:149,4,1,0
BRDA:154,5,0,0
BRF:10
BRH:0
end_of_record
TN:
SF:src/components/MenuDesignC.tsx
FN:8,MenuDesignC
FN:31,(anonymous_3)
FN:32,(anonymous_4)
FN:54,(anonymous_5)
FN:59,(anonymous_6)
FN:60,(anonymous_7)
FN:79,(anonymous_8)
FN:84,(anonymous_9)
FN:85,(anonymous_10)
FN:100,(anonymous_11)
FN:115,(anonymous_12)
FN:116,(anonymous_13)
FN:135,(anonymous_14)
FN:140,(anonymous_15)
FN:141,(anonymous_16)
FNF:15
FNH:0
FNDA:0,MenuDesignC
FNDA:0,(anonymous_3)
FNDA:0,(anonymous_4)
FNDA:0,(anonymous_5)
FNDA:0,(anonymous_6)
FNDA:0,(anonymous_7)
FNDA:0,(anonymous_8)
FNDA:0,(anonymous_9)
FNDA:0,(anonymous_10)
FNDA:0,(anonymous_11)
FNDA:0,(anonymous_12)
FNDA:0,(anonymous_13)
FNDA:0,(anonymous_14)
FNDA:0,(anonymous_15)
FNDA:0,(anonymous_16)
DA:3,0
DA:4,0
DA:8,0
DA:9,0
DA:10,0
DA:31,0
DA:32,0
DA:55,0
DA:59,0
DA:60,0
DA:80,0
DA:84,0
DA:85,0
DA:101,0
DA:115,0
DA:116,0
DA:136,0
DA:140,0
DA:141,0
LF:19
LH:0
BRDA:36,0,0,0
BRDA:36,0,1,0
BRDA:41,1,0,0
BRDA:62,2,0,0
BRDA:62,2,1,0
BRDA:87,3,0,0
BRDA:87,3,1,0
BRDA:120,4,0,0
BRDA:120,4,1,0
BRDA:125,5,0,0
BRDA:143,6,0,0
BRDA:143,6,1,0
BRF:12
BRH:0
end_of_record
TN:
SF:src/components/MenuSelector.tsx
FN:10,MenuSelector
FN:16,(anonymous_3)
FN:27,(anonymous_4)
FN:35,(anonymous_5)
FN:38,(anonymous_6)
FN:45,(anonymous_7)
FN:57,(anonymous_8)
FN:69,(anonymous_9)
FN:77,(anonymous_10)
FN:80,(anonymous_11)
FNF:10
FNH:0
FNDA:0,MenuSelector
FNDA:0,(anonymous_3)
FNDA:0,(anonymous_4)
FNDA:0,(anonymous_5)
FNDA:0,(anonymous_6)
FNDA:0,(anonymous_7)
FNDA:0,(anonymous_8)
FNDA:0,(anonymous_9)
FNDA:0,(anonymous_10)
FNDA:0,(anonymous_11)
DA:3,0
DA:4,0
DA:5,0
DA:6,0
DA:7,0
DA:8,0
DA:10,0
DA:11,0
DA:12,0
DA:13,0
DA:16,0
DA:17,0
DA:18,0
DA:19,0
DA:20,0
DA:21,0
DA:27,0
DA:28,0
DA:29,0
DA:30,0
DA:35,0
DA:36,0
DA:38,0
DA:39,0
DA:40,0
DA:41,0
DA:44,0
DA:45,0
DA:49,0
DA:57,0
DA:69,0
DA:78,0
DA:80,0
LF:33
LH:0
BRDA:18,0,0,0
BRDA:18,0,1,0
BRDA:20,1,0,0
BRDA:20,1,1,0
BRDA:29,2,0,0
BRDA:29,2,1,0
BRDA:36,3,0,0
BRDA:36,3,1,0
BRDA:39,4,0,0
BRDA:39,4,1,0
BRDA:39,5,0,0
BRDA:39,5,1,0
BRDA:39,5,2,0
BRDA:57,6,0,0
BRDA:57,6,1,0
BRDA:64,7,0,0
BRDA:82,8,0,0
BRDA:82,8,1,0
BRF:18
BRH:0
end_of_record
TN:
SF:src/components/ModernIcons.tsx
FNF:0
FNH:0
DA:1,0
LF:1
LH:0
BRF:0
BRH:0
end_of_record
TN:
SF:src/components/ModernMegaMenu.tsx
FN:231,ModernMegaMenu
FN:258,(anonymous_3)
FN:262,(anonymous_4)
FN:263,(anonymous_5)
FN:277,(anonymous_6)
FN:283,(anonymous_7)
FNF:6
FNH:0
FNDA:0,ModernMegaMenu
FNDA:0,(anonymous_3)
FNDA:0,(anonymous_4)
FNDA:0,(anonymous_5)
FNDA:0,(anonymous_6)
FNDA:0,(anonymous_7)
DA:3,0
DA:4,0
DA:5,0
DA:7,0
DA:231,0
DA:232,0
DA:259,0
DA:262,0
DA:263,0
DA:278,0
DA:284,0
LF:11
LH:0
BRDA:268,0,0,0
BRDA:268,0,1,0
BRDA:273,1,0,0
BRF:3
BRH:0
end_of_record
TN:
SF:src/components/NewsletterSignup.tsx
FN:15,NewsletterSignup
FN:50,(anonymous_2)
FN:55,(anonymous_3)
FN:115,(anonymous_4)
FN:139,(anonymous_5)
FN:184,(anonymous_6)
FN:234,(anonymous_7)
FNF:7
FNH:5
FNDA:31,NewsletterSignup
FNDA:6,(anonymous_2)
FNDA:6,(anonymous_3)
FNDA:1,(anonymous_4)
FNDA:0,(anonymous_5)
FNDA:0,(anonymous_6)
FNDA:7,(anonymous_7)
DA:3,1
DA:4,1
DA:15,12
DA:23,31
DA:24,31
DA:25,31
DA:26,31
DA:29,31
DA:44,31
DA:50,31
DA:51,6
DA:52,6
DA:55,31
DA:56,6
DA:57,6
DA:59,6
DA:60,0
DA:61,0
DA:64,6
DA:65,0
DA:66,0
DA:69,6
DA:71,6
DA:73,6
DA:89,4
DA:90,1
DA:93,3
DA:94,3
DA:97,3
DA:98,3
DA:106,2
DA:107,2
DA:109,5
DA:114,31
DA:115,3
DA:119,31
DA:139,0
DA:167,29
DA:184,0
DA:234,7
LF:40
LH:34
BRDA:16,0,0,27
BRDA:19,1,0,30
BRDA:20,2,0,31
BRDA:21,3,0,31
BRDA:45,4,0,31
BRDA:45,4,1,30
BRDA:46,5,0,31
BRDA:46,5,1,30
BRDA:59,6,0,0
BRDA:59,6,1,6
BRDA:64,7,0,0
BRDA:64,7,1,6
BRDA:89,8,0,1
BRDA:89,8,1,3
BRDA:97,9,0,3
BRDA:97,9,1,0
BRDA:97,10,0,3
BRDA:97,10,1,3
BRDA:114,11,0,3
BRDA:114,11,1,28
BRDA:119,12,0,2
BRDA:119,12,1,29
BRDA:129,13,0,0
BRDA:142,14,0,0
BRDA:142,14,1,2
BRDA:147,15,0,2
BRDA:156,16,0,0
BRDA:156,16,1,2
BRDA:167,17,0,1
BRDA:167,17,1,28
BRDA:174,18,0,0
BRDA:187,19,0,0
BRDA:187,19,1,1
BRDA:192,20,0,1
BRDA:201,21,0,0
BRDA:201,21,1,1
BRDA:223,22,0,3
BRDA:237,23,0,2
BRDA:237,23,1,23
BRDA:242,24,0,25
BRDA:251,25,0,6
BRF:41
BRH:32
end_of_record
TN:
SF:src/components/OptimizedImage.tsx
FN:19,OptimizedImage
FN:52,(anonymous_5)
FN:59,LazyImage
FN:62,(anonymous_7)
FN:64,(anonymous_8)
FN:80,(anonymous_9)
FNF:6
FNH:0
FNDA:0,OptimizedImage
FNDA:0,(anonymous_5)
FNDA:0,LazyImage
FNDA:0,(anonymous_7)
FNDA:0,(anonymous_8)
FNDA:0,(anonymous_9)
DA:3,0
DA:4,0
DA:19,0
DA:31,0
DA:34,0
DA:52,0
DA:59,0
DA:60,0
DA:62,0
DA:63,0
DA:65,0
DA:66,0
DA:75,0
DA:76,0
DA:77,0
DA:80,0
DA:81,0
DA:82,0
LF:18
LH:0
BRDA:24,0,0,0
BRDA:25,1,0,0
BRDA:27,2,0,0
BRDA:28,3,0,0
BRDA:44,4,0,0
BRDA:44,4,1,0
BRDA:47,5,0,0
BRDA:47,5,1,0
BRDA:50,6,0,0
BRDA:50,6,1,0
BRDA:65,7,0,0
BRDA:65,7,1,0
BRDA:76,8,0,0
BRDA:76,8,1,0
BRDA:81,9,0,0
BRDA:81,9,1,0
BRDA:90,10,0,0
BRF:17
BRH:0
end_of_record
TN:
SF:src/components/PerformanceOptimizer.tsx
FN:12,PerformanceOptimizer
FN:18,(anonymous_5)
FN:33,(anonymous_6)
FN:43,(anonymous_7)
FN:45,(anonymous_8)
FN:58,(anonymous_9)
FN:59,(anonymous_10)
FN:69,(anonymous_11)
FN:71,(anonymous_12)
FN:87,(anonymous_13)
FN:194,(anonymous_14)
FN:199,(anonymous_15)
FN:201,(anonymous_16)
FN:206,(anonymous_17)
FN:211,(anonymous_18)
FN:215,(anonymous_19)
FN:221,(anonymous_20)
FN:230,(anonymous_21)
FN:232,(anonymous_22)
FNF:19
FNH:0
FNDA:0,PerformanceOptimizer
FNDA:0,(anonymous_5)
FNDA:0,(anonymous_6)
FNDA:0,(anonymous_7)
FNDA:0,(anonymous_8)
FNDA:0,(anonymous_9)
FNDA:0,(anonymous_10)
FNDA:0,(anonymous_11)
FNDA:0,(anonymous_12)
FNDA:0,(anonymous_13)
FNDA:0,(anonymous_14)
FNDA:0,(anonymous_15)
FNDA:0,(anonymous_16)
FNDA:0,(anonymous_17)
FNDA:0,(anonymous_18)
FNDA:0,(anonymous_19)
FNDA:0,(anonymous_20)
FNDA:0,(anonymous_21)
FNDA:0,(anonymous_22)
DA:3,0
DA:4,0
DA:12,0
DA:18,0
DA:20,0
DA:21,0
DA:24,0
DA:26,0
DA:33,0
DA:34,0
DA:35,0
DA:36,0
DA:37,0
DA:43,0
DA:44,0
DA:45,0
DA:46,0
DA:50,0
DA:51,0
DA:53,0
DA:57,0
DA:58,0
DA:59,0
DA:60,0
DA:61,0
DA:62,0
DA:63,0
DA:64,0
DA:69,0
DA:71,0
DA:72,0
DA:88,0
DA:192,0
DA:199,0
DA:200,0
DA:201,0
DA:211,0
DA:212,0
DA:213,0
DA:214,0
DA:215,0
DA:222,0
DA:223,0
DA:225,0
DA:231,0
DA:232,0
DA:233,0
DA:234,0
DA:235,0
DA:236,0
LF:50
LH:0
BRDA:13,0,0,0
BRDA:15,1,0,0
BRDA:20,2,0,0
BRDA:20,2,1,0
BRDA:20,3,0,0
BRDA:20,3,1,0
BRDA:24,4,0,0
BRDA:24,4,1,0
BRDA:24,5,0,0
BRDA:24,5,1,0
BRDA:24,5,2,0
BRDA:50,6,0,0
BRDA:50,6,1,0
BRDA:60,7,0,0
BRDA:60,7,1,0
BRDA:62,8,0,0
BRDA:62,8,1,0
BRDA:79,9,0,0
BRDA:212,10,0,0
BRDA:212,10,1,0
BRDA:222,11,0,0
BRDA:222,11,1,0
BRF:22
BRH:0
end_of_record
TN:
SF:src/components/ProfessionalIcons.tsx
FNF:0
FNH:0
DA:2,0
LF:1
LH:0
BRF:0
BRH:0
end_of_record
TN:
SF:src/components/ReadingTime.tsx
FN:13,calculateReadingTime
FN:18,(anonymous_6)
FN:26,ReadingTime
FN:43,useReadingTime
FN:48,getReadingTime
FNF:5
FNH:5
FNDA:32,calculateReadingTime
FNDA:9059,(anonymous_6)
FNDA:11,ReadingTime
FNDA:5,useReadingTime
FNDA:6,getReadingTime
DA:3,1
DA:13,10
DA:15,32
DA:18,9059
DA:21,32
DA:23,32
DA:26,11
DA:32,11
DA:43,5
DA:44,5
DA:48,6
DA:49,6
DA:50,6
LF:13
LH:13
BRDA:13,0,0,7
BRDA:28,1,0,10
BRDA:29,2,0,10
BRDA:30,3,0,10
BRDA:36,4,0,11
BRDA:43,5,0,4
BRDA:48,6,0,4
BRF:7
BRH:7
end_of_record
TN:
SF:src/components/RelatedContent.tsx
FN:27,calculateSimilarity
FN:28,(anonymous_6)
FN:29,(anonymous_7)
FN:32,(anonymous_8)
FN:40,getRelatedArticles
FN:48,(anonymous_10)
FN:49,(anonymous_11)
FN:53,(anonymous_12)
FN:54,(anonymous_13)
FN:65,RelatedContent
FN:89,(anonymous_15)
FN:146,(anonymous_16)
FN:146,(anonymous_17)
FN:150,(anonymous_18)
FN:160,(anonymous_19)
FN:160,(anonymous_20)
FN:163,(anonymous_21)
FN:164,(anonymous_22)
FN:168,(anonymous_23)
FN:192,(anonymous_24)
FNF:20
FNH:20
FNDA:77,calculateSimilarity
FNDA:96,(anonymous_6)
FNDA:218,(anonymous_7)
FNDA:96,(anonymous_8)
FNDA:16,getRelatedArticles
FNDA:78,(anonymous_10)
FNDA:77,(anonymous_11)
FNDA:77,(anonymous_12)
FNDA:36,(anonymous_13)
FNDA:16,RelatedContent
FNDA:32,(anonymous_15)
FNDA:90,(anonymous_16)
FNDA:124,(anonymous_17)
FNDA:36,(anonymous_18)
FNDA:90,(anonymous_19)
FNDA:124,(anonymous_20)
FNDA:90,(anonymous_21)
FNDA:124,(anonymous_22)
FNDA:27,(anonymous_23)
FNDA:68,(anonymous_24)
DA:3,1
DA:4,1
DA:28,96
DA:29,218
DA:32,96
DA:33,77
DA:36,77
DA:47,16
DA:48,78
DA:49,77
DA:53,77
DA:56,36
DA:57,6
DA:59,30
DA:62,16
DA:65,16
DA:73,16
DA:76,16
DA:77,3
DA:90,32
DA:146,90
DA:147,124
DA:151,36
DA:160,90
DA:161,124
DA:164,90
DA:165,124
DA:169,27
DA:192,68
DA:209,0
LF:30
LH:29
BRDA:44,0,0,0
BRDA:56,1,0,6
BRDA:56,1,1,30
BRDA:69,2,0,11
BRDA:70,3,0,15
BRDA:71,4,0,15
BRDA:76,5,0,3
BRDA:76,5,1,13
BRDA:192,6,0,13
BRF:9
BRH:8
end_of_record
TN:
SF:src/components/SchemaMarkup.tsx
FN:7,SchemaMarkup
FN:37,(anonymous_10)
FN:56,(anonymous_11)
FN:82,(anonymous_12)
FN:111,(anonymous_13)
FN:114,(anonymous_14)
FN:124,(anonymous_15)
FN:127,(anonymous_16)
FNF:8
FNH:0
FNDA:0,SchemaMarkup
FNDA:0,(anonymous_10)
FNDA:0,(anonymous_11)
FNDA:0,(anonymous_12)
FNDA:0,(anonymous_13)
FNDA:0,(anonymous_14)
FNDA:0,(anonymous_15)
FNDA:0,(anonymous_16)
DA:1,0
DA:7,0
DA:18,0
DA:37,0
DA:43,0
DA:56,0
DA:65,0
DA:82,0
DA:89,0
DA:111,0
DA:114,0
DA:124,0
DA:127,0
LF:13
LH:0
BRDA:50,0,0,0
BRDA:50,0,1,0
BRDA:52,1,0,0
BRDA:52,1,1,0
BRDA:53,2,0,0
BRDA:53,2,1,0
BRDA:73,3,0,0
BRDA:73,3,1,0
BRDA:75,4,0,0
BRDA:75,4,1,0
BRDA:99,5,0,0
BRDA:99,5,1,0
BRF:12
BRH:0
end_of_record
TN:
SF:src/components/ServiceWorkerRegistration.tsx
FN:5,ServiceWorkerRegistration
FN:6,(anonymous_2)
FN:8,(anonymous_3)
FN:15,(anonymous_4)
FN:18,(anonymous_5)
FN:24,(anonymous_6)
FN:34,(anonymous_7)
FN:72,(anonymous_8)
FN:79,(anonymous_9)
FN:82,(anonymous_10)
FN:83,(anonymous_11)
FN:96,(anonymous_12)
FNF:12
FNH:0
FNDA:0,ServiceWorkerRegistration
FNDA:0,(anonymous_2)
FNDA:0,(anonymous_3)
FNDA:0,(anonymous_4)
FNDA:0,(anonymous_5)
FNDA:0,(anonymous_6)
FNDA:0,(anonymous_7)
FNDA:0,(anonymous_8)
FNDA:0,(anonymous_9)
FNDA:0,(anonymous_10)
FNDA:0,(anonymous_11)
FNDA:0,(anonymous_12)
DA:3,0
DA:5,0
DA:6,0
DA:7,0
DA:8,0
DA:9,0
DA:10,0
DA:15,0
DA:16,0
DA:17,0
DA:18,0
DA:19,0
DA:21,0
DA:24,0
DA:25,0
DA:33,0
DA:34,0
DA:35,0
DA:36,0
DA:37,0
DA:41,0
DA:44,0
DA:45,0
DA:46,0
DA:47,0
DA:49,0
DA:54,0
DA:56,0
DA:60,0
DA:65,0
DA:66,0
DA:68,0
DA:72,0
DA:73,0
DA:79,0
DA:80,0
DA:82,0
DA:83,0
DA:85,0
DA:89,0
DA:90,0
DA:93,0
DA:96,0
DA:100,0
LF:44
LH:0
BRDA:7,0,0,0
BRDA:7,0,1,0
BRDA:7,1,0,0
BRDA:7,1,1,0
BRDA:17,2,0,0
BRDA:17,2,1,0
BRDA:19,3,0,0
BRDA:19,3,1,0
BRDA:19,4,0,0
BRDA:19,4,1,0
BRDA:35,5,0,0
BRDA:35,5,1,0
BRDA:44,6,0,0
BRDA:44,6,1,0
BRDA:54,7,0,0
BRDA:54,7,1,0
BRDA:54,8,0,0
BRDA:54,8,1,0
BRDA:65,9,0,0
BRDA:65,9,1,0
BRDA:80,10,0,0
BRDA:80,10,1,0
BRF:22
BRH:0
end_of_record
TN:
SF:src/components/SimpleCookieConsent.tsx
FN:5,SimpleCookieConsent
FN:9,(anonymous_2)
FN:14,(anonymous_3)
FN:19,(anonymous_4)
FN:27,(anonymous_5)
FN:56,(anonymous_6)
FNF:6
FNH:0
FNDA:0,SimpleCookieConsent
FNDA:0,(anonymous_2)
FNDA:0,(anonymous_3)
FNDA:0,(anonymous_4)
FNDA:0,(anonymous_5)
FNDA:0,(anonymous_6)
DA:3,0
DA:5,0
DA:6,0
DA:7,0
DA:9,0
DA:11,0
DA:12,0
DA:13,0
DA:14,0
DA:19,0
DA:20,0
DA:21,0
DA:22,0
DA:24,0
DA:27,0
DA:28,0
DA:29,0
DA:30,0
DA:32,0
DA:35,0
DA:56,0
LF:21
LH:0
BRDA:11,0,0,0
BRDA:11,0,1,0
BRDA:13,1,0,0
BRDA:13,1,1,0
BRDA:20,2,0,0
BRDA:20,2,1,0
BRDA:28,3,0,0
BRDA:28,3,1,0
BRDA:35,4,0,0
BRDA:35,4,1,0
BRDA:47,5,0,0
BRDA:59,6,0,0
BRDA:59,6,1,0
BRF:13
BRH:0
end_of_record
TN:
SF:src/components/SimpleFooter.tsx
FN:3,SimpleFooter
FN:67,(anonymous_2)
FNF:2
FNH:0
FNDA:0,SimpleFooter
FNDA:0,(anonymous_2)
DA:3,0
DA:68,0
DA:69,0
DA:70,0
LF:4
LH:0
BRDA:68,0,0,0
BRDA:68,0,1,0
BRF:2
BRH:0
end_of_record
TN:
SF:src/components/SimplifiedMegaMenu.tsx
FN:158,SimplifiedMegaMenu
FN:164,(anonymous_3)
FN:169,(anonymous_4)
FN:228,(anonymous_5)
FN:229,(anonymous_6)
FN:242,(anonymous_7)
FN:250,(anonymous_8)
FN:292,(anonymous_9)
FN:293,(anonymous_10)
FN:306,(anonymous_11)
FN:314,(anonymous_12)
FNF:11
FNH:0
FNDA:0,SimplifiedMegaMenu
FNDA:0,(anonymous_3)
FNDA:0,(anonymous_4)
FNDA:0,(anonymous_5)
FNDA:0,(anonymous_6)
FNDA:0,(anonymous_7)
FNDA:0,(anonymous_8)
FNDA:0,(anonymous_9)
FNDA:0,(anonymous_10)
FNDA:0,(anonymous_11)
FNDA:0,(anonymous_12)
DA:3,0
DA:4,0
DA:5,0
DA:7,0
DA:159,0
DA:160,0
DA:163,0
DA:164,0
DA:165,0
DA:169,0
DA:170,0
DA:202,0
DA:228,0
DA:229,0
DA:243,0
DA:244,0
DA:251,0
DA:292,0
DA:293,0
DA:307,0
DA:308,0
DA:315,0
DA:384,0
LF:23
LH:0
BRDA:163,0,0,0
BRDA:163,0,1,0
BRDA:202,1,0,0
BRDA:202,1,1,0
BRDA:207,2,0,0
BRDA:207,2,1,0
BRDA:233,3,0,0
BRDA:233,3,1,0
BRDA:238,4,0,0
BRDA:297,5,0,0
BRDA:297,5,1,0
BRDA:302,6,0,0
BRF:12
BRH:0
end_of_record
TN:
SF:src/components/SocialSharing.tsx
FN:43,SocialSharing
FN:62,(anonymous_2)
FN:85,(anonymous_3)
FN:89,(anonymous_4)
FN:108,(anonymous_5)
FN:124,(anonymous_6)
FN:136,(anonymous_7)
FN:148,(anonymous_8)
FN:160,(anonymous_9)
FNF:9
FNH:0
FNDA:0,SocialSharing
FNDA:0,(anonymous_2)
FNDA:0,(anonymous_3)
FNDA:0,(anonymous_4)
FNDA:0,(anonymous_5)
FNDA:0,(anonymous_6)
FNDA:0,(anonymous_7)
FNDA:0,(anonymous_8)
FNDA:0,(anonymous_9)
DA:3,0
DA:6,0
DA:43,0
DA:51,0
DA:54,0
DA:62,0
DA:64,0
DA:65,0
DA:67,0
DA:75,0
DA:76,0
DA:85,0
DA:86,0
DA:87,0
DA:88,0
DA:89,0
DA:92,0
DA:93,0
DA:101,0
DA:102,0
DA:103,0
DA:104,0
DA:105,0
DA:106,0
DA:107,0
DA:108,0
DA:124,0
DA:136,0
DA:148,0
DA:160,0
LF:30
LH:0
BRDA:46,0,0,0
BRDA:47,1,0,0
BRDA:48,2,0,0
BRDA:49,3,0,0
BRDA:64,4,0,0
BRDA:64,4,1,0
BRDA:75,5,0,0
BRDA:75,5,1,0
BRDA:75,6,0,0
BRDA:75,6,1,0
BRDA:92,7,0,0
BRDA:92,7,1,0
BRDA:92,8,0,0
BRDA:92,8,1,0
BRDA:114,9,0,0
BRDA:114,9,1,0
BRDA:121,10,0,0
BRDA:121,10,1,0
BRDA:126,11,0,0
BRDA:126,11,1,0
BRDA:138,12,0,0
BRDA:138,12,1,0
BRDA:150,13,0,0
BRDA:150,13,1,0
BRDA:162,14,0,0
BRDA:162,14,1,0
BRDA:174,15,0,0
BRDA:174,15,1,0
BRDA:176,16,0,0
BRDA:176,16,1,0
BRDA:180,17,0,0
BRDA:180,17,1,0
BRDA:181,18,0,0
BRDA:181,18,1,0
BRDA:184,19,0,0
BRDA:195,20,0,0
BRDA:197,21,0,0
BRDA:197,21,1,0
BRF:38
BRH:0
end_of_record
TN:
SF:src/components/StableMegaMenu.tsx
FN:383,StableMegaMenu
FN:392,(anonymous_3)
FN:403,(anonymous_4)
FN:432,(anonymous_5)
FN:436,(anonymous_6)
FN:441,(anonymous_7)
FN:445,(anonymous_8)
FN:450,(anonymous_9)
FN:454,(anonymous_10)
FN:459,(anonymous_11)
FN:469,(anonymous_12)
FN:478,(anonymous_13)
FN:479,(anonymous_14)
FN:486,(anonymous_15)
FN:524,(anonymous_16)
FN:528,(anonymous_17)
FN:530,(anonymous_18)
FN:534,(anonymous_19)
FN:539,(anonymous_20)
FN:554,(anonymous_21)
FN:563,(anonymous_22)
FN:572,(anonymous_23)
FN:705,(anonymous_24)
FN:726,(anonymous_25)
FN:731,(anonymous_26)
FN:736,(anonymous_27)
FN:742,(anonymous_28)
FN:756,(anonymous_29)
FN:764,(anonymous_30)
FN:772,(anonymous_31)
FN:780,(anonymous_32)
FNF:31
FNH:0
FNDA:0,StableMegaMenu
FNDA:0,(anonymous_3)
FNDA:0,(anonymous_4)
FNDA:0,(anonymous_5)
FNDA:0,(anonymous_6)
FNDA:0,(anonymous_7)
FNDA:0,(anonymous_8)
FNDA:0,(anonymous_9)
FNDA:0,(anonymous_10)
FNDA:0,(anonymous_11)
FNDA:0,(anonymous_12)
FNDA:0,(anonymous_13)
FNDA:0,(anonymous_14)
FNDA:0,(anonymous_15)
FNDA:0,(anonymous_16)
FNDA:0,(anonymous_17)
FNDA:0,(anonymous_18)
FNDA:0,(anonymous_19)
FNDA:0,(anonymous_20)
FNDA:0,(anonymous_21)
FNDA:0,(anonymous_22)
FNDA:0,(anonymous_23)
FNDA:0,(anonymous_24)
FNDA:0,(anonymous_25)
FNDA:0,(anonymous_26)
FNDA:0,(anonymous_27)
FNDA:0,(anonymous_28)
FNDA:0,(anonymous_29)
FNDA:0,(anonymous_30)
FNDA:0,(anonymous_31)
FNDA:0,(anonymous_32)
DA:3,0
DA:4,0
DA:7,0
DA:259,0
DA:383,0
DA:384,0
DA:385,0
DA:386,0
DA:387,0
DA:388,0
DA:389,0
DA:392,0
DA:393,0
DA:395,0
DA:396,0
DA:397,0
DA:399,0
DA:400,0
DA:401,0
DA:403,0
DA:404,0
DA:405,0
DA:408,0
DA:410,0
DA:411,0
DA:412,0
DA:413,0
DA:415,0
DA:418,0
DA:419,0
DA:420,0
DA:421,0
DA:424,0
DA:425,0
DA:427,0
DA:432,0
DA:433,0
DA:434,0
DA:436,0
DA:437,0
DA:441,0
DA:442,0
DA:443,0
DA:445,0
DA:446,0
DA:450,0
DA:451,0
DA:454,0
DA:456,0
DA:457,0
DA:459,0
DA:460,0
DA:461,0
DA:467,0
DA:469,0
DA:470,0
DA:471,0
DA:473,0
DA:478,0
DA:479,0
DA:480,0
DA:481,0
DA:485,0
DA:486,0
DA:525,0
DA:528,0
DA:530,0
DA:534,0
DA:539,0
DA:554,0
DA:564,0
DA:574,0
DA:629,0
DA:631,0
DA:705,0
DA:727,0
DA:732,0
DA:737,0
DA:742,0
DA:756,0
DA:764,0
DA:772,0
DA:780,0
LF:83
LH:0
BRDA:393,0,0,0
BRDA:393,0,1,0
BRDA:393,0,2,0
BRDA:393,0,3,0
BRDA:393,0,4,0
BRDA:400,1,0,0
BRDA:400,1,1,0
BRDA:411,2,0,0
BRDA:411,2,1,0
BRDA:418,3,0,0
BRDA:418,3,1,0
BRDA:421,4,0,0
BRDA:421,4,1,0
BRDA:433,5,0,0
BRDA:433,5,1,0
BRDA:442,6,0,0
BRDA:442,6,1,0
BRDA:460,7,0,0
BRDA:460,7,1,0
BRDA:470,8,0,0
BRDA:470,8,1,0
BRDA:480,9,0,0
BRDA:480,9,1,0
BRDA:480,10,0,0
BRDA:480,10,1,0
BRDA:545,11,0,0
BRDA:545,11,1,0
BRDA:552,12,0,0
BRDA:629,13,0,0
BRDA:629,13,1,0
BRDA:640,14,0,0
BRDA:711,15,0,0
BRDA:711,15,1,0
BRDA:718,16,0,0
BRF:34
BRH:0
end_of_record
TN:
SF:src/data/blogArticles.ts
FN:165,getBlogPost
FN:166,(anonymous_11)
FN:169,getFeaturedPosts
FN:170,(anonymous_13)
FN:173,getPostsByCategory
FN:174,(anonymous_15)
FN:177,getRecentPosts
FN:179,(anonymous_17)
FN:183,getPostsByTag
FN:184,(anonymous_19)
FN:185,(anonymous_20)
FN:274,getInsightPost
FN:275,(anonymous_22)
FN:278,getFeaturedInsights
FN:279,(anonymous_24)
FNF:15
FNH:0
FNDA:0,getBlogPost
FNDA:0,(anonymous_11)
FNDA:0,getFeaturedPosts
FNDA:0,(anonymous_13)
FNDA:0,getPostsByCategory
FNDA:0,(anonymous_15)
FNDA:0,getRecentPosts
FNDA:0,(anonymous_17)
FNDA:0,getPostsByTag
FNDA:0,(anonymous_19)
FNDA:0,(anonymous_20)
FNDA:0,getInsightPost
FNDA:0,(anonymous_22)
FNDA:0,getFeaturedInsights
FNDA:0,(anonymous_24)
DA:17,0
DA:165,0
DA:166,0
DA:169,0
DA:170,0
DA:173,0
DA:174,0
DA:177,0
DA:178,0
DA:179,0
DA:183,0
DA:184,0
DA:185,0
DA:204,0
DA:274,0
DA:275,0
DA:278,0
DA:279,0
LF:18
LH:0
BRDA:177,0,0,0
BRF:1
BRH:0
end_of_record
TN:
SF:src/lib/ab-testing.ts
FN:81,(anonymous_1)
FN:93,(anonymous_2)
FN:123,(anonymous_3)
FN:152,(anonymous_4)
[...]
DA:853,0
DA:854,0
DA:855,0
DA:858,0
DA:864,0
DA:866,0
DA:867,0
DA:871,0
DA:873,0
DA:874,0
DA:875,0
DA:876,0
DA:877,0
DA:878,0
DA:881,0
DA:887,0
DA:889,0
DA:890,0
DA:891,0
DA:893,0
DA:897,0
DA:898,0
DA:899,0
DA:900,0
DA:902,0
DA:906,0
DA:907,0
DA:908,0
DA:909,0
DA:913,0
DA:914,0
DA:915,0
DA:916,0
DA:917,0
DA:918,0
DA:923,0
DA:926,0
DA:927,0
DA:928,0
LF:289
LH:0
BRDA:83,0,0,0
BRDA:83,0,1,0
BRDA:94,1,0,0
BRDA:94,1,1,0
BRDA:111,2,0,0
BRDA:111,2,1,0
BRDA:125,3,0,0
BRDA:125,3,1,0
BRDA:125,4,0,0
BRDA:125,4,1,0
BRDA:131,5,0,0
BRDA:131,5,1,0
BRDA:136,6,0,0
BRDA:136,6,1,0
BRDA:142,7,0,0
BRDA:142,7,1,0
BRDA:158,8,0,0
BRDA:158,8,1,0
BRDA:161,9,0,0
BRDA:161,9,1,0
BRDA:164,10,0,0
BRDA:164,10,1,0
BRDA:172,11,0,0
BRDA:172,11,1,0
BRDA:172,12,0,0
BRDA:172,12,1,0
BRDA:187,13,0,0
BRDA:187,13,1,0
BRDA:218,14,0,0
BRDA:218,14,1,0
BRDA:222,15,0,0
BRDA:222,15,1,0
BRDA:223,16,0,0
BRDA:223,16,1,0
BRDA:224,17,0,0
BRDA:224,17,1,0
BRDA:233,18,0,0
BRDA:233,18,1,0
BRDA:236,19,0,0
BRDA:236,19,1,0
BRDA:250,20,0,0
BRDA:250,20,1,0
BRDA:250,21,0,0
BRDA:250,21,1,0
BRDA:262,22,0,0
BRDA:262,22,1,0
BRDA:273,23,0,0
BRDA:273,23,1,0
BRDA:298,24,0,0
BRDA:298,24,1,0
BRDA:317,25,0,0
BRDA:318,26,0,0
BRDA:324,27,0,0
BRDA:324,27,1,0
BRDA:349,28,0,0
BRDA:349,28,1,0
BRDA:375,29,0,0
BRDA:375,29,1,0
BRDA:396,30,0,0
BRDA:396,30,1,0
BRDA:409,31,0,0
BRDA:409,31,1,0
BRDA:411,32,0,0
BRDA:411,32,1,0
BRDA:413,33,0,0
BRDA:413,33,1,0
BRDA:429,34,0,0
BRDA:429,34,1,0
BRDA:440,35,0,0
BRDA:440,35,1,0
BRDA:451,36,0,0
BRDA:451,36,1,0
BRDA:465,37,0,0
BRDA:465,37,1,0
BRDA:466,38,0,0
BRDA:466,38,1,0
BRDA:470,39,0,0
BRDA:470,39,1,0
BRDA:475,40,0,0
BRDA:475,40,1,0
BRDA:484,41,0,0
BRDA:484,41,1,0
BRDA:484,42,0,0
BRDA:484,42,1,0
BRDA:489,43,0,0
BRDA:489,43,1,0
BRDA:489,43,2,0
BRDA:489,43,3,0
BRDA:507,44,0,0
BRDA:507,44,1,0
BRDA:507,44,2,0
BRDA:507,44,3,0
BRDA:508,45,0,0
BRDA:508,45,1,0
BRDA:510,46,0,0
BRDA:510,46,1,0
BRDA:528,47,0,0
BRDA:528,47,1,0
BRDA:528,48,0,0
BRDA:528,48,1,0
BRDA:531,49,0,0
BRDA:531,49,1,0
BRDA:531,49,2,0
BRDA:531,49,3,0
BRDA:531,49,4,0
BRDA:552,50,0,0
BRDA:552,50,1,0
BRDA:556,51,0,0
BRDA:556,51,1,0
BRDA:558,52,0,0
BRDA:558,52,1,0
BRDA:560,53,0,0
BRDA:560,53,1,0
BRDA:567,54,0,0
BRDA:567,54,1,0
BRDA:583,55,0,0
BRDA:583,55,1,0
BRDA:586,56,0,0
BRDA:586,56,1,0
BRDA:592,57,0,0
BRDA:592,57,1,0
BRDA:592,58,0,0
BRDA:592,58,1,0
BRDA:599,59,0,0
BRDA:599,59,1,0
BRDA:601,60,0,0
BRDA:601,60,1,0
BRDA:601,61,0,0
BRDA:601,61,1,0
BRDA:609,62,0,0
BRDA:609,62,1,0
BRDA:609,63,0,0
BRDA:609,63,1,0
BRDA:678,64,0,0
BRDA:678,64,1,0
BRDA:686,65,0,0
BRDA:686,65,1,0
BRDA:689,66,0,0
BRDA:689,66,1,0
BRDA:689,67,0,0
BRDA:689,67,1,0
BRDA:689,67,2,0
BRDA:722,68,0,0
BRDA:722,68,1,0
BRDA:725,69,0,0
BRDA:725,69,1,0
BRDA:740,70,0,0
BRDA:740,70,1,0
BRDA:765,71,0,0
BRDA:765,71,1,0
BRDA:765,72,0,0
BRDA:765,72,1,0
BRDA:769,73,0,0
BRDA:769,73,1,0
BRDA:769,74,0,0
BRDA:769,74,1,0
BRDA:774,75,0,0
BRDA:774,75,1,0
BRDA:781,76,0,0
BRDA:781,76,1,0
BRDA:789,77,0,0
BRDA:789,77,1,0
BRDA:797,78,0,0
BRDA:797,78,1,0
BRDA:813,79,0,0
BRDA:813,79,1,0
BRDA:813,80,0,0
BRDA:813,80,1,0
BRDA:814,81,0,0
BRDA:814,81,1,0
BRDA:826,82,0,0
BRDA:826,82,1,0
BRDA:848,83,0,0
BRDA:848,83,1,0
BRDA:851,84,0,0
BRDA:851,84,1,0
BRDA:864,85,0,0
BRDA:864,85,1,0
BRDA:871,86,0,0
BRDA:871,86,1,0
BRDA:874,87,0,0
BRDA:874,87,1,0
BRDA:887,88,0,0
BRDA:887,88,1,0
BRDA:899,89,0,0
BRDA:899,89,1,0
BRDA:900,90,0,0
BRDA:900,90,1,0
BRDA:926,91,0,0
BRDA:926,91,1,0
BRF:190
BRH:0
end_of_record
TN:
SF:src/lib/analytics.ts
FN:32,(anonymous_4)
FN:87,(anonymous_5)
FN:97,(anonymous_6)
FN:117,(anonymous_7)
FN:119,(anonymous_8)
FN:161,(anonymous_9)
FN:171,(anonymous_10)
FN:198,(anonymous_11)
FN:219,(anonymous_12)
FN:243,(anonymous_13)
FN:268,(anonymous_14)
FN:298,(anonymous_15)
FN:326,(anonymous_16)
FN:339,(anonymous_17)
FN:351,(anonymous_18)
FN:367,(anonymous_19)
FN:379,(anonymous_20)
FN:391,(anonymous_21)
FN:406,(anonymous_22)
FN:419,(anonymous_23)
FN:453,(anonymous_24)
FN:454,(anonymous_25)
FN:467,(anonymous_26)
FN:479,(anonymous_27)
FN:491,(anonymous_28)
FN:520,(anonymous_29)
FN:536,(anonymous_30)
FN:562,(anonymous_31)
FN:585,(anonymous_32)
FN:599,(anonymous_33)
FN:612,(anonymous_34)
FN:614,(anonymous_35)
FN:621,(anonymous_36)
FN:625,(anonymous_37)
FN:632,(anonymous_38)
FN:636,(anonymous_39)
FN:649,(anonymous_40)
FN:655,(anonymous_41)
FN:660,(anonymous_42)
FN:669,(anonymous_43)
FN:673,(anonymous_44)
FN:677,(anonymous_45)
FN:687,(anonymous_46)
FNF:43
FNH:0
FNDA:0,(anonymous_4)
FNDA:0,(anonymous_5)
FNDA:0,(anonymous_6)
FNDA:0,(anonymous_7)
FNDA:0,(anonymous_8)
FNDA:0,(anonymous_9)
FNDA:0,(anonymous_10)
FNDA:0,(anonymous_11)
FNDA:0,(anonymous_12)
FNDA:0,(anonymous_13)
FNDA:0,(anonymous_14)
FNDA:0,(anonymous_15)
FNDA:0,(anonymous_16)
FNDA:0,(anonymous_17)
FNDA:0,(anonymous_18)
FNDA:0,(anonymous_19)
FNDA:0,(anonymous_20)
FNDA:0,(anonymous_21)
FNDA:0,(anonymous_22)
FNDA:0,(anonymous_23)
FNDA:0,(anonymous_24)
FNDA:0,(anonymous_25)
FNDA:0,(anonymous_26)
FNDA:0,(anonymous_27)
FNDA:0,(anonymous_28)
FNDA:0,(anonymous_29)
FNDA:0,(anonymous_30)
FNDA:0,(anonymous_31)
FNDA:0,(anonymous_32)
FNDA:0,(anonymous_33)
FNDA:0,(anonymous_34)
FNDA:0,(anonymous_35)
FNDA:0,(anonymous_36)
FNDA:0,(anonymous_37)
FNDA:0,(anonymous_38)
FNDA:0,(anonymous_39)
FNDA:0,(anonymous_40)
FNDA:0,(anonymous_41)
FNDA:0,(anonymous_42)
FNDA:0,(anonymous_43)
FNDA:0,(anonymous_44)
FNDA:0,(anonymous_45)
FNDA:0,(anonymous_46)
DA:20,0
DA:32,0
DA:77,0
DA:78,0
DA:79,0
DA:80,0
DA:81,0
DA:82,0
DA:83,0
DA:84,0
DA:85,0
DA:88,0
DA:89,0
DA:90,0
DA:98,0
DA:100,0
DA:101,0
DA:102,0
DA:106,0
DA:107,0
DA:108,0
DA:109,0
DA:113,0
DA:114,0
DA:115,0
DA:117,0
DA:118,0
DA:119,0
DA:120,0
DA:124,0
DA:127,0
DA:142,0
DA:150,0
DA:151,0
DA:154,0
DA:156,0
DA:157,0
DA:161,0
DA:162,0
DA:165,0
DA:177,0
DA:186,0
DA:187,0
DA:188,0
DA:191,0
DA:192,0
DA:199,0
DA:208,0
DA:209,0
DA:210,0
DA:213,0
DA:225,0
DA:229,0
DA:244,0
DA:246,0
DA:257,0
DA:258,0
DA:275,0
DA:284,0
DA:287,0
DA:288,0
DA:304,0
DA:315,0
DA:318,0
DA:319,0
DA:327,0
DA:340,0
DA:357,0
DA:368,0
DA:380,0
DA:392,0
DA:393,0
DA:397,0
DA:398,0
DA:399,0
DA:407,0
DA:409,0
DA:410,0
DA:421,0
DA:422,0
DA:425,0
DA:433,0
DA:434,0
DA:442,0
DA:445,0
DA:446,0
DA:454,0
DA:456,0
DA:468,0
DA:480,0
DA:481,0
DA:496,0
DA:502,0
DA:503,0
DA:511,0
DA:512,0
DA:521,0
DA:524,0
DA:526,0
DA:528,0
DA:529,0
DA:533,0
DA:537,0
DA:539,0
DA:540,0
DA:542,0
DA:545,0
DA:546,0
DA:547,0
DA:548,0
DA:549,0
DA:550,0
DA:551,0
DA:552,0
DA:553,0
DA:554,0
DA:559,0
DA:563,0
DA:564,0
DA:579,0
DA:580,0
DA:587,0
DA:588,0
DA:589,0
DA:593,0
DA:594,0
DA:595,0
DA:601,0
DA:603,0
DA:609,0
DA:614,0
DA:615,0
DA:616,0
DA:622,0
DA:626,0
DA:627,0
DA:628,0
DA:629,0
DA:636,0
DA:637,0
DA:638,0
DA:641,0
DA:642,0
DA:645,0
DA:648,0
DA:649,0
DA:655,0
DA:656,0
DA:660,0
DA:661,0
DA:662,0
DA:664,0
DA:670,0
DA:674,0
DA:678,0
DA:683,0
DA:686,0
DA:687,0
DA:688,0
LF:159
LH:0
BRDA:21,0,0,0
BRDA:21,0,1,0
BRDA:23,1,0,0
BRDA:23,1,1,0
BRDA:32,2,0,0
BRDA:32,2,1,0
BRDA:88,3,0,0
BRDA:88,3,1,0
BRDA:98,4,0,0
BRDA:98,4,1,0
BRDA:98,5,0,0
BRDA:98,5,1,0
BRDA:100,6,0,0
BRDA:100,6,1,0
BRDA:106,7,0,0
BRDA:106,7,1,0
BRDA:118,8,0,0
BRDA:118,8,1,0
BRDA:156,9,0,0
BRDA:156,9,1,0
BRDA:178,10,0,0
BRDA:178,10,1,0
BRDA:179,11,0,0
BRDA:179,11,1,0
BRDA:180,12,0,0
BRDA:180,12,1,0
BRDA:181,13,0,0
BRDA:181,13,1,0
BRDA:186,14,0,0
BRDA:186,14,1,0
BRDA:208,15,0,0
BRDA:208,15,1,0
BRDA:225,16,0,0
BRDA:225,16,1,0
BRDA:227,17,0,0
BRDA:227,17,1,0
BRDA:227,17,2,0
BRDA:230,18,0,0
BRDA:230,18,1,0
BRDA:231,19,0,0
BRDA:231,19,1,0
BRDA:234,20,0,0
BRDA:234,20,1,0
BRDA:235,21,0,0
BRDA:235,21,1,0
BRDA:257,22,0,0
BRDA:257,22,1,0
BRDA:287,23,0,0
BRDA:287,23,1,0
BRDA:287,24,0,0
BRDA:287,24,1,0
BRDA:306,25,0,0
BRDA:306,25,1,0
BRDA:307,26,0,0
BRDA:307,26,1,0
BRDA:308,27,0,0
BRDA:308,27,1,0
BRDA:309,28,0,0
BRDA:309,28,1,0
BRDA:318,29,0,0
BRDA:318,29,1,0
BRDA:372,30,0,0
BRDA:372,30,1,0
BRDA:392,31,0,0
BRDA:392,31,1,0
BRDA:392,32,0,0
BRDA:392,32,1,0
BRDA:397,33,0,0
BRDA:397,33,1,0
BRDA:409,34,0,0
BRDA:409,34,1,0
BRDA:409,35,0,0
BRDA:409,35,1,0
BRDA:421,36,0,0
BRDA:421,36,1,0
BRDA:445,37,0,0
BRDA:445,37,1,0
BRDA:454,38,0,0
BRDA:454,38,1,0
BRDA:479,39,0,0
BRDA:480,40,0,0
BRDA:480,40,1,0
BRDA:480,41,0,0
BRDA:480,41,1,0
BRDA:497,42,0,0
BRDA:497,42,1,0
BRDA:498,43,0,0
BRDA:498,43,1,0
BRDA:499,44,0,0
BRDA:499,44,1,0
BRDA:502,45,0,0
BRDA:502,45,1,0
BRDA:502,46,0,0
BRDA:502,46,1,0
BRDA:504,47,0,0
BRDA:504,47,1,0
BRDA:505,48,0,0
BRDA:505,48,1,0
BRDA:506,49,0,0
BRDA:506,49,1,0
BRDA:511,50,0,0
BRDA:511,50,1,0
BRDA:511,51,0,0
BRDA:511,51,1,0
BRDA:521,52,0,0
BRDA:521,52,1,0
BRDA:521,53,0,0
BRDA:521,53,1,0
BRDA:528,54,0,0
BRDA:528,54,1,0
BRDA:540,55,0,0
BRDA:540,55,1,0
BRDA:540,56,0,0
BRDA:540,56,1,0
BRDA:540,56,2,0
BRDA:545,57,0,0
BRDA:545,57,1,0
BRDA:547,58,0,0
BRDA:547,58,1,0
BRDA:549,59,0,0
BRDA:549,59,1,0
BRDA:551,60,0,0
BRDA:551,60,1,0
BRDA:553,61,0,0
BRDA:553,61,1,0
BRDA:579,62,0,0
BRDA:579,62,1,0
BRDA:601,63,0,0
BRDA:601,63,1,0
BRDA:603,64,0,0
BRDA:603,64,1,0
BRDA:615,65,0,0
BRDA:615,65,1,0
BRDA:627,66,0,0
BRDA:627,66,1,0
BRDA:641,67,0,0
BRDA:641,67,1,0
BRDA:661,68,0,0
BRDA:661,68,1,0
BRDA:686,69,0,0
BRDA:686,69,1,0
BRF:141
BRH:0
end_of_record
TN:
SF:src/lib/clarity.ts
FN:43,(anonymous_1)
FN:90,(anonymous_2)
FN:112,(anonymous_3)
FN:113,(anonymous_4)
FN:125,(anonymous_5)
FN:146,(anonymous_6)
FN:170,(anonymous_7)
FN:188,(anonymous_8)
FN:204,(anonymous_9)
FN:220,(anonymous_10)
FN:236,(anonymous_11)
FN:244,(anonymous_12)
FN:253,(anonymous_13)
FN:263,(anonymous_14)
FN:277,(anonymous_15)
FN:292,(anonymous_16)
FN:296,(anonymous_17)
FN:304,(anonymous_18)
FN:308,(anonymous_19)
FN:316,(anonymous_20)
FN:339,(anonymous_21)
FN:357,(anonymous_22)
FN:370,(anonymous_23)
FN:375,(anonymous_24)
FN:379,(anonymous_25)
FN:385,(anonymous_26)
FN:397,(anonymous_27)
FN:411,(anonymous_28)
FN:414,(anonymous_29)
FN:415,(anonymous_30)
FN:417,(anonymous_31)
FN:429,(anonymous_32)
FN:444,(anonymous_33)
FN:451,(anonymous_34)
FN:461,(anonymous_35)
FN:474,(anonymous_36)
FN:485,(anonymous_37)
FN:491,(anonymous_38)
FN:500,(anonymous_39)
FN:511,(anonymous_40)
FN:523,(anonymous_41)
FN:524,(anonymous_42)
FN:531,(anonymous_43)
FN:533,(anonymous_44)
FN:538,(anonymous_45)
FN:544,(anonymous_46)
FN:548,(anonymous_47)
FN:573,(anonymous_48)
FNF:48
FNH:0
FNDA:0,(anonymous_1)
FNDA:0,(anonymous_2)
FNDA:0,(anonymous_3)
FNDA:0,(anonymous_4)
FNDA:0,(anonymous_5)
FNDA:0,(anonymous_6)
FNDA:0,(anonymous_7)
FNDA:0,(anonymous_8)
FNDA:0,(anonymous_9)
FNDA:0,(anonymous_10)
FNDA:0,(anonymous_11)
FNDA:0,(anonymous_12)
FNDA:0,(anonymous_13)
FNDA:0,(anonymous_14)
FNDA:0,(anonymous_15)
FNDA:0,(anonymous_16)
FNDA:0,(anonymous_17)
FNDA:0,(anonymous_18)
FNDA:0,(anonymous_19)
FNDA:0,(anonymous_20)
FNDA:0,(anonymous_21)
FNDA:0,(anonymous_22)
FNDA:0,(anonymous_23)
FNDA:0,(anonymous_24)
FNDA:0,(anonymous_25)
FNDA:0,(anonymous_26)
FNDA:0,(anonymous_27)
FNDA:0,(anonymous_28)
FNDA:0,(anonymous_29)
FNDA:0,(anonymous_30)
FNDA:0,(anonymous_31)
FNDA:0,(anonymous_32)
FNDA:0,(anonymous_33)
FNDA:0,(anonymous_34)
FNDA:0,(anonymous_35)
FNDA:0,(anonymous_36)
FNDA:0,(anonymous_37)
FNDA:0,(anonymous_38)
FNDA:0,(anonymous_39)
FNDA:0,(anonymous_40)
FNDA:0,(anonymous_41)
FNDA:0,(anonymous_42)
FNDA:0,(anonymous_43)
FNDA:0,(anonymous_44)
FNDA:0,(anonymous_45)
FNDA:0,(anonymous_46)
FNDA:0,(anonymous_47)
FNDA:0,(anonymous_48)
DA:37,0
DA:40,0
DA:41,0
DA:44,0
DA:61,0
DA:82,0
DA:83,0
DA:91,0
DA:93,0
DA:94,0
DA:95,0
DA:99,0
DA:100,0
DA:101,0
DA:102,0
DA:106,0
DA:107,0
DA:108,0
DA:112,0
DA:113,0
DA:114,0
DA:115,0
DA:116,0
DA:117,0
DA:118,0
DA:122,0
DA:124,0
DA:125,0
DA:126,0
DA:131,0
DA:134,0
DA:137,0
DA:138,0
DA:140,0
DA:147,0
DA:150,0
DA:151,0
DA:152,0
DA:155,0
DA:156,0
DA:157,0
DA:160,0
DA:171,0
DA:173,0
DA:174,0
DA:175,0
DA:178,0
DA:189,0
DA:191,0
DA:192,0
DA:194,0
DA:205,0
DA:207,0
DA:208,0
DA:210,0
DA:221,0
DA:224,0
DA:227,0
DA:237,0
DA:240,0
DA:243,0
DA:244,0
DA:245,0
DA:254,0
DA:257,0
DA:264,0
DA:266,0
DA:268,0
DA:278,0
DA:280,0
DA:282,0
DA:283,0
DA:284,0
DA:285,0
DA:293,0
DA:295,0
DA:296,0
DA:297,0
DA:305,0
DA:307,0
DA:308,0
DA:309,0
DA:322,0
DA:324,0
DA:333,0
DA:345,0
DA:358,0
DA:361,0
DA:362,0
DA:365,0
DA:366,0
DA:370,0
DA:371,0
DA:376,0
DA:379,0
DA:380,0
DA:384,0
DA:385,0
DA:386,0
DA:387,0
DA:391,0
DA:394,0
DA:399,0
DA:400,0
DA:401,0
DA:402,0
DA:406,0
DA:407,0
DA:412,0
DA:414,0
DA:415,0
DA:416,0
DA:417,0
DA:418,0
DA:419,0
DA:422,0
DA:424,0
DA:428,0
DA:429,0
DA:430,0
DA:438,0
DA:445,0
DA:447,0
DA:448,0
DA:451,0
DA:452,0
DA:453,0
DA:461,0
DA:462,0
DA:463,0
DA:464,0
DA:468,0
DA:473,0
DA:474,0
DA:475,0
DA:476,0
DA:477,0
DA:478,0
DA:486,0
DA:487,0
DA:490,0
DA:491,0
DA:492,0
DA:493,0
DA:497,0
DA:501,0
DA:502,0
DA:503,0
DA:505,0
DA:506,0
DA:508,0
DA:512,0
DA:514,0
DA:520,0
DA:524,0
DA:525,0
DA:526,0
DA:532,0
DA:533,0
DA:534,0
DA:540,0
DA:541,0
DA:545,0
DA:549,0
DA:550,0
DA:563,0
DA:569,0
DA:572,0
DA:573,0
DA:574,0
LF:170
LH:0
BRDA:45,0,0,0
BRDA:45,0,1,0
BRDA:82,1,0,0
BRDA:82,1,1,0
BRDA:91,2,0,0
BRDA:91,2,1,0
BRDA:91,3,0,0
BRDA:91,3,1,0
BRDA:93,4,0,0
BRDA:93,4,1,0
BRDA:99,5,0,0
BRDA:99,5,1,0
BRDA:106,6,0,0
BRDA:106,6,1,0
BRDA:113,7,0,0
BRDA:113,7,1,0
BRDA:113,8,0,0
BRDA:113,8,1,0
BRDA:122,9,0,0
BRDA:122,9,1,0
BRDA:124,10,0,0
BRDA:124,10,1,0
BRDA:147,11,0,0
BRDA:147,11,1,0
BRDA:147,12,0,0
BRDA:147,12,1,0
BRDA:150,13,0,0
BRDA:150,13,1,0
BRDA:155,14,0,0
BRDA:155,14,1,0
BRDA:171,15,0,0
BRDA:171,15,1,0
BRDA:171,16,0,0
BRDA:171,16,1,0
BRDA:173,17,0,0
BRDA:173,17,1,0
BRDA:189,18,0,0
BRDA:189,18,1,0
BRDA:189,19,0,0
BRDA:189,19,1,0
BRDA:191,20,0,0
BRDA:191,20,1,0
BRDA:205,21,0,0
BRDA:205,21,1,0
BRDA:205,22,0,0
BRDA:205,22,1,0
BRDA:207,23,0,0
BRDA:207,23,1,0
BRDA:221,24,0,0
BRDA:221,24,1,0
BRDA:221,25,0,0
BRDA:221,25,1,0
BRDA:237,26,0,0
BRDA:237,26,1,0
BRDA:237,27,0,0
BRDA:237,27,1,0
BRDA:240,28,0,0
BRDA:240,28,1,0
BRDA:243,29,0,0
BRDA:243,29,1,0
BRDA:254,30,0,0
BRDA:254,30,1,0
BRDA:254,31,0,0
BRDA:254,31,1,0
BRDA:264,32,0,0
BRDA:264,32,1,0
BRDA:264,33,0,0
BRDA:264,33,1,0
BRDA:278,34,0,0
BRDA:278,34,1,0
BRDA:282,35,0,0
BRDA:282,35,1,0
BRDA:282,36,0,0
BRDA:282,36,1,0
BRDA:284,37,0,0
BRDA:284,37,1,0
BRDA:284,38,0,0
BRDA:284,38,1,0
BRDA:293,39,0,0
BRDA:293,39,1,0
BRDA:305,40,0,0
BRDA:305,40,1,0
BRDA:322,41,0,0
BRDA:322,41,1,0
BRDA:358,42,0,0
BRDA:358,42,1,0
BRDA:361,43,0,0
BRDA:361,43,1,0
BRDA:365,44,0,0
BRDA:365,44,1,0
BRDA:376,45,0,0
BRDA:376,45,1,0
BRDA:399,46,0,0
BRDA:399,46,1,0
BRDA:401,47,0,0
BRDA:401,47,1,0
BRDA:406,48,0,0
BRDA:406,48,1,0
BRDA:412,49,0,0
BRDA:412,49,1,0
BRDA:416,50,0,0
BRDA:416,50,1,0
BRDA:418,51,0,0
BRDA:418,51,1,0
BRDA:422,52,0,0
BRDA:422,52,1,0
BRDA:422,53,0,0
BRDA:422,53,1,0
BRDA:445,54,0,0
BRDA:445,54,1,0
BRDA:463,55,0,0
BRDA:463,55,1,0
BRDA:476,56,0,0
BRDA:476,56,1,0
BRDA:486,57,0,0
BRDA:486,57,1,0
BRDA:490,58,0,0
BRDA:490,58,1,0
BRDA:492,59,0,0
BRDA:492,59,1,0
BRDA:503,60,0,0
BRDA:503,60,1,0
BRDA:506,61,0,0
BRDA:506,61,1,0
BRDA:512,62,0,0
BRDA:512,62,1,0
BRDA:514,63,0,0
BRDA:514,63,1,0
BRDA:520,64,0,0
BRDA:520,64,1,0
BRDA:525,65,0,0
BRDA:525,65,1,0
BRDA:572,66,0,0
BRDA:572,66,1,0
BRF:134
BRH:0
end_of_record
TN:
SF:src/lib/consent-manager.ts
FN:41,(anonymous_1)
FN:61,(anonymous_2)
FN:86,(anonymous_3)
FN:93,(anonymous_4)
FN:101,(anonymous_5)
FN:127,(anonymous_6)
FN:139,(anonymous_7)
FN:151,(anonymous_8)
FN:158,(anonymous_9)
FN:167,(anonymous_10)
FN:171,(anonymous_11)
FN:179,(anonymous_12)
FN:189,(anonymous_13)
FN:197,(anonymous_14)
FN:201,(anonymous_15)
FN:208,(anonymous_16)
FN:212,(anonymous_17)
FN:221,(anonymous_18)
FN:238,(anonymous_19)
FN:252,(anonymous_20)
FN:269,(anonymous_21)
FN:275,(anonymous_22)
FN:299,(anonymous_23)
FN:317,(anonymous_24)
FN:354,(anonymous_25)
FN:355,(anonymous_26)
FN:364,(anonymous_27)
FN:369,(anonymous_28)
FN:376,(anonymous_29)
FN:386,(anonymous_30)
FN:391,(anonymous_31)
FN:416,(anonymous_32)
FN:421,(anonymous_33)
FN:426,(anonymous_34)
FN:433,(anonymous_35)
FN:496,(anonymous_36)
FN:498,(anonymous_37)
FN:501,(anonymous_38)
FN:510,(anonymous_39)
FN:513,(anonymous_40)
FN:517,(anonymous_41)
FN:523,(anonymous_42)
FN:713,(anonymous_43)
FN:722,(anonymous_44)
FN:729,(anonymous_45)
FN:730,(anonymous_46)
FN:739,(anonymous_47)
FN:757,(anonymous_48)
FNF:48
FNH:0
FNDA:0,(anonymous_1)
FNDA:0,(anonymous_2)
FNDA:0,(anonymous_3)
FNDA:0,(anonymous_4)
FNDA:0,(anonymous_5)
FNDA:0,(anonymous_6)
FNDA:0,(anonymous_7)
FNDA:0,(anonymous_8)
FNDA:0,(anonymous_9)
FNDA:0,(anonymous_10)
FNDA:0,(anonymous_11)
FNDA:0,(anonymous_12)
FNDA:0,(anonymous_13)
FNDA:0,(anonymous_14)
FNDA:0,(anonymous_15)
FNDA:0,(anonymous_16)
FNDA:0,(anonymous_17)
FNDA:0,(anonymous_18)
FNDA:0,(anonymous_19)
FNDA:0,(anonymous_20)
FNDA:0,(anonymous_21)
FNDA:0,(anonymous_22)
FNDA:0,(anonymous_23)
FNDA:0,(anonymous_24)
FNDA:0,(anonymous_25)
FNDA:0,(anonymous_26)
FNDA:0,(anonymous_27)
FNDA:0,(anonymous_28)
FNDA:0,(anonymous_29)
FNDA:0,(anonymous_30)
FNDA:0,(anonymous_31)
FNDA:0,(anonymous_32)
FNDA:0,(anonymous_33)
FNDA:0,(anonymous_34)
FNDA:0,(anonymous_35)
FNDA:0,(anonymous_36)
FNDA:0,(anonymous_37)
FNDA:0,(anonymous_38)
FNDA:0,(anonymous_39)
FNDA:0,(anonymous_40)
FNDA:0,(anonymous_41)
FNDA:0,(anonymous_42)
FNDA:0,(anonymous_43)
FNDA:0,(anonymous_44)
FNDA:0,(anonymous_45)
FNDA:0,(anonymous_46)
FNDA:0,(anonymous_47)
FNDA:0,(anonymous_48)
DA:6,0
DA:7,0
DA:37,0
DA:38,0
DA:39,0
DA:42,0
DA:52,0
DA:53,0
DA:54,0
DA:63,0
DA:65,0
DA:67,0
DA:68,0
DA:72,0
DA:74,0
DA:76,0
DA:79,0
DA:87,0
DA:94,0
DA:95,0
DA:102,0
DA:115,0
DA:116,0
DA:117,0
DA:118,0
DA:121,0
DA:128,0
DA:140,0
DA:152,0
DA:159,0
DA:160,0
DA:161,0
DA:168,0
DA:171,0
DA:172,0
DA:180,0
DA:183,0
DA:185,0
DA:186,0
DA:189,0
DA:190,0
DA:198,0
DA:199,0
DA:200,0
DA:201,0
DA:209,0
DA:210,0
DA:212,0
DA:213,0
DA:223,0
DA:224,0
DA:228,0
DA:229,0
DA:232,0
DA:233,0
DA:235,0
DA:239,0
DA:241,0
DA:242,0
DA:243,0
DA:244,0
DA:248,0
DA:253,0
DA:256,0
DA:263,0
DA:264,0
DA:266,0
DA:271,0
DA:272,0
DA:276,0
DA:278,0
DA:280,0
DA:281,0
DA:282,0
DA:283,0
DA:287,0
DA:288,0
DA:289,0
DA:290,0
DA:293,0
DA:296,0
DA:300,0
DA:302,0
DA:304,0
DA:307,0
DA:313,0
DA:319,0
DA:320,0
DA:328,0
DA:329,0
DA:333,0
DA:334,0
DA:344,0
DA:349,0
DA:350,0
DA:355,0
DA:356,0
DA:357,0
DA:359,0
DA:366,0
DA:367,0
DA:369,0
DA:377,0
DA:379,0
DA:380,0
DA:381,0
DA:383,0
DA:387,0
DA:388,0
DA:392,0
DA:393,0
DA:394,0
DA:395,0
DA:413,0
DA:416,0
DA:417,0
DA:418,0
DA:421,0
DA:422,0
DA:423,0
DA:426,0
DA:427,0
DA:430,0
DA:434,0
DA:442,0
DA:443,0
DA:444,0
DA:445,0
DA:496,0
DA:497,0
DA:498,0
DA:501,0
DA:502,0
DA:503,0
DA:504,0
DA:505,0
DA:507,0
DA:508,0
DA:509,0
DA:510,0
DA:513,0
DA:514,0
DA:515,0
DA:516,0
DA:517,0
DA:520,0
DA:524,0
DA:526,0
DA:527,0
DA:528,0
DA:710,0
DA:714,0
DA:715,0
DA:716,0
DA:717,0
DA:719,0
DA:723,0
DA:724,0
DA:725,0
DA:726,0
DA:730,0
DA:731,0
DA:732,0
DA:733,0
DA:734,0
DA:741,0
DA:742,0
DA:743,0
DA:744,0
DA:748,0
DA:753,0
DA:756,0
DA:757,0
DA:758,0
LF:174
LH:0
BRDA:52,0,0,0
BRDA:52,0,1,0
BRDA:65,1,0,0
BRDA:65,1,1,0
BRDA:74,2,0,0
BRDA:74,2,1,0
BRDA:74,3,0,0
BRDA:74,3,1,0
BRDA:74,3,2,0
BRDA:94,4,0,0
BRDA:94,4,1,0
BRDA:101,5,0,0
BRDA:105,6,0,0
BRDA:105,6,1,0
BRDA:106,7,0,0
BRDA:106,7,1,0
BRDA:107,8,0,0
BRDA:107,8,1,0
BRDA:108,9,0,0
BRDA:108,9,1,0
BRDA:180,10,0,0
BRDA:180,10,1,0
BRDA:183,11,0,0
BRDA:183,11,1,0
BRDA:199,12,0,0
BRDA:199,12,1,0
BRDA:223,13,0,0
BRDA:223,13,1,0
BRDA:229,14,0,0
BRDA:229,14,1,0
BRDA:233,15,0,0
BRDA:233,15,1,0
BRDA:242,16,0,0
BRDA:242,16,1,0
BRDA:244,17,0,0
BRDA:244,17,1,0
BRDA:253,18,0,0
BRDA:253,18,1,0
BRDA:276,19,0,0
BRDA:276,19,1,0
BRDA:281,20,0,0
BRDA:281,20,1,0
BRDA:288,21,0,0
BRDA:288,21,1,0
BRDA:300,22,0,0
BRDA:300,22,1,0
BRDA:319,23,0,0
BRDA:319,23,1,0
BRDA:328,24,0,0
BRDA:328,24,1,0
BRDA:333,25,0,0
BRDA:333,25,1,0
BRDA:335,26,0,0
BRDA:335,26,1,0
BRDA:336,27,0,0
BRDA:336,27,1,0
BRDA:337,28,0,0
BRDA:337,28,1,0
BRDA:338,29,0,0
BRDA:338,29,1,0
BRDA:349,30,0,0
BRDA:349,30,1,0
BRDA:366,31,0,0
BRDA:366,31,1,0
BRDA:366,32,0,0
BRDA:366,32,1,0
BRDA:377,33,0,0
BRDA:377,33,1,0
BRDA:387,34,0,0
BRDA:387,34,1,0
BRDA:434,35,0,0
BRDA:434,35,1,0
BRDA:461,36,0,0
BRDA:461,36,1,0
BRDA:468,37,0,0
BRDA:468,37,1,0
BRDA:475,38,0,0
BRDA:475,38,1,0
BRDA:482,39,0,0
BRDA:482,39,1,0
BRDA:524,40,0,0
BRDA:524,40,1,0
BRDA:716,41,0,0
BRDA:716,41,1,0
BRDA:717,42,0,0
BRDA:717,42,1,0
BRDA:732,43,0,0
BRDA:732,43,1,0
BRDA:733,44,0,0
BRDA:733,44,1,0
BRDA:743,45,0,0
BRDA:743,45,1,0
BRDA:756,46,0,0
BRDA:756,46,1,0
BRF:94
BRH:0
end_of_record
